        -:    0:Source:/home/coolbar/Desktop/tmp/lcc-4.1/lcc/x86.c
        -:    0:Graph:lcc/x86.gcno
        -:    0:Data:lcc/x86.gcda
        -:    0:Runs:1
        -:    0:Programs:1
        -:    1:enum { EAX=0, ECX=1, EDX=2, EBX=3, ESI=6, EDI=7 };
        -:    2:#include "c.h"
        -:    3:#define NODEPTR_TYPE Node
        -:    4:#define OP_LABEL(p) ((p)->op)
        -:    5:#define LEFT_CHILD(p) ((p)->kids[0])
        -:    6:#define RIGHT_CHILD(p) ((p)->kids[1])
        -:    7:#define STATE_LABEL(p) ((p)->x.state)
        -:    8:static void address(Symbol, Symbol, long);
        -:    9:static void blkfetch(int, int, int, int);
        -:   10:static void blkloop(int, int, int, int, int, int[]);
        -:   11:static void blkstore(int, int, int, int);
        -:   12:static void defaddress(Symbol);
        -:   13:static void defconst(int, int, Value);
        -:   14:static void defstring(int, char *);
        -:   15:static void defsymbol(Symbol);
        -:   16:static void doarg(Node);
        -:   17:static void emit2(Node);
        -:   18:static void export(Symbol);
        -:   19:static void clobber(Node);
        -:   20:static void function(Symbol, Symbol [], Symbol [], int);
        -:   21:static void global(Symbol);
        -:   22:static void import(Symbol);
        -:   23:static void local(Symbol);
        -:   24:static void progbeg(int, char **);
        -:   25:static void progend(void);
        -:   26:static void segment(int);
        -:   27:static void space(int);
        -:   28:static void target(Node);
        -:   29:extern int ckstack(Node, int);
        -:   30:extern int memop(Node);
        -:   31:extern int sametree(Node, Node);
        -:   32:static Symbol charreg[32], shortreg[32], intreg[32];
        -:   33:static Symbol fltreg[32];
        -:   34:
        -:   35:static Symbol charregw, shortregw, intregw, fltregw;
        -:   36:
        -:   37:static int cseg;
        -:   38:
        -:   39:static Symbol quo, rem;
        -:   40:
        -:   41:/*
        -:   42:generated at Tue Dec 13 00:36:42 2011
        -:   43:by $Id: lburg.c,v 2.8 1997/10/30 23:41:10 drh Exp $
        -:   44:*/
        -:   45:static void _kids(NODEPTR_TYPE, int, NODEPTR_TYPE[]);
        -:   46:static void _label(NODEPTR_TYPE);
        -:   47:static int _rule(void*, int);
        -:   48:
        -:   49:#define _stmt_NT 1
        -:   50:#define _reg_NT 2
        -:   51:#define _con_NT 3
        -:   52:#define _acon_NT 4
        -:   53:#define _base_NT 5
        -:   54:#define _index_NT 6
        -:   55:#define _con1_NT 7
        -:   56:#define _con2_NT 8
        -:   57:#define _con3_NT 9
        -:   58:#define _addr_NT 10
        -:   59:#define _mem_NT 11
        -:   60:#define _rc_NT 12
        -:   61:#define _mr_NT 13
        -:   62:#define _mrc0_NT 14
        -:   63:#define _mrc1_NT 15
        -:   64:#define _mrc3_NT 16
        -:   65:#define _con5_NT 17
        -:   66:#define _memf_NT 18
        -:   67:#define _flt_NT 19
        -:   68:#define _addrj_NT 20
        -:   69:#define _cmpf_NT 21
        -:   70:
        -:   71:static char *_ntname[] = {
        -:   72:	0,
        -:   73:	"stmt",
        -:   74:	"reg",
        -:   75:	"con",
        -:   76:	"acon",
        -:   77:	"base",
        -:   78:	"index",
        -:   79:	"con1",
        -:   80:	"con2",
        -:   81:	"con3",
        -:   82:	"addr",
        -:   83:	"mem",
        -:   84:	"rc",
        -:   85:	"mr",
        -:   86:	"mrc0",
        -:   87:	"mrc1",
        -:   88:	"mrc3",
        -:   89:	"con5",
        -:   90:	"memf",
        -:   91:	"flt",
        -:   92:	"addrj",
        -:   93:	"cmpf",
        -:   94:	0
        -:   95:};
        -:   96:
        -:   97:struct _state {
        -:   98:	short cost[22];
        -:   99:	struct {
        -:  100:		unsigned int _stmt:7;
        -:  101:		unsigned int _reg:7;
        -:  102:		unsigned int _con:4;
        -:  103:		unsigned int _acon:2;
        -:  104:		unsigned int _base:3;
        -:  105:		unsigned int _index:3;
        -:  106:		unsigned int _con1:2;
        -:  107:		unsigned int _con2:2;
        -:  108:		unsigned int _con3:2;
        -:  109:		unsigned int _addr:3;
        -:  110:		unsigned int _mem:3;
        -:  111:		unsigned int _rc:2;
        -:  112:		unsigned int _mr:2;
        -:  113:		unsigned int _mrc0:2;
        -:  114:		unsigned int _mrc1:2;
        -:  115:		unsigned int _mrc3:2;
        -:  116:		unsigned int _con5:1;
        -:  117:		unsigned int _memf:2;
        -:  118:		unsigned int _flt:2;
        -:  119:		unsigned int _addrj:2;
        -:  120:		unsigned int _cmpf:2;
        -:  121:	} rule;
        -:  122:};
        -:  123:
        -:  124:static short _nts_0[] = { 0 };
        -:  125:static short _nts_1[] = { _reg_NT, 0 };
        -:  126:static short _nts_2[] = { _con_NT, 0 };
        -:  127:static short _nts_3[] = { _reg_NT, _acon_NT, 0 };
        -:  128:static short _nts_4[] = { _reg_NT, _con1_NT, 0 };
        -:  129:static short _nts_5[] = { _reg_NT, _con2_NT, 0 };
        -:  130:static short _nts_6[] = { _reg_NT, _con3_NT, 0 };
        -:  131:static short _nts_7[] = { _base_NT, 0 };
        -:  132:static short _nts_8[] = { _index_NT, _base_NT, 0 };
        -:  133:static short _nts_9[] = { _index_NT, 0 };
        -:  134:static short _nts_10[] = { _addr_NT, 0 };
        -:  135:static short _nts_11[] = { _mem_NT, 0 };
        -:  136:static short _nts_12[] = { _rc_NT, 0 };
        -:  137:static short _nts_13[] = { _mrc0_NT, 0 };
        -:  138:static short _nts_14[] = { _reg_NT, _mrc1_NT, 0 };
        -:  139:static short _nts_15[] = { _addr_NT, _mem_NT, _con1_NT, 0 };
        -:  140:static short _nts_16[] = { _addr_NT, _mem_NT, _rc_NT, 0 };
        -:  141:static short _nts_17[] = { _addr_NT, _mem_NT, 0 };
        -:  142:static short _nts_18[] = { _reg_NT, _con5_NT, 0 };
        -:  143:static short _nts_19[] = { _addr_NT, _mem_NT, _con5_NT, 0 };
        -:  144:static short _nts_20[] = { _reg_NT, _reg_NT, 0 };
        -:  145:static short _nts_21[] = { _reg_NT, _mrc3_NT, 0 };
        -:  146:static short _nts_22[] = { _con_NT, _mr_NT, 0 };
        -:  147:static short _nts_23[] = { _reg_NT, _mr_NT, 0 };
        -:  148:static short _nts_24[] = { _addr_NT, _rc_NT, 0 };
        -:  149:static short _nts_25[] = { _mrc3_NT, 0 };
        -:  150:static short _nts_26[] = { _memf_NT, 0 };
        -:  151:static short _nts_27[] = { _addr_NT, _reg_NT, 0 };
        -:  152:static short _nts_28[] = { _reg_NT, _flt_NT, 0 };
        -:  153:static short _nts_29[] = { _addrj_NT, 0 };
        -:  154:static short _nts_30[] = { _mem_NT, _rc_NT, 0 };
        -:  155:static short _nts_31[] = { _cmpf_NT, _reg_NT, 0 };
        -:  156:
        -:  157:static short *_nts[] = {
        -:  158:	0,	/* 0 */
        -:  159:	_nts_0,	/* 1 */
        -:  160:	_nts_0,	/* 2 */
        -:  161:	_nts_0,	/* 3 */
        -:  162:	_nts_0,	/* 4 */
        -:  163:	_nts_0,	/* 5 */
        -:  164:	_nts_0,	/* 6 */
        -:  165:	_nts_0,	/* 7 */
        -:  166:	_nts_0,	/* 8 */
        -:  167:	_nts_0,	/* 9 */
        -:  168:	_nts_0,	/* 10 */
        -:  169:	_nts_0,	/* 11 */
        -:  170:	_nts_0,	/* 12 */
        -:  171:	_nts_1,	/* 13 */
        -:  172:	_nts_1,	/* 14 */
        -:  173:	_nts_1,	/* 15 */
        -:  174:	_nts_1,	/* 16 */
        -:  175:	_nts_1,	/* 17 */
        -:  176:	_nts_1,	/* 18 */
        -:  177:	_nts_1,	/* 19 */
        -:  178:	_nts_1,	/* 20 */
        -:  179:	_nts_1,	/* 21 */
        -:  180:	_nts_1,	/* 22 */
        -:  181:	_nts_1,	/* 23 */
        -:  182:	_nts_1,	/* 24 */
        -:  183:	_nts_0,	/* 25 */
        -:  184:	_nts_0,	/* 26 */
        -:  185:	_nts_0,	/* 27 */
        -:  186:	_nts_0,	/* 28 */
        -:  187:	_nts_0,	/* 29 */
        -:  188:	_nts_0,	/* 30 */
        -:  189:	_nts_0,	/* 31 */
        -:  190:	_nts_0,	/* 32 */
        -:  191:	_nts_0,	/* 33 */
        -:  192:	_nts_0,	/* 34 */
        -:  193:	_nts_1,	/* 35 */
        -:  194:	_nts_0,	/* 36 */
        -:  195:	_nts_2,	/* 37 */
        -:  196:	_nts_0,	/* 38 */
        -:  197:	_nts_1,	/* 39 */
        -:  198:	_nts_3,	/* 40 */
        -:  199:	_nts_3,	/* 41 */
        -:  200:	_nts_3,	/* 42 */
        -:  201:	_nts_0,	/* 43 */
        -:  202:	_nts_0,	/* 44 */
        -:  203:	_nts_1,	/* 45 */
        -:  204:	_nts_4,	/* 46 */
        -:  205:	_nts_5,	/* 47 */
        -:  206:	_nts_6,	/* 48 */
        -:  207:	_nts_0,	/* 49 */
        -:  208:	_nts_0,	/* 50 */
        -:  209:	_nts_0,	/* 51 */
        -:  210:	_nts_0,	/* 52 */
        -:  211:	_nts_0,	/* 53 */
        -:  212:	_nts_0,	/* 54 */
        -:  213:	_nts_4,	/* 55 */
        -:  214:	_nts_5,	/* 56 */
        -:  215:	_nts_6,	/* 57 */
        -:  216:	_nts_7,	/* 58 */
        -:  217:	_nts_8,	/* 59 */
        -:  218:	_nts_8,	/* 60 */
        -:  219:	_nts_8,	/* 61 */
        -:  220:	_nts_9,	/* 62 */
        -:  221:	_nts_10,	/* 63 */
        -:  222:	_nts_10,	/* 64 */
        -:  223:	_nts_10,	/* 65 */
        -:  224:	_nts_10,	/* 66 */
        -:  225:	_nts_10,	/* 67 */
        -:  226:	_nts_10,	/* 68 */
        -:  227:	_nts_10,	/* 69 */
        -:  228:	_nts_1,	/* 70 */
        -:  229:	_nts_2,	/* 71 */
        -:  230:	_nts_1,	/* 72 */
        -:  231:	_nts_11,	/* 73 */
        -:  232:	_nts_11,	/* 74 */
        -:  233:	_nts_12,	/* 75 */
        -:  234:	_nts_11,	/* 76 */
        -:  235:	_nts_12,	/* 77 */
        -:  236:	_nts_11,	/* 78 */
        -:  237:	_nts_12,	/* 79 */
        -:  238:	_nts_10,	/* 80 */
        -:  239:	_nts_13,	/* 81 */
        -:  240:	_nts_1,	/* 82 */
        -:  241:	_nts_1,	/* 83 */
        -:  242:	_nts_1,	/* 84 */
        -:  243:	_nts_1,	/* 85 */
        -:  244:	_nts_1,	/* 86 */
        -:  245:	_nts_1,	/* 87 */
        -:  246:	_nts_1,	/* 88 */
        -:  247:	_nts_14,	/* 89 */
        -:  248:	_nts_14,	/* 90 */
        -:  249:	_nts_14,	/* 91 */
        -:  250:	_nts_14,	/* 92 */
        -:  251:	_nts_14,	/* 93 */
        -:  252:	_nts_14,	/* 94 */
        -:  253:	_nts_14,	/* 95 */
        -:  254:	_nts_14,	/* 96 */
        -:  255:	_nts_14,	/* 97 */
        -:  256:	_nts_14,	/* 98 */
        -:  257:	_nts_14,	/* 99 */
        -:  258:	_nts_14,	/* 100 */
        -:  259:	_nts_15,	/* 101 */
        -:  260:	_nts_15,	/* 102 */
        -:  261:	_nts_15,	/* 103 */
        -:  262:	_nts_15,	/* 104 */
        -:  263:	_nts_15,	/* 105 */
        -:  264:	_nts_15,	/* 106 */
        -:  265:	_nts_16,	/* 107 */
        -:  266:	_nts_16,	/* 108 */
        -:  267:	_nts_16,	/* 109 */
        -:  268:	_nts_16,	/* 110 */
        -:  269:	_nts_16,	/* 111 */
        -:  270:	_nts_16,	/* 112 */
        -:  271:	_nts_16,	/* 113 */
        -:  272:	_nts_16,	/* 114 */
        -:  273:	_nts_16,	/* 115 */
        -:  274:	_nts_16,	/* 116 */
        -:  275:	_nts_1,	/* 117 */
        -:  276:	_nts_1,	/* 118 */
        -:  277:	_nts_1,	/* 119 */
        -:  278:	_nts_17,	/* 120 */
        -:  279:	_nts_17,	/* 121 */
        -:  280:	_nts_17,	/* 122 */
        -:  281:	_nts_18,	/* 123 */
        -:  282:	_nts_18,	/* 124 */
        -:  283:	_nts_18,	/* 125 */
        -:  284:	_nts_18,	/* 126 */
        -:  285:	_nts_19,	/* 127 */
        -:  286:	_nts_19,	/* 128 */
        -:  287:	_nts_19,	/* 129 */
        -:  288:	_nts_19,	/* 130 */
        -:  289:	_nts_0,	/* 131 */
        -:  290:	_nts_20,	/* 132 */
        -:  291:	_nts_20,	/* 133 */
        -:  292:	_nts_20,	/* 134 */
        -:  293:	_nts_20,	/* 135 */
        -:  294:	_nts_21,	/* 136 */
        -:  295:	_nts_22,	/* 137 */
        -:  296:	_nts_23,	/* 138 */
        -:  297:	_nts_20,	/* 139 */
        -:  298:	_nts_20,	/* 140 */
        -:  299:	_nts_20,	/* 141 */
        -:  300:	_nts_20,	/* 142 */
        -:  301:	_nts_1,	/* 143 */
        -:  302:	_nts_1,	/* 144 */
        -:  303:	_nts_10,	/* 145 */
        -:  304:	_nts_10,	/* 146 */
        -:  305:	_nts_10,	/* 147 */
        -:  306:	_nts_10,	/* 148 */
        -:  307:	_nts_1,	/* 149 */
        -:  308:	_nts_1,	/* 150 */
        -:  309:	_nts_1,	/* 151 */
        -:  310:	_nts_1,	/* 152 */
        -:  311:	_nts_1,	/* 153 */
        -:  312:	_nts_1,	/* 154 */
        -:  313:	_nts_1,	/* 155 */
        -:  314:	_nts_1,	/* 156 */
        -:  315:	_nts_24,	/* 157 */
        -:  316:	_nts_24,	/* 158 */
        -:  317:	_nts_24,	/* 159 */
        -:  318:	_nts_24,	/* 160 */
        -:  319:	_nts_24,	/* 161 */
        -:  320:	_nts_24,	/* 162 */
        -:  321:	_nts_24,	/* 163 */
        -:  322:	_nts_25,	/* 164 */
        -:  323:	_nts_25,	/* 165 */
        -:  324:	_nts_25,	/* 166 */
        -:  325:	_nts_20,	/* 167 */
        -:  326:	_nts_1,	/* 168 */
        -:  327:	_nts_10,	/* 169 */
        -:  328:	_nts_10,	/* 170 */
        -:  329:	_nts_10,	/* 171 */
        -:  330:	_nts_26,	/* 172 */
        -:  331:	_nts_27,	/* 173 */
        -:  332:	_nts_27,	/* 174 */
        -:  333:	_nts_27,	/* 175 */
        -:  334:	_nts_1,	/* 176 */
        -:  335:	_nts_1,	/* 177 */
        -:  336:	_nts_1,	/* 178 */
        -:  337:	_nts_1,	/* 179 */
        -:  338:	_nts_26,	/* 180 */
        -:  339:	_nts_1,	/* 181 */
        -:  340:	_nts_28,	/* 182 */
        -:  341:	_nts_28,	/* 183 */
        -:  342:	_nts_28,	/* 184 */
        -:  343:	_nts_28,	/* 185 */
        -:  344:	_nts_28,	/* 186 */
        -:  345:	_nts_28,	/* 187 */
        -:  346:	_nts_28,	/* 188 */
        -:  347:	_nts_28,	/* 189 */
        -:  348:	_nts_1,	/* 190 */
        -:  349:	_nts_1,	/* 191 */
        -:  350:	_nts_1,	/* 192 */
        -:  351:	_nts_10,	/* 193 */
        -:  352:	_nts_1,	/* 194 */
        -:  353:	_nts_1,	/* 195 */
        -:  354:	_nts_0,	/* 196 */
        -:  355:	_nts_1,	/* 197 */
        -:  356:	_nts_11,	/* 198 */
        -:  357:	_nts_29,	/* 199 */
        -:  358:	_nts_0,	/* 200 */
        -:  359:	_nts_30,	/* 201 */
        -:  360:	_nts_30,	/* 202 */
        -:  361:	_nts_30,	/* 203 */
        -:  362:	_nts_30,	/* 204 */
        -:  363:	_nts_30,	/* 205 */
        -:  364:	_nts_30,	/* 206 */
        -:  365:	_nts_30,	/* 207 */
        -:  366:	_nts_30,	/* 208 */
        -:  367:	_nts_30,	/* 209 */
        -:  368:	_nts_30,	/* 210 */
        -:  369:	_nts_14,	/* 211 */
        -:  370:	_nts_14,	/* 212 */
        -:  371:	_nts_14,	/* 213 */
        -:  372:	_nts_14,	/* 214 */
        -:  373:	_nts_14,	/* 215 */
        -:  374:	_nts_14,	/* 216 */
        -:  375:	_nts_14,	/* 217 */
        -:  376:	_nts_14,	/* 218 */
        -:  377:	_nts_14,	/* 219 */
        -:  378:	_nts_14,	/* 220 */
        -:  379:	_nts_14,	/* 221 */
        -:  380:	_nts_14,	/* 222 */
        -:  381:	_nts_26,	/* 223 */
        -:  382:	_nts_1,	/* 224 */
        -:  383:	_nts_31,	/* 225 */
        -:  384:	_nts_31,	/* 226 */
        -:  385:	_nts_31,	/* 227 */
        -:  386:	_nts_31,	/* 228 */
        -:  387:	_nts_31,	/* 229 */
        -:  388:	_nts_31,	/* 230 */
        -:  389:	_nts_31,	/* 231 */
        -:  390:	_nts_31,	/* 232 */
        -:  391:	_nts_31,	/* 233 */
        -:  392:	_nts_31,	/* 234 */
        -:  393:	_nts_31,	/* 235 */
        -:  394:	_nts_31,	/* 236 */
        -:  395:	_nts_29,	/* 237 */
        -:  396:	_nts_29,	/* 238 */
        -:  397:	_nts_29,	/* 239 */
        -:  398:	_nts_29,	/* 240 */
        -:  399:	_nts_29,	/* 241 */
        -:  400:	_nts_29,	/* 242 */
        -:  401:	_nts_29,	/* 243 */
        -:  402:	_nts_29,	/* 244 */
        -:  403:	_nts_1,	/* 245 */
        -:  404:	_nts_1,	/* 246 */
        -:  405:	_nts_1,	/* 247 */
        -:  406:	_nts_1,	/* 248 */
        -:  407:	_nts_1,	/* 249 */
        -:  408:};
        -:  409:
        -:  410:static char *_templates[] = {
        -:  411:/* 0 */	0,
        -:  412:/* 1 */	"# read register\n",	/* reg: INDIRI1(VREGP) */
        -:  413:/* 2 */	"# read register\n",	/* reg: INDIRU1(VREGP) */
        -:  414:/* 3 */	"# read register\n",	/* reg: INDIRI2(VREGP) */
        -:  415:/* 4 */	"# read register\n",	/* reg: INDIRU2(VREGP) */
        -:  416:/* 5 */	"# read register\n",	/* reg: INDIRF4(VREGP) */
        -:  417:/* 6 */	"# read register\n",	/* reg: INDIRI4(VREGP) */
        -:  418:/* 7 */	"# read register\n",	/* reg: INDIRP4(VREGP) */
        -:  419:/* 8 */	"# read register\n",	/* reg: INDIRU4(VREGP) */
        -:  420:/* 9 */	"# read register\n",	/* reg: INDIRF8(VREGP) */
        -:  421:/* 10 */	"# read register\n",	/* reg: INDIRI8(VREGP) */
        -:  422:/* 11 */	"# read register\n",	/* reg: INDIRP8(VREGP) */
        -:  423:/* 12 */	"# read register\n",	/* reg: INDIRU8(VREGP) */
        -:  424:/* 13 */	"# write register\n",	/* stmt: ASGNI1(VREGP,reg) */
        -:  425:/* 14 */	"# write register\n",	/* stmt: ASGNU1(VREGP,reg) */
        -:  426:/* 15 */	"# write register\n",	/* stmt: ASGNI2(VREGP,reg) */
        -:  427:/* 16 */	"# write register\n",	/* stmt: ASGNU2(VREGP,reg) */
        -:  428:/* 17 */	"# write register\n",	/* stmt: ASGNF4(VREGP,reg) */
        -:  429:/* 18 */	"# write register\n",	/* stmt: ASGNI4(VREGP,reg) */
        -:  430:/* 19 */	"# write register\n",	/* stmt: ASGNP4(VREGP,reg) */
        -:  431:/* 20 */	"# write register\n",	/* stmt: ASGNU4(VREGP,reg) */
        -:  432:/* 21 */	"# write register\n",	/* stmt: ASGNF8(VREGP,reg) */
        -:  433:/* 22 */	"# write register\n",	/* stmt: ASGNI8(VREGP,reg) */
        -:  434:/* 23 */	"# write register\n",	/* stmt: ASGNP8(VREGP,reg) */
        -:  435:/* 24 */	"# write register\n",	/* stmt: ASGNU8(VREGP,reg) */
        -:  436:/* 25 */	"%a",	/* con: CNSTI1 */
        -:  437:/* 26 */	"%a",	/* con: CNSTU1 */
        -:  438:/* 27 */	"%a",	/* con: CNSTI2 */
        -:  439:/* 28 */	"%a",	/* con: CNSTU2 */
        -:  440:/* 29 */	"%a",	/* con: CNSTI4 */
        -:  441:/* 30 */	"%a",	/* con: CNSTU4 */
        -:  442:/* 31 */	"%a",	/* con: CNSTP4 */
        -:  443:/* 32 */	"%a",	/* con: CNSTI8 */
        -:  444:/* 33 */	"%a",	/* con: CNSTU8 */
        -:  445:/* 34 */	"%a",	/* con: CNSTP8 */
        -:  446:/* 35 */	"",	/* stmt: reg */
        -:  447:/* 36 */	"(%a)",	/* acon: ADDRGP4 */
        -:  448:/* 37 */	"(%0)",	/* acon: con */
        -:  449:/* 38 */	"(%a)",	/* base: ADDRGP4 */
        -:  450:/* 39 */	"[%0]",	/* base: reg */
        -:  451:/* 40 */	"%1[%0]",	/* base: ADDI4(reg,acon) */
        -:  452:/* 41 */	"%1[%0]",	/* base: ADDP4(reg,acon) */
        -:  453:/* 42 */	"%1[%0]",	/* base: ADDU4(reg,acon) */
        -:  454:/* 43 */	"(%a)[ebp]",	/* base: ADDRFP4 */
        -:  455:/* 44 */	"(%a)[ebp]",	/* base: ADDRLP4 */
        -:  456:/* 45 */	"%0",	/* index: reg */
        -:  457:/* 46 */	"%0*2",	/* index: LSHI4(reg,con1) */
        -:  458:/* 47 */	"%0*4",	/* index: LSHI4(reg,con2) */
        -:  459:/* 48 */	"%0*8",	/* index: LSHI4(reg,con3) */
        -:  460:/* 49 */	"1",	/* con1: CNSTI4 */
        -:  461:/* 50 */	"1",	/* con1: CNSTU4 */
        -:  462:/* 51 */	"2",	/* con2: CNSTI4 */
        -:  463:/* 52 */	"2",	/* con2: CNSTU4 */
        -:  464:/* 53 */	"3",	/* con3: CNSTI4 */
        -:  465:/* 54 */	"3",	/* con3: CNSTU4 */
        -:  466:/* 55 */	"%0*2",	/* index: LSHU4(reg,con1) */
        -:  467:/* 56 */	"%0*4",	/* index: LSHU4(reg,con2) */
        -:  468:/* 57 */	"%0*8",	/* index: LSHU4(reg,con3) */
        -:  469:/* 58 */	"%0",	/* addr: base */
        -:  470:/* 59 */	"%1[%0]",	/* addr: ADDI4(index,base) */
        -:  471:/* 60 */	"%1[%0]",	/* addr: ADDP4(index,base) */
        -:  472:/* 61 */	"%1[%0]",	/* addr: ADDU4(index,base) */
        -:  473:/* 62 */	"[%0]",	/* addr: index */
        -:  474:/* 63 */	"byte ptr %0",	/* mem: INDIRI1(addr) */
        -:  475:/* 64 */	"word ptr %0",	/* mem: INDIRI2(addr) */
        -:  476:/* 65 */	"dword ptr %0",	/* mem: INDIRI4(addr) */
        -:  477:/* 66 */	"byte ptr %0",	/* mem: INDIRU1(addr) */
        -:  478:/* 67 */	"word ptr %0",	/* mem: INDIRU2(addr) */
        -:  479:/* 68 */	"dword ptr %0",	/* mem: INDIRU4(addr) */
        -:  480:/* 69 */	"dword ptr %0",	/* mem: INDIRP4(addr) */
        -:  481:/* 70 */	"%0",	/* rc: reg */
        -:  482:/* 71 */	"%0",	/* rc: con */
        -:  483:/* 72 */	"%0",	/* mr: reg */
        -:  484:/* 73 */	"%0",	/* mr: mem */
        -:  485:/* 74 */	"%0",	/* mrc0: mem */
        -:  486:/* 75 */	"%0",	/* mrc0: rc */
        -:  487:/* 76 */	"%0",	/* mrc1: mem */
        -:  488:/* 77 */	"%0",	/* mrc1: rc */
        -:  489:/* 78 */	"%0",	/* mrc3: mem */
        -:  490:/* 79 */	"%0",	/* mrc3: rc */
        -:  491:/* 80 */	"lea %c,%0\n",	/* reg: addr */
        -:  492:/* 81 */	"mov %c,%0\n",	/* reg: mrc0 */
        -:  493:/* 82 */	"# move\n",	/* reg: LOADI1(reg) */
        -:  494:/* 83 */	"# move\n",	/* reg: LOADI2(reg) */
        -:  495:/* 84 */	"# move\n",	/* reg: LOADI4(reg) */
        -:  496:/* 85 */	"# move\n",	/* reg: LOADU1(reg) */
        -:  497:/* 86 */	"# move\n",	/* reg: LOADU2(reg) */
        -:  498:/* 87 */	"# move\n",	/* reg: LOADU4(reg) */
        -:  499:/* 88 */	"# move\n",	/* reg: LOADP4(reg) */
        -:  500:/* 89 */	"?mov %c,%0\nadd %c,%1\n",	/* reg: ADDI4(reg,mrc1) */
        -:  501:/* 90 */	"?mov %c,%0\nadd %c,%1\n",	/* reg: ADDP4(reg,mrc1) */
        -:  502:/* 91 */	"?mov %c,%0\nadd %c,%1\n",	/* reg: ADDU4(reg,mrc1) */
        -:  503:/* 92 */	"?mov %c,%0\nsub %c,%1\n",	/* reg: SUBI4(reg,mrc1) */
        -:  504:/* 93 */	"?mov %c,%0\nsub %c,%1\n",	/* reg: SUBP4(reg,mrc1) */
        -:  505:/* 94 */	"?mov %c,%0\nsub %c,%1\n",	/* reg: SUBU4(reg,mrc1) */
        -:  506:/* 95 */	"?mov %c,%0\nand %c,%1\n",	/* reg: BANDI4(reg,mrc1) */
        -:  507:/* 96 */	"?mov %c,%0\nor %c,%1\n",	/* reg: BORI4(reg,mrc1) */
        -:  508:/* 97 */	"?mov %c,%0\nxor %c,%1\n",	/* reg: BXORI4(reg,mrc1) */
        -:  509:/* 98 */	"?mov %c,%0\nand %c,%1\n",	/* reg: BANDU4(reg,mrc1) */
        -:  510:/* 99 */	"?mov %c,%0\nor %c,%1\n",	/* reg: BORU4(reg,mrc1) */
        -:  511:/* 100 */	"?mov %c,%0\nxor %c,%1\n",	/* reg: BXORU4(reg,mrc1) */
        -:  512:/* 101 */	"inc %1\n",	/* stmt: ASGNI4(addr,ADDI4(mem,con1)) */
        -:  513:/* 102 */	"inc %1\n",	/* stmt: ASGNI4(addr,ADDU4(mem,con1)) */
        -:  514:/* 103 */	"inc %1\n",	/* stmt: ASGNP4(addr,ADDP4(mem,con1)) */
        -:  515:/* 104 */	"dec %1\n",	/* stmt: ASGNI4(addr,SUBI4(mem,con1)) */
        -:  516:/* 105 */	"dec %1\n",	/* stmt: ASGNI4(addr,SUBU4(mem,con1)) */
        -:  517:/* 106 */	"dec %1\n",	/* stmt: ASGNP4(addr,SUBP4(mem,con1)) */
        -:  518:/* 107 */	"add %1,%2\n",	/* stmt: ASGNI4(addr,ADDI4(mem,rc)) */
        -:  519:/* 108 */	"sub %1,%2\n",	/* stmt: ASGNI4(addr,SUBI4(mem,rc)) */
        -:  520:/* 109 */	"add %1,%2\n",	/* stmt: ASGNU4(addr,ADDU4(mem,rc)) */
        -:  521:/* 110 */	"sub %1,%2\n",	/* stmt: ASGNU4(addr,SUBU4(mem,rc)) */
        -:  522:/* 111 */	"and %1,%2\n",	/* stmt: ASGNI4(addr,BANDI4(mem,rc)) */
        -:  523:/* 112 */	"or %1,%2\n",	/* stmt: ASGNI4(addr,BORI4(mem,rc)) */
        -:  524:/* 113 */	"xor %1,%2\n",	/* stmt: ASGNI4(addr,BXORI4(mem,rc)) */
        -:  525:/* 114 */	"and %1,%2\n",	/* stmt: ASGNU4(addr,BANDU4(mem,rc)) */
        -:  526:/* 115 */	"or %1,%2\n",	/* stmt: ASGNU4(addr,BORU4(mem,rc)) */
        -:  527:/* 116 */	"xor %1,%2\n",	/* stmt: ASGNU4(addr,BXORU4(mem,rc)) */
        -:  528:/* 117 */	"?mov %c,%0\nnot %c\n",	/* reg: BCOMI4(reg) */
        -:  529:/* 118 */	"?mov %c,%0\nnot %c\n",	/* reg: BCOMU4(reg) */
        -:  530:/* 119 */	"?mov %c,%0\nneg %c\n",	/* reg: NEGI4(reg) */
        -:  531:/* 120 */	"not %1\n",	/* stmt: ASGNI4(addr,BCOMI4(mem)) */
        -:  532:/* 121 */	"not %1\n",	/* stmt: ASGNU4(addr,BCOMU4(mem)) */
        -:  533:/* 122 */	"neg %1\n",	/* stmt: ASGNI4(addr,NEGI4(mem)) */
        -:  534:/* 123 */	"?mov %c,%0\nsal %c,%1\n",	/* reg: LSHI4(reg,con5) */
        -:  535:/* 124 */	"?mov %c,%0\nshl %c,%1\n",	/* reg: LSHU4(reg,con5) */
        -:  536:/* 125 */	"?mov %c,%0\nsar %c,%1\n",	/* reg: RSHI4(reg,con5) */
        -:  537:/* 126 */	"?mov %c,%0\nshr %c,%1\n",	/* reg: RSHU4(reg,con5) */
        -:  538:/* 127 */	"sal %1,%2\n",	/* stmt: ASGNI4(addr,LSHI4(mem,con5)) */
        -:  539:/* 128 */	"shl %1,%2\n",	/* stmt: ASGNI4(addr,LSHU4(mem,con5)) */
        -:  540:/* 129 */	"sar %1,%2\n",	/* stmt: ASGNI4(addr,RSHI4(mem,con5)) */
        -:  541:/* 130 */	"shr %1,%2\n",	/* stmt: ASGNI4(addr,RSHU4(mem,con5)) */
        -:  542:/* 131 */	"%a",	/* con5: CNSTI4 */
        -:  543:/* 132 */	"?mov %c,%0\nmov ecx,%1\nsal %c,cl\n",	/* reg: LSHI4(reg,reg) */
        -:  544:/* 133 */	"?mov %c,%0\nmov ecx,%1\nshl %c,cl\n",	/* reg: LSHU4(reg,reg) */
        -:  545:/* 134 */	"?mov %c,%0\nmov ecx,%1\nsar %c,cl\n",	/* reg: RSHI4(reg,reg) */
        -:  546:/* 135 */	"?mov %c,%0\nmov ecx,%1\nshr %c,cl\n",	/* reg: RSHU4(reg,reg) */
        -:  547:/* 136 */	"?mov %c,%0\nimul %c,%1\n",	/* reg: MULI4(reg,mrc3) */
        -:  548:/* 137 */	"imul %c,%1,%0\n",	/* reg: MULI4(con,mr) */
        -:  549:/* 138 */	"mul %1\n",	/* reg: MULU4(reg,mr) */
        -:  550:/* 139 */	"xor edx,edx\ndiv %1\n",	/* reg: DIVU4(reg,reg) */
        -:  551:/* 140 */	"xor edx,edx\ndiv %1\n",	/* reg: MODU4(reg,reg) */
        -:  552:/* 141 */	"cdq\nidiv %1\n",	/* reg: DIVI4(reg,reg) */
        -:  553:/* 142 */	"cdq\nidiv %1\n",	/* reg: MODI4(reg,reg) */
        -:  554:/* 143 */	"mov %c,%0\n",	/* reg: CVPU4(reg) */
        -:  555:/* 144 */	"mov %c,%0\n",	/* reg: CVUP4(reg) */
        -:  556:/* 145 */	"movsx %c,byte ptr %0\n",	/* reg: CVII4(INDIRI1(addr)) */
        -:  557:/* 146 */	"movsx %c,word ptr %0\n",	/* reg: CVII4(INDIRI2(addr)) */
        -:  558:/* 147 */	"movzx %c,byte ptr %0\n",	/* reg: CVUU4(INDIRU1(addr)) */
        -:  559:/* 148 */	"movzx %c,word ptr %0\n",	/* reg: CVUU4(INDIRU2(addr)) */
        -:  560:/* 149 */	"# extend\n",	/* reg: CVII4(reg) */
        -:  561:/* 150 */	"# extend\n",	/* reg: CVIU4(reg) */
        -:  562:/* 151 */	"# extend\n",	/* reg: CVUI4(reg) */
        -:  563:/* 152 */	"# extend\n",	/* reg: CVUU4(reg) */
        -:  564:/* 153 */	"# truncate\n",	/* reg: CVII1(reg) */
        -:  565:/* 154 */	"# truncate\n",	/* reg: CVII2(reg) */
        -:  566:/* 155 */	"# truncate\n",	/* reg: CVUU1(reg) */
        -:  567:/* 156 */	"# truncate\n",	/* reg: CVUU2(reg) */
        -:  568:/* 157 */	"mov byte ptr %0,%1\n",	/* stmt: ASGNI1(addr,rc) */
        -:  569:/* 158 */	"mov word ptr %0,%1\n",	/* stmt: ASGNI2(addr,rc) */
        -:  570:/* 159 */	"mov dword ptr %0,%1\n",	/* stmt: ASGNI4(addr,rc) */
        -:  571:/* 160 */	"mov byte ptr %0,%1\n",	/* stmt: ASGNU1(addr,rc) */
        -:  572:/* 161 */	"mov word ptr %0,%1\n",	/* stmt: ASGNU2(addr,rc) */
        -:  573:/* 162 */	"mov dword ptr %0,%1\n",	/* stmt: ASGNU4(addr,rc) */
        -:  574:/* 163 */	"mov dword ptr %0,%1\n",	/* stmt: ASGNP4(addr,rc) */
        -:  575:/* 164 */	"push %0\n",	/* stmt: ARGI4(mrc3) */
        -:  576:/* 165 */	"push %0\n",	/* stmt: ARGU4(mrc3) */
        -:  577:/* 166 */	"push %0\n",	/* stmt: ARGP4(mrc3) */
        -:  578:/* 167 */	"mov ecx,%a\nrep movsb\n",	/* stmt: ASGNB(reg,INDIRB(reg)) */
        -:  579:/* 168 */	"sub esp,%a\nmov edi,esp\nmov ecx,%a\nrep movsb\n",	/* stmt: ARGB(INDIRB(reg)) */
        -:  580:/* 169 */	"qword ptr %0",	/* memf: INDIRF8(addr) */
        -:  581:/* 170 */	"dword ptr %0",	/* memf: INDIRF4(addr) */
        -:  582:/* 171 */	"dword ptr %0",	/* memf: CVFF8(INDIRF4(addr)) */
        -:  583:/* 172 */	"fld %0\n",	/* reg: memf */
        -:  584:/* 173 */	"fstp qword ptr %0\n",	/* stmt: ASGNF8(addr,reg) */
        -:  585:/* 174 */	"fstp dword ptr %0\n",	/* stmt: ASGNF4(addr,reg) */
        -:  586:/* 175 */	"fstp dword ptr %0\n",	/* stmt: ASGNF4(addr,CVFF4(reg)) */
        -:  587:/* 176 */	"sub esp,8\nfstp qword ptr [esp]\n",	/* stmt: ARGF8(reg) */
        -:  588:/* 177 */	"sub esp,4\nfstp dword ptr [esp]\n",	/* stmt: ARGF4(reg) */
        -:  589:/* 178 */	"fchs\n",	/* reg: NEGF8(reg) */
        -:  590:/* 179 */	"fchs\n",	/* reg: NEGF4(reg) */
        -:  591:/* 180 */	" %0",	/* flt: memf */
        -:  592:/* 181 */	"p st(1),st",	/* flt: reg */
        -:  593:/* 182 */	"fadd%1\n",	/* reg: ADDF8(reg,flt) */
        -:  594:/* 183 */	"fadd%1\n",	/* reg: ADDF4(reg,flt) */
        -:  595:/* 184 */	"fdiv%1\n",	/* reg: DIVF8(reg,flt) */
        -:  596:/* 185 */	"fdiv%1\n",	/* reg: DIVF4(reg,flt) */
        -:  597:/* 186 */	"fmul%1\n",	/* reg: MULF8(reg,flt) */
        -:  598:/* 187 */	"fmul%1\n",	/* reg: MULF4(reg,flt) */
        -:  599:/* 188 */	"fsub%1\n",	/* reg: SUBF8(reg,flt) */
        -:  600:/* 189 */	"fsub%1\n",	/* reg: SUBF4(reg,flt) */
        -:  601:/* 190 */	"# CVFF8\n",	/* reg: CVFF8(reg) */
        -:  602:/* 191 */	"sub esp,4\nfstp dword ptr 0[esp]\nfld dword ptr 0[esp]\nadd esp,4\n",	/* reg: CVFF4(reg) */
        -:  603:/* 192 */	"call __ftol\n",	/* reg: CVFI4(reg) */
        -:  604:/* 193 */	"fild dword ptr %0\n",	/* reg: CVIF8(INDIRI4(addr)) */
        -:  605:/* 194 */	"push %0\nfild dword ptr 0[esp]\nadd esp,4\n",	/* reg: CVIF4(reg) */
        -:  606:/* 195 */	"push %0\nfild dword ptr 0[esp]\nadd esp,4\n",	/* reg: CVIF8(reg) */
        -:  607:/* 196 */	"%a",	/* addrj: ADDRGP4 */
        -:  608:/* 197 */	"%0",	/* addrj: reg */
        -:  609:/* 198 */	"%0",	/* addrj: mem */
        -:  610:/* 199 */	"jmp %0\n",	/* stmt: JUMPV(addrj) */
        -:  611:/* 200 */	"%a:\n",	/* stmt: LABELV */
        -:  612:/* 201 */	"cmp %0,%1\nje %a\n",	/* stmt: EQI4(mem,rc) */
        -:  613:/* 202 */	"cmp %0,%1\njge %a\n",	/* stmt: GEI4(mem,rc) */
        -:  614:/* 203 */	"cmp %0,%1\njg %a\n",	/* stmt: GTI4(mem,rc) */
        -:  615:/* 204 */	"cmp %0,%1\njle %a\n",	/* stmt: LEI4(mem,rc) */
        -:  616:/* 205 */	"cmp %0,%1\njl %a\n",	/* stmt: LTI4(mem,rc) */
        -:  617:/* 206 */	"cmp %0,%1\njne %a\n",	/* stmt: NEI4(mem,rc) */
        -:  618:/* 207 */	"cmp %0,%1\njae %a\n",	/* stmt: GEU4(mem,rc) */
        -:  619:/* 208 */	"cmp %0,%1\nja  %a\n",	/* stmt: GTU4(mem,rc) */
        -:  620:/* 209 */	"cmp %0,%1\njbe %a\n",	/* stmt: LEU4(mem,rc) */
        -:  621:/* 210 */	"cmp %0,%1\njb  %a\n",	/* stmt: LTU4(mem,rc) */
        -:  622:/* 211 */	"cmp %0,%1\nje %a\n",	/* stmt: EQI4(reg,mrc1) */
        -:  623:/* 212 */	"cmp %0,%1\njge %a\n",	/* stmt: GEI4(reg,mrc1) */
        -:  624:/* 213 */	"cmp %0,%1\njg %a\n",	/* stmt: GTI4(reg,mrc1) */
        -:  625:/* 214 */	"cmp %0,%1\njle %a\n",	/* stmt: LEI4(reg,mrc1) */
        -:  626:/* 215 */	"cmp %0,%1\njl %a\n",	/* stmt: LTI4(reg,mrc1) */
        -:  627:/* 216 */	"cmp %0,%1\njne %a\n",	/* stmt: NEI4(reg,mrc1) */
        -:  628:/* 217 */	"cmp %0,%1\nje %a\n",	/* stmt: EQU4(reg,mrc1) */
        -:  629:/* 218 */	"cmp %0,%1\njae %a\n",	/* stmt: GEU4(reg,mrc1) */
        -:  630:/* 219 */	"cmp %0,%1\nja %a\n",	/* stmt: GTU4(reg,mrc1) */
        -:  631:/* 220 */	"cmp %0,%1\njbe %a\n",	/* stmt: LEU4(reg,mrc1) */
        -:  632:/* 221 */	"cmp %0,%1\njb %a\n",	/* stmt: LTU4(reg,mrc1) */
        -:  633:/* 222 */	"cmp %0,%1\njne %a\n",	/* stmt: NEU4(reg,mrc1) */
        -:  634:/* 223 */	" %0",	/* cmpf: memf */
        -:  635:/* 224 */	"p",	/* cmpf: reg */
        -:  636:/* 225 */	"fcomp%0\nfstsw ax\nsahf\nje %a\n",	/* stmt: EQF8(cmpf,reg) */
        -:  637:/* 226 */	"fcomp%0\nfstsw ax\nsahf\njbe %a\n",	/* stmt: GEF8(cmpf,reg) */
        -:  638:/* 227 */	"fcomp%0\nfstsw ax\nsahf\njb %a\n",	/* stmt: GTF8(cmpf,reg) */
        -:  639:/* 228 */	"fcomp%0\nfstsw ax\nsahf\njae %a\n",	/* stmt: LEF8(cmpf,reg) */
        -:  640:/* 229 */	"fcomp%0\nfstsw ax\nsahf\nja %a\n",	/* stmt: LTF8(cmpf,reg) */
        -:  641:/* 230 */	"fcomp%0\nfstsw ax\nsahf\njne %a\n",	/* stmt: NEF8(cmpf,reg) */
        -:  642:/* 231 */	"fcomp%0\nfstsw ax\nsahf\nje %a\n",	/* stmt: EQF4(cmpf,reg) */
        -:  643:/* 232 */	"fcomp%0\nfstsw ax\nsahf\njbe %a\n",	/* stmt: GEF4(cmpf,reg) */
        -:  644:/* 233 */	"fcomp%0\nfstsw ax\nsahf\njb %a\n",	/* stmt: GTF4(cmpf,reg) */
        -:  645:/* 234 */	"fcomp%0\nfstsw ax\nsahf\njae %a\n",	/* stmt: LEF4(cmpf,reg) */
        -:  646:/* 235 */	"fcomp%0\nfstsw ax\nsahf\nja %a\n",	/* stmt: LTF4(cmpf,reg) */
        -:  647:/* 236 */	"fcomp%0\nfstsw ax\nsahf\njne %a\n",	/* stmt: NEF4(cmpf,reg) */
        -:  648:/* 237 */	"call %0\nadd esp,%a\n",	/* reg: CALLI4(addrj) */
        -:  649:/* 238 */	"call %0\nadd esp,%a\n",	/* reg: CALLU4(addrj) */
        -:  650:/* 239 */	"call %0\nadd esp,%a\n",	/* reg: CALLP4(addrj) */
        -:  651:/* 240 */	"call %0\nadd esp,%a\n",	/* stmt: CALLV(addrj) */
        -:  652:/* 241 */	"call %0\nadd esp,%a\n",	/* reg: CALLF4(addrj) */
        -:  653:/* 242 */	"call %0\nadd esp,%a\n",	/* reg: CALLF8(addrj) */
        -:  654:/* 243 */	"call %0\nadd esp,%a\nfstp\n",	/* stmt: CALLF4(addrj) */
        -:  655:/* 244 */	"call %0\nadd esp,%a\nfstp\n",	/* stmt: CALLF8(addrj) */
        -:  656:/* 245 */	"# ret\n",	/* stmt: RETI4(reg) */
        -:  657:/* 246 */	"# ret\n",	/* stmt: RETU4(reg) */
        -:  658:/* 247 */	"# ret\n",	/* stmt: RETP4(reg) */
        -:  659:/* 248 */	"# ret\n",	/* stmt: RETF4(reg) */
        -:  660:/* 249 */	"# ret\n",	/* stmt: RETF8(reg) */
        -:  661:};
        -:  662:
        -:  663:static char _isinstruction[] = {
        -:  664:/* 0 */	0,
        -:  665:/* 1 */	1,	/* # read register\n */
        -:  666:/* 2 */	1,	/* # read register\n */
        -:  667:/* 3 */	1,	/* # read register\n */
        -:  668:/* 4 */	1,	/* # read register\n */
        -:  669:/* 5 */	1,	/* # read register\n */
        -:  670:/* 6 */	1,	/* # read register\n */
        -:  671:/* 7 */	1,	/* # read register\n */
        -:  672:/* 8 */	1,	/* # read register\n */
        -:  673:/* 9 */	1,	/* # read register\n */
        -:  674:/* 10 */	1,	/* # read register\n */
        -:  675:/* 11 */	1,	/* # read register\n */
        -:  676:/* 12 */	1,	/* # read register\n */
        -:  677:/* 13 */	1,	/* # write register\n */
        -:  678:/* 14 */	1,	/* # write register\n */
        -:  679:/* 15 */	1,	/* # write register\n */
        -:  680:/* 16 */	1,	/* # write register\n */
        -:  681:/* 17 */	1,	/* # write register\n */
        -:  682:/* 18 */	1,	/* # write register\n */
        -:  683:/* 19 */	1,	/* # write register\n */
        -:  684:/* 20 */	1,	/* # write register\n */
        -:  685:/* 21 */	1,	/* # write register\n */
        -:  686:/* 22 */	1,	/* # write register\n */
        -:  687:/* 23 */	1,	/* # write register\n */
        -:  688:/* 24 */	1,	/* # write register\n */
        -:  689:/* 25 */	0,	/* %a */
        -:  690:/* 26 */	0,	/* %a */
        -:  691:/* 27 */	0,	/* %a */
        -:  692:/* 28 */	0,	/* %a */
        -:  693:/* 29 */	0,	/* %a */
        -:  694:/* 30 */	0,	/* %a */
        -:  695:/* 31 */	0,	/* %a */
        -:  696:/* 32 */	0,	/* %a */
        -:  697:/* 33 */	0,	/* %a */
        -:  698:/* 34 */	0,	/* %a */
        -:  699:/* 35 */	0,	/*  */
        -:  700:/* 36 */	0,	/* (%a) */
        -:  701:/* 37 */	0,	/* (%0) */
        -:  702:/* 38 */	0,	/* (%a) */
        -:  703:/* 39 */	0,	/* [%0] */
        -:  704:/* 40 */	0,	/* %1[%0] */
        -:  705:/* 41 */	0,	/* %1[%0] */
        -:  706:/* 42 */	0,	/* %1[%0] */
        -:  707:/* 43 */	0,	/* (%a)[ebp] */
        -:  708:/* 44 */	0,	/* (%a)[ebp] */
        -:  709:/* 45 */	0,	/* %0 */
        -:  710:/* 46 */	0,	/* %0*2 */
        -:  711:/* 47 */	0,	/* %0*4 */
        -:  712:/* 48 */	0,	/* %0*8 */
        -:  713:/* 49 */	0,	/* 1 */
        -:  714:/* 50 */	0,	/* 1 */
        -:  715:/* 51 */	0,	/* 2 */
        -:  716:/* 52 */	0,	/* 2 */
        -:  717:/* 53 */	0,	/* 3 */
        -:  718:/* 54 */	0,	/* 3 */
        -:  719:/* 55 */	0,	/* %0*2 */
        -:  720:/* 56 */	0,	/* %0*4 */
        -:  721:/* 57 */	0,	/* %0*8 */
        -:  722:/* 58 */	0,	/* %0 */
        -:  723:/* 59 */	0,	/* %1[%0] */
        -:  724:/* 60 */	0,	/* %1[%0] */
        -:  725:/* 61 */	0,	/* %1[%0] */
        -:  726:/* 62 */	0,	/* [%0] */
        -:  727:/* 63 */	0,	/* byte ptr %0 */
        -:  728:/* 64 */	0,	/* word ptr %0 */
        -:  729:/* 65 */	0,	/* dword ptr %0 */
        -:  730:/* 66 */	0,	/* byte ptr %0 */
        -:  731:/* 67 */	0,	/* word ptr %0 */
        -:  732:/* 68 */	0,	/* dword ptr %0 */
        -:  733:/* 69 */	0,	/* dword ptr %0 */
        -:  734:/* 70 */	0,	/* %0 */
        -:  735:/* 71 */	0,	/* %0 */
        -:  736:/* 72 */	0,	/* %0 */
        -:  737:/* 73 */	0,	/* %0 */
        -:  738:/* 74 */	0,	/* %0 */
        -:  739:/* 75 */	0,	/* %0 */
        -:  740:/* 76 */	0,	/* %0 */
        -:  741:/* 77 */	0,	/* %0 */
        -:  742:/* 78 */	0,	/* %0 */
        -:  743:/* 79 */	0,	/* %0 */
        -:  744:/* 80 */	1,	/* lea %c,%0\n */
        -:  745:/* 81 */	1,	/* mov %c,%0\n */
        -:  746:/* 82 */	1,	/* # move\n */
        -:  747:/* 83 */	1,	/* # move\n */
        -:  748:/* 84 */	1,	/* # move\n */
        -:  749:/* 85 */	1,	/* # move\n */
        -:  750:/* 86 */	1,	/* # move\n */
        -:  751:/* 87 */	1,	/* # move\n */
        -:  752:/* 88 */	1,	/* # move\n */
        -:  753:/* 89 */	1,	/* ?mov %c,%0\nadd %c,%1\n */
        -:  754:/* 90 */	1,	/* ?mov %c,%0\nadd %c,%1\n */
        -:  755:/* 91 */	1,	/* ?mov %c,%0\nadd %c,%1\n */
        -:  756:/* 92 */	1,	/* ?mov %c,%0\nsub %c,%1\n */
        -:  757:/* 93 */	1,	/* ?mov %c,%0\nsub %c,%1\n */
        -:  758:/* 94 */	1,	/* ?mov %c,%0\nsub %c,%1\n */
        -:  759:/* 95 */	1,	/* ?mov %c,%0\nand %c,%1\n */
        -:  760:/* 96 */	1,	/* ?mov %c,%0\nor %c,%1\n */
        -:  761:/* 97 */	1,	/* ?mov %c,%0\nxor %c,%1\n */
        -:  762:/* 98 */	1,	/* ?mov %c,%0\nand %c,%1\n */
        -:  763:/* 99 */	1,	/* ?mov %c,%0\nor %c,%1\n */
        -:  764:/* 100 */	1,	/* ?mov %c,%0\nxor %c,%1\n */
        -:  765:/* 101 */	1,	/* inc %1\n */
        -:  766:/* 102 */	1,	/* inc %1\n */
        -:  767:/* 103 */	1,	/* inc %1\n */
        -:  768:/* 104 */	1,	/* dec %1\n */
        -:  769:/* 105 */	1,	/* dec %1\n */
        -:  770:/* 106 */	1,	/* dec %1\n */
        -:  771:/* 107 */	1,	/* add %1,%2\n */
        -:  772:/* 108 */	1,	/* sub %1,%2\n */
        -:  773:/* 109 */	1,	/* add %1,%2\n */
        -:  774:/* 110 */	1,	/* sub %1,%2\n */
        -:  775:/* 111 */	1,	/* and %1,%2\n */
        -:  776:/* 112 */	1,	/* or %1,%2\n */
        -:  777:/* 113 */	1,	/* xor %1,%2\n */
        -:  778:/* 114 */	1,	/* and %1,%2\n */
        -:  779:/* 115 */	1,	/* or %1,%2\n */
        -:  780:/* 116 */	1,	/* xor %1,%2\n */
        -:  781:/* 117 */	1,	/* ?mov %c,%0\nnot %c\n */
        -:  782:/* 118 */	1,	/* ?mov %c,%0\nnot %c\n */
        -:  783:/* 119 */	1,	/* ?mov %c,%0\nneg %c\n */
        -:  784:/* 120 */	1,	/* not %1\n */
        -:  785:/* 121 */	1,	/* not %1\n */
        -:  786:/* 122 */	1,	/* neg %1\n */
        -:  787:/* 123 */	1,	/* ?mov %c,%0\nsal %c,%1\n */
        -:  788:/* 124 */	1,	/* ?mov %c,%0\nshl %c,%1\n */
        -:  789:/* 125 */	1,	/* ?mov %c,%0\nsar %c,%1\n */
        -:  790:/* 126 */	1,	/* ?mov %c,%0\nshr %c,%1\n */
        -:  791:/* 127 */	1,	/* sal %1,%2\n */
        -:  792:/* 128 */	1,	/* shl %1,%2\n */
        -:  793:/* 129 */	1,	/* sar %1,%2\n */
        -:  794:/* 130 */	1,	/* shr %1,%2\n */
        -:  795:/* 131 */	0,	/* %a */
        -:  796:/* 132 */	1,	/* ?mov %c,%0\nmov ecx,%1\nsal %c,cl\n */
        -:  797:/* 133 */	1,	/* ?mov %c,%0\nmov ecx,%1\nshl %c,cl\n */
        -:  798:/* 134 */	1,	/* ?mov %c,%0\nmov ecx,%1\nsar %c,cl\n */
        -:  799:/* 135 */	1,	/* ?mov %c,%0\nmov ecx,%1\nshr %c,cl\n */
        -:  800:/* 136 */	1,	/* ?mov %c,%0\nimul %c,%1\n */
        -:  801:/* 137 */	1,	/* imul %c,%1,%0\n */
        -:  802:/* 138 */	1,	/* mul %1\n */
        -:  803:/* 139 */	1,	/* xor edx,edx\ndiv %1\n */
        -:  804:/* 140 */	1,	/* xor edx,edx\ndiv %1\n */
        -:  805:/* 141 */	1,	/* cdq\nidiv %1\n */
        -:  806:/* 142 */	1,	/* cdq\nidiv %1\n */
        -:  807:/* 143 */	1,	/* mov %c,%0\n */
        -:  808:/* 144 */	1,	/* mov %c,%0\n */
        -:  809:/* 145 */	1,	/* movsx %c,byte ptr %0\n */
        -:  810:/* 146 */	1,	/* movsx %c,word ptr %0\n */
        -:  811:/* 147 */	1,	/* movzx %c,byte ptr %0\n */
        -:  812:/* 148 */	1,	/* movzx %c,word ptr %0\n */
        -:  813:/* 149 */	1,	/* # extend\n */
        -:  814:/* 150 */	1,	/* # extend\n */
        -:  815:/* 151 */	1,	/* # extend\n */
        -:  816:/* 152 */	1,	/* # extend\n */
        -:  817:/* 153 */	1,	/* # truncate\n */
        -:  818:/* 154 */	1,	/* # truncate\n */
        -:  819:/* 155 */	1,	/* # truncate\n */
        -:  820:/* 156 */	1,	/* # truncate\n */
        -:  821:/* 157 */	1,	/* mov byte ptr %0,%1\n */
        -:  822:/* 158 */	1,	/* mov word ptr %0,%1\n */
        -:  823:/* 159 */	1,	/* mov dword ptr %0,%1\n */
        -:  824:/* 160 */	1,	/* mov byte ptr %0,%1\n */
        -:  825:/* 161 */	1,	/* mov word ptr %0,%1\n */
        -:  826:/* 162 */	1,	/* mov dword ptr %0,%1\n */
        -:  827:/* 163 */	1,	/* mov dword ptr %0,%1\n */
        -:  828:/* 164 */	1,	/* push %0\n */
        -:  829:/* 165 */	1,	/* push %0\n */
        -:  830:/* 166 */	1,	/* push %0\n */
        -:  831:/* 167 */	1,	/* mov ecx,%a\nrep movsb\n */
        -:  832:/* 168 */	1,	/* sub esp,%a\nmov edi,esp\nmov ecx,%a\nrep movsb\n */
        -:  833:/* 169 */	0,	/* qword ptr %0 */
        -:  834:/* 170 */	0,	/* dword ptr %0 */
        -:  835:/* 171 */	0,	/* dword ptr %0 */
        -:  836:/* 172 */	1,	/* fld %0\n */
        -:  837:/* 173 */	1,	/* fstp qword ptr %0\n */
        -:  838:/* 174 */	1,	/* fstp dword ptr %0\n */
        -:  839:/* 175 */	1,	/* fstp dword ptr %0\n */
        -:  840:/* 176 */	1,	/* sub esp,8\nfstp qword ptr [esp]\n */
        -:  841:/* 177 */	1,	/* sub esp,4\nfstp dword ptr [esp]\n */
        -:  842:/* 178 */	1,	/* fchs\n */
        -:  843:/* 179 */	1,	/* fchs\n */
        -:  844:/* 180 */	0,	/*  %0 */
        -:  845:/* 181 */	0,	/* p st(1),st */
        -:  846:/* 182 */	1,	/* fadd%1\n */
        -:  847:/* 183 */	1,	/* fadd%1\n */
        -:  848:/* 184 */	1,	/* fdiv%1\n */
        -:  849:/* 185 */	1,	/* fdiv%1\n */
        -:  850:/* 186 */	1,	/* fmul%1\n */
        -:  851:/* 187 */	1,	/* fmul%1\n */
        -:  852:/* 188 */	1,	/* fsub%1\n */
        -:  853:/* 189 */	1,	/* fsub%1\n */
        -:  854:/* 190 */	1,	/* # CVFF8\n */
        -:  855:/* 191 */	1,	/* sub esp,4\nfstp dword ptr 0[esp]\nfld dword ptr 0[esp]\nadd esp,4\n */
        -:  856:/* 192 */	1,	/* call __ftol\n */
        -:  857:/* 193 */	1,	/* fild dword ptr %0\n */
        -:  858:/* 194 */	1,	/* push %0\nfild dword ptr 0[esp]\nadd esp,4\n */
        -:  859:/* 195 */	1,	/* push %0\nfild dword ptr 0[esp]\nadd esp,4\n */
        -:  860:/* 196 */	0,	/* %a */
        -:  861:/* 197 */	0,	/* %0 */
        -:  862:/* 198 */	0,	/* %0 */
        -:  863:/* 199 */	1,	/* jmp %0\n */
        -:  864:/* 200 */	1,	/* %a:\n */
        -:  865:/* 201 */	1,	/* cmp %0,%1\nje %a\n */
        -:  866:/* 202 */	1,	/* cmp %0,%1\njge %a\n */
        -:  867:/* 203 */	1,	/* cmp %0,%1\njg %a\n */
        -:  868:/* 204 */	1,	/* cmp %0,%1\njle %a\n */
        -:  869:/* 205 */	1,	/* cmp %0,%1\njl %a\n */
        -:  870:/* 206 */	1,	/* cmp %0,%1\njne %a\n */
        -:  871:/* 207 */	1,	/* cmp %0,%1\njae %a\n */
        -:  872:/* 208 */	1,	/* cmp %0,%1\nja  %a\n */
        -:  873:/* 209 */	1,	/* cmp %0,%1\njbe %a\n */
        -:  874:/* 210 */	1,	/* cmp %0,%1\njb  %a\n */
        -:  875:/* 211 */	1,	/* cmp %0,%1\nje %a\n */
        -:  876:/* 212 */	1,	/* cmp %0,%1\njge %a\n */
        -:  877:/* 213 */	1,	/* cmp %0,%1\njg %a\n */
        -:  878:/* 214 */	1,	/* cmp %0,%1\njle %a\n */
        -:  879:/* 215 */	1,	/* cmp %0,%1\njl %a\n */
        -:  880:/* 216 */	1,	/* cmp %0,%1\njne %a\n */
        -:  881:/* 217 */	1,	/* cmp %0,%1\nje %a\n */
        -:  882:/* 218 */	1,	/* cmp %0,%1\njae %a\n */
        -:  883:/* 219 */	1,	/* cmp %0,%1\nja %a\n */
        -:  884:/* 220 */	1,	/* cmp %0,%1\njbe %a\n */
        -:  885:/* 221 */	1,	/* cmp %0,%1\njb %a\n */
        -:  886:/* 222 */	1,	/* cmp %0,%1\njne %a\n */
        -:  887:/* 223 */	0,	/*  %0 */
        -:  888:/* 224 */	0,	/* p */
        -:  889:/* 225 */	1,	/* fcomp%0\nfstsw ax\nsahf\nje %a\n */
        -:  890:/* 226 */	1,	/* fcomp%0\nfstsw ax\nsahf\njbe %a\n */
        -:  891:/* 227 */	1,	/* fcomp%0\nfstsw ax\nsahf\njb %a\n */
        -:  892:/* 228 */	1,	/* fcomp%0\nfstsw ax\nsahf\njae %a\n */
        -:  893:/* 229 */	1,	/* fcomp%0\nfstsw ax\nsahf\nja %a\n */
        -:  894:/* 230 */	1,	/* fcomp%0\nfstsw ax\nsahf\njne %a\n */
        -:  895:/* 231 */	1,	/* fcomp%0\nfstsw ax\nsahf\nje %a\n */
        -:  896:/* 232 */	1,	/* fcomp%0\nfstsw ax\nsahf\njbe %a\n */
        -:  897:/* 233 */	1,	/* fcomp%0\nfstsw ax\nsahf\njb %a\n */
        -:  898:/* 234 */	1,	/* fcomp%0\nfstsw ax\nsahf\njae %a\n */
        -:  899:/* 235 */	1,	/* fcomp%0\nfstsw ax\nsahf\nja %a\n */
        -:  900:/* 236 */	1,	/* fcomp%0\nfstsw ax\nsahf\njne %a\n */
        -:  901:/* 237 */	1,	/* call %0\nadd esp,%a\n */
        -:  902:/* 238 */	1,	/* call %0\nadd esp,%a\n */
        -:  903:/* 239 */	1,	/* call %0\nadd esp,%a\n */
        -:  904:/* 240 */	1,	/* call %0\nadd esp,%a\n */
        -:  905:/* 241 */	1,	/* call %0\nadd esp,%a\n */
        -:  906:/* 242 */	1,	/* call %0\nadd esp,%a\n */
        -:  907:/* 243 */	1,	/* call %0\nadd esp,%a\nfstp\n */
        -:  908:/* 244 */	1,	/* call %0\nadd esp,%a\nfstp\n */
        -:  909:/* 245 */	1,	/* # ret\n */
        -:  910:/* 246 */	1,	/* # ret\n */
        -:  911:/* 247 */	1,	/* # ret\n */
        -:  912:/* 248 */	1,	/* # ret\n */
        -:  913:/* 249 */	1,	/* # ret\n */
        -:  914:};
        -:  915:
        -:  916:static char *_string[] = {
        -:  917:/* 0 */	0,
        -:  918:/* 1 */	"reg: INDIRI1(VREGP)",
        -:  919:/* 2 */	"reg: INDIRU1(VREGP)",
        -:  920:/* 3 */	"reg: INDIRI2(VREGP)",
        -:  921:/* 4 */	"reg: INDIRU2(VREGP)",
        -:  922:/* 5 */	"reg: INDIRF4(VREGP)",
        -:  923:/* 6 */	"reg: INDIRI4(VREGP)",
        -:  924:/* 7 */	"reg: INDIRP4(VREGP)",
        -:  925:/* 8 */	"reg: INDIRU4(VREGP)",
        -:  926:/* 9 */	"reg: INDIRF8(VREGP)",
        -:  927:/* 10 */	"reg: INDIRI8(VREGP)",
        -:  928:/* 11 */	"reg: INDIRP8(VREGP)",
        -:  929:/* 12 */	"reg: INDIRU8(VREGP)",
        -:  930:/* 13 */	"stmt: ASGNI1(VREGP,reg)",
        -:  931:/* 14 */	"stmt: ASGNU1(VREGP,reg)",
        -:  932:/* 15 */	"stmt: ASGNI2(VREGP,reg)",
        -:  933:/* 16 */	"stmt: ASGNU2(VREGP,reg)",
        -:  934:/* 17 */	"stmt: ASGNF4(VREGP,reg)",
        -:  935:/* 18 */	"stmt: ASGNI4(VREGP,reg)",
        -:  936:/* 19 */	"stmt: ASGNP4(VREGP,reg)",
        -:  937:/* 20 */	"stmt: ASGNU4(VREGP,reg)",
        -:  938:/* 21 */	"stmt: ASGNF8(VREGP,reg)",
        -:  939:/* 22 */	"stmt: ASGNI8(VREGP,reg)",
        -:  940:/* 23 */	"stmt: ASGNP8(VREGP,reg)",
        -:  941:/* 24 */	"stmt: ASGNU8(VREGP,reg)",
        -:  942:/* 25 */	"con: CNSTI1",
        -:  943:/* 26 */	"con: CNSTU1",
        -:  944:/* 27 */	"con: CNSTI2",
        -:  945:/* 28 */	"con: CNSTU2",
        -:  946:/* 29 */	"con: CNSTI4",
        -:  947:/* 30 */	"con: CNSTU4",
        -:  948:/* 31 */	"con: CNSTP4",
        -:  949:/* 32 */	"con: CNSTI8",
        -:  950:/* 33 */	"con: CNSTU8",
        -:  951:/* 34 */	"con: CNSTP8",
        -:  952:/* 35 */	"stmt: reg",
        -:  953:/* 36 */	"acon: ADDRGP4",
        -:  954:/* 37 */	"acon: con",
        -:  955:/* 38 */	"base: ADDRGP4",
        -:  956:/* 39 */	"base: reg",
        -:  957:/* 40 */	"base: ADDI4(reg,acon)",
        -:  958:/* 41 */	"base: ADDP4(reg,acon)",
        -:  959:/* 42 */	"base: ADDU4(reg,acon)",
        -:  960:/* 43 */	"base: ADDRFP4",
        -:  961:/* 44 */	"base: ADDRLP4",
        -:  962:/* 45 */	"index: reg",
        -:  963:/* 46 */	"index: LSHI4(reg,con1)",
        -:  964:/* 47 */	"index: LSHI4(reg,con2)",
        -:  965:/* 48 */	"index: LSHI4(reg,con3)",
        -:  966:/* 49 */	"con1: CNSTI4",
        -:  967:/* 50 */	"con1: CNSTU4",
        -:  968:/* 51 */	"con2: CNSTI4",
        -:  969:/* 52 */	"con2: CNSTU4",
        -:  970:/* 53 */	"con3: CNSTI4",
        -:  971:/* 54 */	"con3: CNSTU4",
        -:  972:/* 55 */	"index: LSHU4(reg,con1)",
        -:  973:/* 56 */	"index: LSHU4(reg,con2)",
        -:  974:/* 57 */	"index: LSHU4(reg,con3)",
        -:  975:/* 58 */	"addr: base",
        -:  976:/* 59 */	"addr: ADDI4(index,base)",
        -:  977:/* 60 */	"addr: ADDP4(index,base)",
        -:  978:/* 61 */	"addr: ADDU4(index,base)",
        -:  979:/* 62 */	"addr: index",
        -:  980:/* 63 */	"mem: INDIRI1(addr)",
        -:  981:/* 64 */	"mem: INDIRI2(addr)",
        -:  982:/* 65 */	"mem: INDIRI4(addr)",
        -:  983:/* 66 */	"mem: INDIRU1(addr)",
        -:  984:/* 67 */	"mem: INDIRU2(addr)",
        -:  985:/* 68 */	"mem: INDIRU4(addr)",
        -:  986:/* 69 */	"mem: INDIRP4(addr)",
        -:  987:/* 70 */	"rc: reg",
        -:  988:/* 71 */	"rc: con",
        -:  989:/* 72 */	"mr: reg",
        -:  990:/* 73 */	"mr: mem",
        -:  991:/* 74 */	"mrc0: mem",
        -:  992:/* 75 */	"mrc0: rc",
        -:  993:/* 76 */	"mrc1: mem",
        -:  994:/* 77 */	"mrc1: rc",
        -:  995:/* 78 */	"mrc3: mem",
        -:  996:/* 79 */	"mrc3: rc",
        -:  997:/* 80 */	"reg: addr",
        -:  998:/* 81 */	"reg: mrc0",
        -:  999:/* 82 */	"reg: LOADI1(reg)",
        -: 1000:/* 83 */	"reg: LOADI2(reg)",
        -: 1001:/* 84 */	"reg: LOADI4(reg)",
        -: 1002:/* 85 */	"reg: LOADU1(reg)",
        -: 1003:/* 86 */	"reg: LOADU2(reg)",
        -: 1004:/* 87 */	"reg: LOADU4(reg)",
        -: 1005:/* 88 */	"reg: LOADP4(reg)",
        -: 1006:/* 89 */	"reg: ADDI4(reg,mrc1)",
        -: 1007:/* 90 */	"reg: ADDP4(reg,mrc1)",
        -: 1008:/* 91 */	"reg: ADDU4(reg,mrc1)",
        -: 1009:/* 92 */	"reg: SUBI4(reg,mrc1)",
        -: 1010:/* 93 */	"reg: SUBP4(reg,mrc1)",
        -: 1011:/* 94 */	"reg: SUBU4(reg,mrc1)",
        -: 1012:/* 95 */	"reg: BANDI4(reg,mrc1)",
        -: 1013:/* 96 */	"reg: BORI4(reg,mrc1)",
        -: 1014:/* 97 */	"reg: BXORI4(reg,mrc1)",
        -: 1015:/* 98 */	"reg: BANDU4(reg,mrc1)",
        -: 1016:/* 99 */	"reg: BORU4(reg,mrc1)",
        -: 1017:/* 100 */	"reg: BXORU4(reg,mrc1)",
        -: 1018:/* 101 */	"stmt: ASGNI4(addr,ADDI4(mem,con1))",
        -: 1019:/* 102 */	"stmt: ASGNI4(addr,ADDU4(mem,con1))",
        -: 1020:/* 103 */	"stmt: ASGNP4(addr,ADDP4(mem,con1))",
        -: 1021:/* 104 */	"stmt: ASGNI4(addr,SUBI4(mem,con1))",
        -: 1022:/* 105 */	"stmt: ASGNI4(addr,SUBU4(mem,con1))",
        -: 1023:/* 106 */	"stmt: ASGNP4(addr,SUBP4(mem,con1))",
        -: 1024:/* 107 */	"stmt: ASGNI4(addr,ADDI4(mem,rc))",
        -: 1025:/* 108 */	"stmt: ASGNI4(addr,SUBI4(mem,rc))",
        -: 1026:/* 109 */	"stmt: ASGNU4(addr,ADDU4(mem,rc))",
        -: 1027:/* 110 */	"stmt: ASGNU4(addr,SUBU4(mem,rc))",
        -: 1028:/* 111 */	"stmt: ASGNI4(addr,BANDI4(mem,rc))",
        -: 1029:/* 112 */	"stmt: ASGNI4(addr,BORI4(mem,rc))",
        -: 1030:/* 113 */	"stmt: ASGNI4(addr,BXORI4(mem,rc))",
        -: 1031:/* 114 */	"stmt: ASGNU4(addr,BANDU4(mem,rc))",
        -: 1032:/* 115 */	"stmt: ASGNU4(addr,BORU4(mem,rc))",
        -: 1033:/* 116 */	"stmt: ASGNU4(addr,BXORU4(mem,rc))",
        -: 1034:/* 117 */	"reg: BCOMI4(reg)",
        -: 1035:/* 118 */	"reg: BCOMU4(reg)",
        -: 1036:/* 119 */	"reg: NEGI4(reg)",
        -: 1037:/* 120 */	"stmt: ASGNI4(addr,BCOMI4(mem))",
        -: 1038:/* 121 */	"stmt: ASGNU4(addr,BCOMU4(mem))",
        -: 1039:/* 122 */	"stmt: ASGNI4(addr,NEGI4(mem))",
        -: 1040:/* 123 */	"reg: LSHI4(reg,con5)",
        -: 1041:/* 124 */	"reg: LSHU4(reg,con5)",
        -: 1042:/* 125 */	"reg: RSHI4(reg,con5)",
        -: 1043:/* 126 */	"reg: RSHU4(reg,con5)",
        -: 1044:/* 127 */	"stmt: ASGNI4(addr,LSHI4(mem,con5))",
        -: 1045:/* 128 */	"stmt: ASGNI4(addr,LSHU4(mem,con5))",
        -: 1046:/* 129 */	"stmt: ASGNI4(addr,RSHI4(mem,con5))",
        -: 1047:/* 130 */	"stmt: ASGNI4(addr,RSHU4(mem,con5))",
        -: 1048:/* 131 */	"con5: CNSTI4",
        -: 1049:/* 132 */	"reg: LSHI4(reg,reg)",
        -: 1050:/* 133 */	"reg: LSHU4(reg,reg)",
        -: 1051:/* 134 */	"reg: RSHI4(reg,reg)",
        -: 1052:/* 135 */	"reg: RSHU4(reg,reg)",
        -: 1053:/* 136 */	"reg: MULI4(reg,mrc3)",
        -: 1054:/* 137 */	"reg: MULI4(con,mr)",
        -: 1055:/* 138 */	"reg: MULU4(reg,mr)",
        -: 1056:/* 139 */	"reg: DIVU4(reg,reg)",
        -: 1057:/* 140 */	"reg: MODU4(reg,reg)",
        -: 1058:/* 141 */	"reg: DIVI4(reg,reg)",
        -: 1059:/* 142 */	"reg: MODI4(reg,reg)",
        -: 1060:/* 143 */	"reg: CVPU4(reg)",
        -: 1061:/* 144 */	"reg: CVUP4(reg)",
        -: 1062:/* 145 */	"reg: CVII4(INDIRI1(addr))",
        -: 1063:/* 146 */	"reg: CVII4(INDIRI2(addr))",
        -: 1064:/* 147 */	"reg: CVUU4(INDIRU1(addr))",
        -: 1065:/* 148 */	"reg: CVUU4(INDIRU2(addr))",
        -: 1066:/* 149 */	"reg: CVII4(reg)",
        -: 1067:/* 150 */	"reg: CVIU4(reg)",
        -: 1068:/* 151 */	"reg: CVUI4(reg)",
        -: 1069:/* 152 */	"reg: CVUU4(reg)",
        -: 1070:/* 153 */	"reg: CVII1(reg)",
        -: 1071:/* 154 */	"reg: CVII2(reg)",
        -: 1072:/* 155 */	"reg: CVUU1(reg)",
        -: 1073:/* 156 */	"reg: CVUU2(reg)",
        -: 1074:/* 157 */	"stmt: ASGNI1(addr,rc)",
        -: 1075:/* 158 */	"stmt: ASGNI2(addr,rc)",
        -: 1076:/* 159 */	"stmt: ASGNI4(addr,rc)",
        -: 1077:/* 160 */	"stmt: ASGNU1(addr,rc)",
        -: 1078:/* 161 */	"stmt: ASGNU2(addr,rc)",
        -: 1079:/* 162 */	"stmt: ASGNU4(addr,rc)",
        -: 1080:/* 163 */	"stmt: ASGNP4(addr,rc)",
        -: 1081:/* 164 */	"stmt: ARGI4(mrc3)",
        -: 1082:/* 165 */	"stmt: ARGU4(mrc3)",
        -: 1083:/* 166 */	"stmt: ARGP4(mrc3)",
        -: 1084:/* 167 */	"stmt: ASGNB(reg,INDIRB(reg))",
        -: 1085:/* 168 */	"stmt: ARGB(INDIRB(reg))",
        -: 1086:/* 169 */	"memf: INDIRF8(addr)",
        -: 1087:/* 170 */	"memf: INDIRF4(addr)",
        -: 1088:/* 171 */	"memf: CVFF8(INDIRF4(addr))",
        -: 1089:/* 172 */	"reg: memf",
        -: 1090:/* 173 */	"stmt: ASGNF8(addr,reg)",
        -: 1091:/* 174 */	"stmt: ASGNF4(addr,reg)",
        -: 1092:/* 175 */	"stmt: ASGNF4(addr,CVFF4(reg))",
        -: 1093:/* 176 */	"stmt: ARGF8(reg)",
        -: 1094:/* 177 */	"stmt: ARGF4(reg)",
        -: 1095:/* 178 */	"reg: NEGF8(reg)",
        -: 1096:/* 179 */	"reg: NEGF4(reg)",
        -: 1097:/* 180 */	"flt: memf",
        -: 1098:/* 181 */	"flt: reg",
        -: 1099:/* 182 */	"reg: ADDF8(reg,flt)",
        -: 1100:/* 183 */	"reg: ADDF4(reg,flt)",
        -: 1101:/* 184 */	"reg: DIVF8(reg,flt)",
        -: 1102:/* 185 */	"reg: DIVF4(reg,flt)",
        -: 1103:/* 186 */	"reg: MULF8(reg,flt)",
        -: 1104:/* 187 */	"reg: MULF4(reg,flt)",
        -: 1105:/* 188 */	"reg: SUBF8(reg,flt)",
        -: 1106:/* 189 */	"reg: SUBF4(reg,flt)",
        -: 1107:/* 190 */	"reg: CVFF8(reg)",
        -: 1108:/* 191 */	"reg: CVFF4(reg)",
        -: 1109:/* 192 */	"reg: CVFI4(reg)",
        -: 1110:/* 193 */	"reg: CVIF8(INDIRI4(addr))",
        -: 1111:/* 194 */	"reg: CVIF4(reg)",
        -: 1112:/* 195 */	"reg: CVIF8(reg)",
        -: 1113:/* 196 */	"addrj: ADDRGP4",
        -: 1114:/* 197 */	"addrj: reg",
        -: 1115:/* 198 */	"addrj: mem",
        -: 1116:/* 199 */	"stmt: JUMPV(addrj)",
        -: 1117:/* 200 */	"stmt: LABELV",
        -: 1118:/* 201 */	"stmt: EQI4(mem,rc)",
        -: 1119:/* 202 */	"stmt: GEI4(mem,rc)",
        -: 1120:/* 203 */	"stmt: GTI4(mem,rc)",
        -: 1121:/* 204 */	"stmt: LEI4(mem,rc)",
        -: 1122:/* 205 */	"stmt: LTI4(mem,rc)",
        -: 1123:/* 206 */	"stmt: NEI4(mem,rc)",
        -: 1124:/* 207 */	"stmt: GEU4(mem,rc)",
        -: 1125:/* 208 */	"stmt: GTU4(mem,rc)",
        -: 1126:/* 209 */	"stmt: LEU4(mem,rc)",
        -: 1127:/* 210 */	"stmt: LTU4(mem,rc)",
        -: 1128:/* 211 */	"stmt: EQI4(reg,mrc1)",
        -: 1129:/* 212 */	"stmt: GEI4(reg,mrc1)",
        -: 1130:/* 213 */	"stmt: GTI4(reg,mrc1)",
        -: 1131:/* 214 */	"stmt: LEI4(reg,mrc1)",
        -: 1132:/* 215 */	"stmt: LTI4(reg,mrc1)",
        -: 1133:/* 216 */	"stmt: NEI4(reg,mrc1)",
        -: 1134:/* 217 */	"stmt: EQU4(reg,mrc1)",
        -: 1135:/* 218 */	"stmt: GEU4(reg,mrc1)",
        -: 1136:/* 219 */	"stmt: GTU4(reg,mrc1)",
        -: 1137:/* 220 */	"stmt: LEU4(reg,mrc1)",
        -: 1138:/* 221 */	"stmt: LTU4(reg,mrc1)",
        -: 1139:/* 222 */	"stmt: NEU4(reg,mrc1)",
        -: 1140:/* 223 */	"cmpf: memf",
        -: 1141:/* 224 */	"cmpf: reg",
        -: 1142:/* 225 */	"stmt: EQF8(cmpf,reg)",
        -: 1143:/* 226 */	"stmt: GEF8(cmpf,reg)",
        -: 1144:/* 227 */	"stmt: GTF8(cmpf,reg)",
        -: 1145:/* 228 */	"stmt: LEF8(cmpf,reg)",
        -: 1146:/* 229 */	"stmt: LTF8(cmpf,reg)",
        -: 1147:/* 230 */	"stmt: NEF8(cmpf,reg)",
        -: 1148:/* 231 */	"stmt: EQF4(cmpf,reg)",
        -: 1149:/* 232 */	"stmt: GEF4(cmpf,reg)",
        -: 1150:/* 233 */	"stmt: GTF4(cmpf,reg)",
        -: 1151:/* 234 */	"stmt: LEF4(cmpf,reg)",
        -: 1152:/* 235 */	"stmt: LTF4(cmpf,reg)",
        -: 1153:/* 236 */	"stmt: NEF4(cmpf,reg)",
        -: 1154:/* 237 */	"reg: CALLI4(addrj)",
        -: 1155:/* 238 */	"reg: CALLU4(addrj)",
        -: 1156:/* 239 */	"reg: CALLP4(addrj)",
        -: 1157:/* 240 */	"stmt: CALLV(addrj)",
        -: 1158:/* 241 */	"reg: CALLF4(addrj)",
        -: 1159:/* 242 */	"reg: CALLF8(addrj)",
        -: 1160:/* 243 */	"stmt: CALLF4(addrj)",
        -: 1161:/* 244 */	"stmt: CALLF8(addrj)",
        -: 1162:/* 245 */	"stmt: RETI4(reg)",
        -: 1163:/* 246 */	"stmt: RETU4(reg)",
        -: 1164:/* 247 */	"stmt: RETP4(reg)",
        -: 1165:/* 248 */	"stmt: RETF4(reg)",
        -: 1166:/* 249 */	"stmt: RETF8(reg)",
        -: 1167:};
        -: 1168:
        -: 1169:static short _decode_stmt[] = {
        -: 1170:	0,
        -: 1171:	13,
        -: 1172:	14,
        -: 1173:	15,
        -: 1174:	16,
        -: 1175:	17,
        -: 1176:	18,
        -: 1177:	19,
        -: 1178:	20,
        -: 1179:	21,
        -: 1180:	22,
        -: 1181:	23,
        -: 1182:	24,
        -: 1183:	35,
        -: 1184:	101,
        -: 1185:	102,
        -: 1186:	103,
        -: 1187:	104,
        -: 1188:	105,
        -: 1189:	106,
        -: 1190:	107,
        -: 1191:	108,
        -: 1192:	109,
        -: 1193:	110,
        -: 1194:	111,
        -: 1195:	112,
        -: 1196:	113,
        -: 1197:	114,
        -: 1198:	115,
        -: 1199:	116,
        -: 1200:	120,
        -: 1201:	121,
        -: 1202:	122,
        -: 1203:	127,
        -: 1204:	128,
        -: 1205:	129,
        -: 1206:	130,
        -: 1207:	157,
        -: 1208:	158,
        -: 1209:	159,
        -: 1210:	160,
        -: 1211:	161,
        -: 1212:	162,
        -: 1213:	163,
        -: 1214:	164,
        -: 1215:	165,
        -: 1216:	166,
        -: 1217:	167,
        -: 1218:	168,
        -: 1219:	173,
        -: 1220:	174,
        -: 1221:	175,
        -: 1222:	176,
        -: 1223:	177,
        -: 1224:	199,
        -: 1225:	200,
        -: 1226:	201,
        -: 1227:	202,
        -: 1228:	203,
        -: 1229:	204,
        -: 1230:	205,
        -: 1231:	206,
        -: 1232:	207,
        -: 1233:	208,
        -: 1234:	209,
        -: 1235:	210,
        -: 1236:	211,
        -: 1237:	212,
        -: 1238:	213,
        -: 1239:	214,
        -: 1240:	215,
        -: 1241:	216,
        -: 1242:	217,
        -: 1243:	218,
        -: 1244:	219,
        -: 1245:	220,
        -: 1246:	221,
        -: 1247:	222,
        -: 1248:	225,
        -: 1249:	226,
        -: 1250:	227,
        -: 1251:	228,
        -: 1252:	229,
        -: 1253:	230,
        -: 1254:	231,
        -: 1255:	232,
        -: 1256:	233,
        -: 1257:	234,
        -: 1258:	235,
        -: 1259:	236,
        -: 1260:	240,
        -: 1261:	243,
        -: 1262:	244,
        -: 1263:	245,
        -: 1264:	246,
        -: 1265:	247,
        -: 1266:	248,
        -: 1267:	249,
        -: 1268:};
        -: 1269:
        -: 1270:static short _decode_reg[] = {
        -: 1271:	0,
        -: 1272:	1,
        -: 1273:	2,
        -: 1274:	3,
        -: 1275:	4,
        -: 1276:	5,
        -: 1277:	6,
        -: 1278:	7,
        -: 1279:	8,
        -: 1280:	9,
        -: 1281:	10,
        -: 1282:	11,
        -: 1283:	12,
        -: 1284:	80,
        -: 1285:	81,
        -: 1286:	82,
        -: 1287:	83,
        -: 1288:	84,
        -: 1289:	85,
        -: 1290:	86,
        -: 1291:	87,
        -: 1292:	88,
        -: 1293:	89,
        -: 1294:	90,
        -: 1295:	91,
        -: 1296:	92,
        -: 1297:	93,
        -: 1298:	94,
        -: 1299:	95,
        -: 1300:	96,
        -: 1301:	97,
        -: 1302:	98,
        -: 1303:	99,
        -: 1304:	100,
        -: 1305:	117,
        -: 1306:	118,
        -: 1307:	119,
        -: 1308:	123,
        -: 1309:	124,
        -: 1310:	125,
        -: 1311:	126,
        -: 1312:	132,
        -: 1313:	133,
        -: 1314:	134,
        -: 1315:	135,
        -: 1316:	136,
        -: 1317:	137,
        -: 1318:	138,
        -: 1319:	139,
        -: 1320:	140,
        -: 1321:	141,
        -: 1322:	142,
        -: 1323:	143,
        -: 1324:	144,
        -: 1325:	145,
        -: 1326:	146,
        -: 1327:	147,
        -: 1328:	148,
        -: 1329:	149,
        -: 1330:	150,
        -: 1331:	151,
        -: 1332:	152,
        -: 1333:	153,
        -: 1334:	154,
        -: 1335:	155,
        -: 1336:	156,
        -: 1337:	172,
        -: 1338:	178,
        -: 1339:	179,
        -: 1340:	182,
        -: 1341:	183,
        -: 1342:	184,
        -: 1343:	185,
        -: 1344:	186,
        -: 1345:	187,
        -: 1346:	188,
        -: 1347:	189,
        -: 1348:	190,
        -: 1349:	191,
        -: 1350:	192,
        -: 1351:	193,
        -: 1352:	194,
        -: 1353:	195,
        -: 1354:	237,
        -: 1355:	238,
        -: 1356:	239,
        -: 1357:	241,
        -: 1358:	242,
        -: 1359:};
        -: 1360:
        -: 1361:static short _decode_con[] = {
        -: 1362:	0,
        -: 1363:	25,
        -: 1364:	26,
        -: 1365:	27,
        -: 1366:	28,
        -: 1367:	29,
        -: 1368:	30,
        -: 1369:	31,
        -: 1370:	32,
        -: 1371:	33,
        -: 1372:	34,
        -: 1373:};
        -: 1374:
        -: 1375:static short _decode_acon[] = {
        -: 1376:	0,
        -: 1377:	36,
        -: 1378:	37,
        -: 1379:};
        -: 1380:
        -: 1381:static short _decode_base[] = {
        -: 1382:	0,
        -: 1383:	38,
        -: 1384:	39,
        -: 1385:	40,
        -: 1386:	41,
        -: 1387:	42,
        -: 1388:	43,
        -: 1389:	44,
        -: 1390:};
        -: 1391:
        -: 1392:static short _decode_index[] = {
        -: 1393:	0,
        -: 1394:	45,
        -: 1395:	46,
        -: 1396:	47,
        -: 1397:	48,
        -: 1398:	55,
        -: 1399:	56,
        -: 1400:	57,
        -: 1401:};
        -: 1402:
        -: 1403:static short _decode_con1[] = {
        -: 1404:	0,
        -: 1405:	49,
        -: 1406:	50,
        -: 1407:};
        -: 1408:
        -: 1409:static short _decode_con2[] = {
        -: 1410:	0,
        -: 1411:	51,
        -: 1412:	52,
        -: 1413:};
        -: 1414:
        -: 1415:static short _decode_con3[] = {
        -: 1416:	0,
        -: 1417:	53,
        -: 1418:	54,
        -: 1419:};
        -: 1420:
        -: 1421:static short _decode_addr[] = {
        -: 1422:	0,
        -: 1423:	58,
        -: 1424:	59,
        -: 1425:	60,
        -: 1426:	61,
        -: 1427:	62,
        -: 1428:};
        -: 1429:
        -: 1430:static short _decode_mem[] = {
        -: 1431:	0,
        -: 1432:	63,
        -: 1433:	64,
        -: 1434:	65,
        -: 1435:	66,
        -: 1436:	67,
        -: 1437:	68,
        -: 1438:	69,
        -: 1439:};
        -: 1440:
        -: 1441:static short _decode_rc[] = {
        -: 1442:	0,
        -: 1443:	70,
        -: 1444:	71,
        -: 1445:};
        -: 1446:
        -: 1447:static short _decode_mr[] = {
        -: 1448:	0,
        -: 1449:	72,
        -: 1450:	73,
        -: 1451:};
        -: 1452:
        -: 1453:static short _decode_mrc0[] = {
        -: 1454:	0,
        -: 1455:	74,
        -: 1456:	75,
        -: 1457:};
        -: 1458:
        -: 1459:static short _decode_mrc1[] = {
        -: 1460:	0,
        -: 1461:	76,
        -: 1462:	77,
        -: 1463:};
        -: 1464:
        -: 1465:static short _decode_mrc3[] = {
        -: 1466:	0,
        -: 1467:	78,
        -: 1468:	79,
        -: 1469:};
        -: 1470:
        -: 1471:static short _decode_con5[] = {
        -: 1472:	0,
        -: 1473:	131,
        -: 1474:};
        -: 1475:
        -: 1476:static short _decode_memf[] = {
        -: 1477:	0,
        -: 1478:	169,
        -: 1479:	170,
        -: 1480:	171,
        -: 1481:};
        -: 1482:
        -: 1483:static short _decode_flt[] = {
        -: 1484:	0,
        -: 1485:	180,
        -: 1486:	181,
        -: 1487:};
        -: 1488:
        -: 1489:static short _decode_addrj[] = {
        -: 1490:	0,
        -: 1491:	196,
        -: 1492:	197,
        -: 1493:	198,
        -: 1494:};
        -: 1495:
        -: 1496:static short _decode_cmpf[] = {
        -: 1497:	0,
        -: 1498:	223,
        -: 1499:	224,
        -: 1500:};
        -: 1501:
function _rule called 0 returned 0% blocks executed 0%
    #####: 1502:static int _rule(void *state, int goalnt) {
    #####: 1503:	if (goalnt < 1 || goalnt > 21)
    #####: 1504:		fatal("_rule", "Bad goal nonterminal %d\n", goalnt);
    #####: 1505:	if (!state)
    #####: 1506:		return 0;
    #####: 1507:	switch (goalnt) {
    #####: 1508:	case _stmt_NT:	return _decode_stmt[((struct _state *)state)->rule._stmt];
    #####: 1509:	case _reg_NT:	return _decode_reg[((struct _state *)state)->rule._reg];
    #####: 1510:	case _con_NT:	return _decode_con[((struct _state *)state)->rule._con];
    #####: 1511:	case _acon_NT:	return _decode_acon[((struct _state *)state)->rule._acon];
    #####: 1512:	case _base_NT:	return _decode_base[((struct _state *)state)->rule._base];
    #####: 1513:	case _index_NT:	return _decode_index[((struct _state *)state)->rule._index];
    #####: 1514:	case _con1_NT:	return _decode_con1[((struct _state *)state)->rule._con1];
    #####: 1515:	case _con2_NT:	return _decode_con2[((struct _state *)state)->rule._con2];
    #####: 1516:	case _con3_NT:	return _decode_con3[((struct _state *)state)->rule._con3];
    #####: 1517:	case _addr_NT:	return _decode_addr[((struct _state *)state)->rule._addr];
    #####: 1518:	case _mem_NT:	return _decode_mem[((struct _state *)state)->rule._mem];
    #####: 1519:	case _rc_NT:	return _decode_rc[((struct _state *)state)->rule._rc];
    #####: 1520:	case _mr_NT:	return _decode_mr[((struct _state *)state)->rule._mr];
    #####: 1521:	case _mrc0_NT:	return _decode_mrc0[((struct _state *)state)->rule._mrc0];
    #####: 1522:	case _mrc1_NT:	return _decode_mrc1[((struct _state *)state)->rule._mrc1];
    #####: 1523:	case _mrc3_NT:	return _decode_mrc3[((struct _state *)state)->rule._mrc3];
    #####: 1524:	case _con5_NT:	return _decode_con5[((struct _state *)state)->rule._con5];
    #####: 1525:	case _memf_NT:	return _decode_memf[((struct _state *)state)->rule._memf];
    #####: 1526:	case _flt_NT:	return _decode_flt[((struct _state *)state)->rule._flt];
    #####: 1527:	case _addrj_NT:	return _decode_addrj[((struct _state *)state)->rule._addrj];
    #####: 1528:	case _cmpf_NT:	return _decode_cmpf[((struct _state *)state)->rule._cmpf];
        -: 1529:	default:
    #####: 1530:		fatal("_rule", "Bad goal nonterminal %d\n", goalnt);
    #####: 1531:		return 0;
        -: 1532:	}
        -: 1533:}
        -: 1534:
        -: 1535:static void _closure_reg(NODEPTR_TYPE, int);
        -: 1536:static void _closure_con(NODEPTR_TYPE, int);
        -: 1537:static void _closure_base(NODEPTR_TYPE, int);
        -: 1538:static void _closure_index(NODEPTR_TYPE, int);
        -: 1539:static void _closure_addr(NODEPTR_TYPE, int);
        -: 1540:static void _closure_mem(NODEPTR_TYPE, int);
        -: 1541:static void _closure_rc(NODEPTR_TYPE, int);
        -: 1542:static void _closure_mrc0(NODEPTR_TYPE, int);
        -: 1543:static void _closure_memf(NODEPTR_TYPE, int);
        -: 1544:
function _closure_reg called 0 returned 0% blocks executed 0%
    #####: 1545:static void _closure_reg(NODEPTR_TYPE a, int c) {
    #####: 1546:	struct _state *p = STATE_LABEL(a);
    #####: 1547:	if (c + 0 < p->cost[_cmpf_NT]) {
    #####: 1548:		p->cost[_cmpf_NT] = c + 0;
    #####: 1549:		p->rule._cmpf = 2;
        -: 1550:	}
    #####: 1551:	if (c + 2 < p->cost[_addrj_NT]) {
    #####: 1552:		p->cost[_addrj_NT] = c + 2;
    #####: 1553:		p->rule._addrj = 2;
        -: 1554:	}
    #####: 1555:	if (c + 0 < p->cost[_flt_NT]) {
    #####: 1556:		p->cost[_flt_NT] = c + 0;
    #####: 1557:		p->rule._flt = 2;
        -: 1558:	}
    #####: 1559:	if (c + 0 < p->cost[_mr_NT]) {
    #####: 1560:		p->cost[_mr_NT] = c + 0;
    #####: 1561:		p->rule._mr = 1;
        -: 1562:	}
    #####: 1563:	if (c + 0 < p->cost[_rc_NT]) {
    #####: 1564:		p->cost[_rc_NT] = c + 0;
    #####: 1565:		p->rule._rc = 1;
    #####: 1566:		_closure_rc(a, c + 0);
        -: 1567:	}
    #####: 1568:	if (c + 0 < p->cost[_index_NT]) {
    #####: 1569:		p->cost[_index_NT] = c + 0;
    #####: 1570:		p->rule._index = 1;
    #####: 1571:		_closure_index(a, c + 0);
        -: 1572:	}
    #####: 1573:	if (c + 0 < p->cost[_base_NT]) {
    #####: 1574:		p->cost[_base_NT] = c + 0;
    #####: 1575:		p->rule._base = 2;
    #####: 1576:		_closure_base(a, c + 0);
        -: 1577:	}
    #####: 1578:	if (c + 0 < p->cost[_stmt_NT]) {
    #####: 1579:		p->cost[_stmt_NT] = c + 0;
    #####: 1580:		p->rule._stmt = 13;
        -: 1581:	}
        -: 1582:}
        -: 1583:
function _closure_con called 0 returned 0% blocks executed 0%
    #####: 1584:static void _closure_con(NODEPTR_TYPE a, int c) {
    #####: 1585:	struct _state *p = STATE_LABEL(a);
    #####: 1586:	if (c + 0 < p->cost[_rc_NT]) {
    #####: 1587:		p->cost[_rc_NT] = c + 0;
    #####: 1588:		p->rule._rc = 2;
    #####: 1589:		_closure_rc(a, c + 0);
        -: 1590:	}
    #####: 1591:	if (c + 0 < p->cost[_acon_NT]) {
    #####: 1592:		p->cost[_acon_NT] = c + 0;
    #####: 1593:		p->rule._acon = 2;
        -: 1594:	}
        -: 1595:}
        -: 1596:
function _closure_base called 0 returned 0% blocks executed 0%
    #####: 1597:static void _closure_base(NODEPTR_TYPE a, int c) {
    #####: 1598:	struct _state *p = STATE_LABEL(a);
    #####: 1599:	if (c + 0 < p->cost[_addr_NT]) {
    #####: 1600:		p->cost[_addr_NT] = c + 0;
    #####: 1601:		p->rule._addr = 1;
    #####: 1602:		_closure_addr(a, c + 0);
        -: 1603:	}
        -: 1604:}
        -: 1605:
function _closure_index called 0 returned 0% blocks executed 0%
    #####: 1606:static void _closure_index(NODEPTR_TYPE a, int c) {
    #####: 1607:	struct _state *p = STATE_LABEL(a);
    #####: 1608:	if (c + 0 < p->cost[_addr_NT]) {
    #####: 1609:		p->cost[_addr_NT] = c + 0;
    #####: 1610:		p->rule._addr = 5;
    #####: 1611:		_closure_addr(a, c + 0);
        -: 1612:	}
        -: 1613:}
        -: 1614:
function _closure_addr called 0 returned 0% blocks executed 0%
    #####: 1615:static void _closure_addr(NODEPTR_TYPE a, int c) {
    #####: 1616:	struct _state *p = STATE_LABEL(a);
    #####: 1617:	if (c + 1 < p->cost[_reg_NT]) {
    #####: 1618:		p->cost[_reg_NT] = c + 1;
    #####: 1619:		p->rule._reg = 13;
    #####: 1620:		_closure_reg(a, c + 1);
        -: 1621:	}
        -: 1622:}
        -: 1623:
function _closure_mem called 0 returned 0% blocks executed 0%
    #####: 1624:static void _closure_mem(NODEPTR_TYPE a, int c) {
    #####: 1625:	struct _state *p = STATE_LABEL(a);
    #####: 1626:	if (c + 2 < p->cost[_addrj_NT]) {
    #####: 1627:		p->cost[_addrj_NT] = c + 2;
    #####: 1628:		p->rule._addrj = 3;
        -: 1629:	}
    #####: 1630:	if (c + 3 < p->cost[_mrc3_NT]) {
    #####: 1631:		p->cost[_mrc3_NT] = c + 3;
    #####: 1632:		p->rule._mrc3 = 1;
        -: 1633:	}
    #####: 1634:	if (c + 1 < p->cost[_mrc1_NT]) {
    #####: 1635:		p->cost[_mrc1_NT] = c + 1;
    #####: 1636:		p->rule._mrc1 = 1;
        -: 1637:	}
    #####: 1638:	if (c + 0 < p->cost[_mrc0_NT]) {
    #####: 1639:		p->cost[_mrc0_NT] = c + 0;
    #####: 1640:		p->rule._mrc0 = 1;
    #####: 1641:		_closure_mrc0(a, c + 0);
        -: 1642:	}
    #####: 1643:	if (c + 0 < p->cost[_mr_NT]) {
    #####: 1644:		p->cost[_mr_NT] = c + 0;
    #####: 1645:		p->rule._mr = 2;
        -: 1646:	}
        -: 1647:}
        -: 1648:
function _closure_rc called 0 returned 0% blocks executed 0%
    #####: 1649:static void _closure_rc(NODEPTR_TYPE a, int c) {
    #####: 1650:	struct _state *p = STATE_LABEL(a);
    #####: 1651:	if (c + 0 < p->cost[_mrc3_NT]) {
    #####: 1652:		p->cost[_mrc3_NT] = c + 0;
    #####: 1653:		p->rule._mrc3 = 2;
        -: 1654:	}
    #####: 1655:	if (c + 0 < p->cost[_mrc1_NT]) {
    #####: 1656:		p->cost[_mrc1_NT] = c + 0;
    #####: 1657:		p->rule._mrc1 = 2;
        -: 1658:	}
    #####: 1659:	if (c + 0 < p->cost[_mrc0_NT]) {
    #####: 1660:		p->cost[_mrc0_NT] = c + 0;
    #####: 1661:		p->rule._mrc0 = 2;
    #####: 1662:		_closure_mrc0(a, c + 0);
        -: 1663:	}
        -: 1664:}
        -: 1665:
function _closure_mrc0 called 0 returned 0% blocks executed 0%
    #####: 1666:static void _closure_mrc0(NODEPTR_TYPE a, int c) {
    #####: 1667:	struct _state *p = STATE_LABEL(a);
    #####: 1668:	if (c + 1 < p->cost[_reg_NT]) {
    #####: 1669:		p->cost[_reg_NT] = c + 1;
    #####: 1670:		p->rule._reg = 14;
    #####: 1671:		_closure_reg(a, c + 1);
        -: 1672:	}
        -: 1673:}
        -: 1674:
function _closure_memf called 0 returned 0% blocks executed 0%
    #####: 1675:static void _closure_memf(NODEPTR_TYPE a, int c) {
    #####: 1676:	struct _state *p = STATE_LABEL(a);
    #####: 1677:	if (c + 0 < p->cost[_cmpf_NT]) {
    #####: 1678:		p->cost[_cmpf_NT] = c + 0;
    #####: 1679:		p->rule._cmpf = 1;
        -: 1680:	}
    #####: 1681:	if (c + 0 < p->cost[_flt_NT]) {
    #####: 1682:		p->cost[_flt_NT] = c + 0;
    #####: 1683:		p->rule._flt = 1;
        -: 1684:	}
    #####: 1685:	if (c + 3 < p->cost[_reg_NT]) {
    #####: 1686:		p->cost[_reg_NT] = c + 3;
    #####: 1687:		p->rule._reg = 66;
    #####: 1688:		_closure_reg(a, c + 3);
        -: 1689:	}
        -: 1690:}
        -: 1691:
function _label called 0 returned 0% blocks executed 0%
    #####: 1692:static void _label(NODEPTR_TYPE a) {
    #####: 1693:	int c;
    #####: 1694:	struct _state *p;
        -: 1695:
    #####: 1696:	if (!a)
    #####: 1697:		fatal("_label", "Null tree\n", 0);
    #####: 1698:	STATE_LABEL(a) = p = allocate(sizeof *p, FUNC);
    #####: 1699:	p->rule._stmt = 0;
    #####: 1700:	p->cost[1] =
        -: 1701:	p->cost[2] =
        -: 1702:	p->cost[3] =
        -: 1703:	p->cost[4] =
        -: 1704:	p->cost[5] =
        -: 1705:	p->cost[6] =
        -: 1706:	p->cost[7] =
        -: 1707:	p->cost[8] =
        -: 1708:	p->cost[9] =
        -: 1709:	p->cost[10] =
        -: 1710:	p->cost[11] =
        -: 1711:	p->cost[12] =
        -: 1712:	p->cost[13] =
        -: 1713:	p->cost[14] =
        -: 1714:	p->cost[15] =
        -: 1715:	p->cost[16] =
        -: 1716:	p->cost[17] =
        -: 1717:	p->cost[18] =
        -: 1718:	p->cost[19] =
        -: 1719:	p->cost[20] =
        -: 1720:	p->cost[21] =
        -: 1721:		0x7fff;
    #####: 1722:	switch (OP_LABEL(a)) {
        -: 1723:	case 41: /* ARGB */
    #####: 1724:		_label(LEFT_CHILD(a));
    #####: 1725:		if (	/* stmt: ARGB(INDIRB(reg)) */
        -: 1726:			LEFT_CHILD(a)->op == 73 /* INDIRB */
        -: 1727:		) {
    #####: 1728:			c = ((struct _state *)(LEFT_CHILD(LEFT_CHILD(a))->x.state))->cost[_reg_NT] + 0;
    #####: 1729:			if (c + 0 < p->cost[_stmt_NT]) {
    #####: 1730:				p->cost[_stmt_NT] = c + 0;
    #####: 1731:				p->rule._stmt = 48;
        -: 1732:			}
        -: 1733:		}
    #####: 1734:		break;
        -: 1735:	case 57: /* ASGNB */
    #####: 1736:		_label(LEFT_CHILD(a));
    #####: 1737:		_label(RIGHT_CHILD(a));
    #####: 1738:		if (	/* stmt: ASGNB(reg,INDIRB(reg)) */
        -: 1739:			RIGHT_CHILD(a)->op == 73 /* INDIRB */
        -: 1740:		) {
    #####: 1741:			c = ((struct _state *)(LEFT_CHILD(a)->x.state))->cost[_reg_NT] + ((struct _state *)(LEFT_CHILD(RIGHT_CHILD(a))->x.state))->cost[_reg_NT] + 0;
    #####: 1742:			if (c + 0 < p->cost[_stmt_NT]) {
    #####: 1743:				p->cost[_stmt_NT] = c + 0;
    #####: 1744:				p->rule._stmt = 47;
        -: 1745:			}
        -: 1746:		}
    #####: 1747:		break;
        -: 1748:	case 73: /* INDIRB */
    #####: 1749:		_label(LEFT_CHILD(a));
    #####: 1750:		break;
        -: 1751:	case 216: /* CALLV */
    #####: 1752:		_label(LEFT_CHILD(a));
        -: 1753:		/* stmt: CALLV(addrj) */
    #####: 1754:		c = ((struct _state *)(LEFT_CHILD(a)->x.state))->cost[_addrj_NT] + 0;
    #####: 1755:		if (c + 0 < p->cost[_stmt_NT]) {
    #####: 1756:			p->cost[_stmt_NT] = c + 0;
    #####: 1757:			p->rule._stmt = 90;
        -: 1758:		}
    #####: 1759:		break;
        -: 1760:	case 217: /* CALLB */
    #####: 1761:		break;
        -: 1762:	case 233: /* LOADB */
    #####: 1763:		break;
        -: 1764:	case 248: /* RETV */
    #####: 1765:		break;
        -: 1766:	case 584: /* JUMPV */
    #####: 1767:		_label(LEFT_CHILD(a));
        -: 1768:		/* stmt: JUMPV(addrj) */
    #####: 1769:		c = ((struct _state *)(LEFT_CHILD(a)->x.state))->cost[_addrj_NT] + 3;
    #####: 1770:		if (c + 0 < p->cost[_stmt_NT]) {
    #####: 1771:			p->cost[_stmt_NT] = c + 0;
    #####: 1772:			p->rule._stmt = 54;
        -: 1773:		}
    #####: 1774:		break;
        -: 1775:	case 600: /* LABELV */
        -: 1776:		/* stmt: LABELV */
    #####: 1777:		if (0 + 0 < p->cost[_stmt_NT]) {
    #####: 1778:			p->cost[_stmt_NT] = 0 + 0;
    #####: 1779:			p->rule._stmt = 55;
        -: 1780:		}
    #####: 1781:		break;
        -: 1782:	case 711: /* VREGP */
    #####: 1783:		break;
        -: 1784:	case 1045: /* CNSTI1 */
        -: 1785:		/* con: CNSTI1 */
    #####: 1786:		if (0 + 0 < p->cost[_con_NT]) {
    #####: 1787:			p->cost[_con_NT] = 0 + 0;
    #####: 1788:			p->rule._con = 1;
    #####: 1789:			_closure_con(a, 0 + 0);
        -: 1790:		}
    #####: 1791:		break;
        -: 1792:	case 1046: /* CNSTU1 */
        -: 1793:		/* con: CNSTU1 */
    #####: 1794:		if (0 + 0 < p->cost[_con_NT]) {
    #####: 1795:			p->cost[_con_NT] = 0 + 0;
    #####: 1796:			p->rule._con = 2;
    #####: 1797:			_closure_con(a, 0 + 0);
        -: 1798:		}
    #####: 1799:		break;
        -: 1800:	case 1077: /* ASGNI1 */
    #####: 1801:		_label(LEFT_CHILD(a));
    #####: 1802:		_label(RIGHT_CHILD(a));
    #####: 1803:		if (	/* stmt: ASGNI1(VREGP,reg) */
        -: 1804:			LEFT_CHILD(a)->op == 711 /* VREGP */
        -: 1805:		) {
    #####: 1806:			c = ((struct _state *)(RIGHT_CHILD(a)->x.state))->cost[_reg_NT] + 0;
    #####: 1807:			if (c + 0 < p->cost[_stmt_NT]) {
    #####: 1808:				p->cost[_stmt_NT] = c + 0;
    #####: 1809:				p->rule._stmt = 1;
        -: 1810:			}
        -: 1811:		}
        -: 1812:		/* stmt: ASGNI1(addr,rc) */
    #####: 1813:		c = ((struct _state *)(LEFT_CHILD(a)->x.state))->cost[_addr_NT] + ((struct _state *)(RIGHT_CHILD(a)->x.state))->cost[_rc_NT] + 1;
    #####: 1814:		if (c + 0 < p->cost[_stmt_NT]) {
    #####: 1815:			p->cost[_stmt_NT] = c + 0;
    #####: 1816:			p->rule._stmt = 37;
        -: 1817:		}
    #####: 1818:		break;
        -: 1819:	case 1078: /* ASGNU1 */
    #####: 1820:		_label(LEFT_CHILD(a));
    #####: 1821:		_label(RIGHT_CHILD(a));
    #####: 1822:		if (	/* stmt: ASGNU1(VREGP,reg) */
        -: 1823:			LEFT_CHILD(a)->op == 711 /* VREGP */
        -: 1824:		) {
    #####: 1825:			c = ((struct _state *)(RIGHT_CHILD(a)->x.state))->cost[_reg_NT] + 0;
    #####: 1826:			if (c + 0 < p->cost[_stmt_NT]) {
[...]
    #####: 5356:        charreg[EBX]  = mkreg("bl", EBX, 1, IREG);
    #####: 5357:        for (i = 0; i < 8; i++)
    #####: 5358:                fltreg[i] = mkreg("%d", i, 0, FREG);
    #####: 5359:        charregw = mkwildcard(charreg);
    #####: 5360:        shortregw = mkwildcard(shortreg);
    #####: 5361:        intregw = mkwildcard(intreg);
    #####: 5362:        fltregw = mkwildcard(fltreg);
        -: 5363:
    #####: 5364:        tmask[IREG] = (1<<EDI) | (1<<ESI) | (1<<EBX)
        -: 5365:                    | (1<<EDX) | (1<<ECX) | (1<<EAX);
    #####: 5366:        vmask[IREG] = 0;
    #####: 5367:        tmask[FREG] = 0xff;
    #####: 5368:        vmask[FREG] = 0;
    #####: 5369:        print(".486\n");
    #####: 5370:        print(".model flat\n");
    #####: 5371:        print("extrn __fltused:near\n");
    #####: 5372:        print("extrn __ftol:near\n");
    #####: 5373:        cseg = 0;
    #####: 5374:        quo = mkreg("eax", EAX, 1, IREG);
    #####: 5375:        quo->x.regnode->mask |= 1<<EDX;
    #####: 5376:        rem = mkreg("edx", EDX, 1, IREG);
    #####: 5377:        rem->x.regnode->mask |= 1<<EAX;
        -: 5378:}
function rmap called 0 returned 0% blocks executed 0%
    #####: 5379:static Symbol rmap(int opk) {
    #####: 5380:        switch (optype(opk)) {
        -: 5381:        case B: case P:
    #####: 5382:                return intregw;
        -: 5383:        case I: case U:
    #####: 5384:                if (opsize(opk) == 1)
    #####: 5385:                        return charregw;
    #####: 5386:                else if (opsize(opk) == 2)
    #####: 5387:                        return shortregw;
        -: 5388:                else
    #####: 5389:                        return intregw;
        -: 5390:        case F:
    #####: 5391:                return fltregw;
        -: 5392:        default:
    #####: 5393:                return 0;
        -: 5394:        }
        -: 5395:}
function segment called 0 returned 0% blocks executed 0%
    #####: 5396:static void segment(int n) {
    #####: 5397:        if (n == cseg)
    #####: 5398:                return;
    #####: 5399:        if (cseg == CODE || cseg == LIT)
    #####: 5400:                print("_TEXT ends\n");
    #####: 5401:        else if (cseg == DATA || cseg == BSS)
    #####: 5402:                print("_DATA ends\n");
    #####: 5403:        cseg = n;
    #####: 5404:        if (cseg == CODE || cseg == LIT)
    #####: 5405:                print("_TEXT segment\n");
    #####: 5406:        else if (cseg == DATA || cseg == BSS)
    #####: 5407:                print("_DATA segment\n");
        -: 5408:}
function progend called 0 returned 0% blocks executed 0%
    #####: 5409:static void progend(void) {
    #####: 5410:        segment(0);
    #####: 5411:        print("end\n");
        -: 5412:}
function target called 0 returned 0% blocks executed 0%
    #####: 5413:static void target(Node p) {
    #####: 5414:        assert(p);
    #####: 5415:        switch (specific(p->op)) {
        -: 5416:        case MUL+U:
    #####: 5417:                setreg(p, quo);
    #####: 5418:                rtarget(p, 0, intreg[EAX]);
    #####: 5419:                break;
        -: 5420:        case DIV+I: case DIV+U:
    #####: 5421:                setreg(p, quo);
    #####: 5422:                rtarget(p, 0, quo);
    #####: 5423:                break;
        -: 5424:        case MOD+I: case MOD+U:
    #####: 5425:                setreg(p, rem);
    #####: 5426:                rtarget(p, 0, quo);
    #####: 5427:                break;
        -: 5428:        case ASGN+B:
    #####: 5429:                rtarget(p, 0, intreg[EDI]);
    #####: 5430:                rtarget(p->kids[1], 0, intreg[ESI]);
    #####: 5431:                break;
        -: 5432:        case ARG+B:
    #####: 5433:                rtarget(p->kids[0], 0, intreg[ESI]);
    #####: 5434:                break;
        -: 5435:        case CVF+I:
    #####: 5436:                setreg(p, intreg[EAX]);
    #####: 5437:                break;
        -: 5438:        case CALL+I: case CALL+U: case CALL+P: case CALL+V:
    #####: 5439:                setreg(p, intreg[EAX]);
    #####: 5440:                break;
        -: 5441:        case RET+I: case RET+U: case RET+P:
    #####: 5442:                rtarget(p, 0, intreg[EAX]);
    #####: 5443:                break;
        -: 5444:        }
        -: 5445:}
        -: 5446:
function clobber called 0 returned 0% blocks executed 0%
    #####: 5447:static void clobber(Node p) {
    #####: 5448:        static int nstack = 0;
        -: 5449:
    #####: 5450:        assert(p);
    #####: 5451:        nstack = ckstack(p, nstack);
    #####: 5452:        switch (specific(p->op)) {
        -: 5453:        case RSH+I: case RSH+U: case LSH+I: case LSH+U:
    #####: 5454:                if (generic(p->kids[1]->op) != CNST
        -: 5455:                && !(   generic(p->kids[1]->op) == INDIR
        -: 5456:                     && specific(p->kids[1]->kids[0]->op) == VREG+P
        -: 5457:                     && p->kids[1]->syms[RX]->u.t.cse
        -: 5458:                     && generic(p->kids[1]->syms[RX]->u.t.cse->op) == CNST
        -: 5459:)) {
    #####: 5460:                        spill(1<<ECX, 1, p);
        -: 5461:                }
    #####: 5462:                break;
        -: 5463:        case ASGN+B: case ARG+B:
    #####: 5464:                spill(1<<ECX | 1<<ESI | 1<<EDI, IREG, p);
    #####: 5465:                break;
        -: 5466:        case EQ+F: case LE+F: case GE+F: case LT+F: case GT+F: case NE+F:
    #####: 5467:                spill(1<<EAX, IREG, p);
    #####: 5468:                break;
        -: 5469:        case CALL+F:
    #####: 5470:                spill(1<<EDX | 1<<EAX | 1<<ECX, IREG, p);
    #####: 5471:                break;
        -: 5472:        case CALL+I: case CALL+U: case CALL+P: case CALL+V:
    #####: 5473:                spill(1<<EDX | 1<<ECX, IREG, p);
    #####: 5474:                break;
        -: 5475:        }
        -: 5476:}
        -: 5477:#define isfp(p) (optype((p)->op)==F)
        -: 5478:
function ckstack called 5 returned 100% blocks executed 56%
        5: 5479:int ckstack(Node p, int n) {
        5: 5480:        int i;
        -: 5481:
        8: 5482:        for (i = 0; i < NELEMS(p->x.kids) && p->x.kids[i]; i++)
        3: 5483:                if (isfp(p->x.kids[i]))
    #####: 5484:                        n--;
        5: 5485:        if (isfp(p) && p->count > 0)
    #####: 5486:                n++;
        5: 5487:        if (n > 8)
    #####: 5488:                error("expression too complicated\n");
        5: 5489:        debug(fprint(stderr, "(ckstack(%x)=%d)\n", p, n));
        5: 5490:        assert(n >= 0);
        5: 5491:        return n;
        -: 5492:}
function memop called 0 returned 0% blocks executed 0%
    #####: 5493:int memop(Node p) {
    #####: 5494:        assert(p);
    #####: 5495:        assert(generic(p->op) == ASGN);
    #####: 5496:        assert(p->kids[0]);
    #####: 5497:        assert(p->kids[1]);
    #####: 5498:        if (generic(p->kids[1]->kids[0]->op) == INDIR
        -: 5499:        && sametree(p->kids[0], p->kids[1]->kids[0]->kids[0]))
    #####: 5500:                return 3;
        -: 5501:        else
    #####: 5502:                return LBURG_MAX;
        -: 5503:}
function sametree called 0 returned 0% blocks executed 0%
    #####: 5504:int sametree(Node p, Node q) {
    #####: 5505:        return p == NULL && q == NULL
        -: 5506:        || p && q && p->op == q->op && p->syms[0] == q->syms[0]
        -: 5507:                && sametree(p->kids[0], q->kids[0])
        -: 5508:                && sametree(p->kids[1], q->kids[1]);
        -: 5509:}
function emit2 called 0 returned 0% blocks executed 0%
    #####: 5510:static void emit2(Node p) {
    #####: 5511:        int op = specific(p->op);
        -: 5512:#define preg(f) ((f)[getregnum(p->x.kids[0])]->x.name)
        -: 5513:
    #####: 5514:        if (op == CVI+I && opsize(p->op) == 4 && opsize(p->x.kids[0]->op) == 1)
    #####: 5515:                print("movsx %s,%s\n", p->syms[RX]->x.name
        -: 5516:, preg(charreg));
    #####: 5517:        else if (op == CVI+U && opsize(p->op) == 4 && opsize(p->x.kids[0]->op) == 1)
    #####: 5518:                print("movsx %s,%s\n", p->syms[RX]->x.name
        -: 5519:, preg(charreg));
    #####: 5520:        else if (op == CVI+I && opsize(p->op) == 4 && opsize(p->x.kids[0]->op) == 2)
    #####: 5521:                print("movsx %s,%s\n", p->syms[RX]->x.name
        -: 5522:, preg(shortreg));
    #####: 5523:        else if (op == CVI+U && opsize(p->op) == 4 && opsize(p->x.kids[0]->op) == 2)
    #####: 5524:                print("movsx %s,%s\n", p->syms[RX]->x.name
        -: 5525:, preg(shortreg));
        -: 5526:
    #####: 5527:        else if (op == CVU+I && opsize(p->op) == 4 && opsize(p->x.kids[0]->op) == 1)
    #####: 5528:                print("movzx %s,%s\n", p->syms[RX]->x.name
        -: 5529:, preg(charreg));
    #####: 5530:        else if (op == CVU+U && opsize(p->op) == 4 && opsize(p->x.kids[0]->op) == 1)
    #####: 5531:                print("movzx %s,%s\n", p->syms[RX]->x.name
        -: 5532:, preg(charreg));
    #####: 5533:        else if (op == CVU+I && opsize(p->op) == 4 && opsize(p->x.kids[0]->op) == 2)
    #####: 5534:                print("movzx %s,%s\n", p->syms[RX]->x.name
        -: 5535:, preg(shortreg));
    #####: 5536:        else if (op == CVU+U && opsize(p->op) == 4 && opsize(p->x.kids[0]->op) == 2)
    #####: 5537:                print("movzx %s,%s\n", p->syms[RX]->x.name
        -: 5538:, preg(shortreg));
    #####: 5539:        else if (generic(op) == CVI || generic(op) == CVU || generic(op) == LOAD) {
    #####: 5540:                char *dst = intreg[getregnum(p)]->x.name;
    #####: 5541:                char *src = preg(intreg);
    #####: 5542:                assert(opsize(p->op) <= opsize(p->x.kids[0]->op));
    #####: 5543:                if (dst != src)
    #####: 5544:                        print("mov %s,%s\n", dst, src);
        -: 5545:        }
        -: 5546:}
        -: 5547:
function doarg called 0 returned 0% blocks executed 0%
    #####: 5548:static void doarg(Node p) {
    #####: 5549:        assert(p && p->syms[0]);
    #####: 5550:        mkactual(4, p->syms[0]->u.c.v.i);
        -: 5551:}
function blkfetch called 0 returned 0% blocks executed 0%
    #####: 5552:static void blkfetch(int k, int off, int reg, int tmp) {}
function blkstore called 0 returned 0% blocks executed 0%
    #####: 5553:static void blkstore(int k, int off, int reg, int tmp) {}
        -: 5554:static void blkloop(int dreg, int doff, int sreg, int soff,
function blkloop called 0 returned 0% blocks executed 0%
    #####: 5555:        int size, int tmps[]) {}
function local called 0 returned 0% blocks executed 0%
    #####: 5556:static void local(Symbol p) {
    #####: 5557:        if (isfloat(p->type))
    #####: 5558:                p->sclass = AUTO;
    #####: 5559:        if (askregvar(p, (*IR->x.rmap)(ttob(p->type))) == 0)
    #####: 5560:                mkauto(p);
        -: 5561:}
function function called 0 returned 0% blocks executed 0%
    #####: 5562:static void function(Symbol f, Symbol caller[], Symbol callee[], int n) {
    #####: 5563:        int i;
        -: 5564:
    #####: 5565:        print("%s:\n", f->x.name);
    #####: 5566:        print("push ebx\n");
    #####: 5567:        print("push esi\n");
    #####: 5568:        print("push edi\n");
    #####: 5569:        print("push ebp\n");
    #####: 5570:        print("mov ebp,esp\n");
    #####: 5571:        usedmask[0] = usedmask[1] = 0;
    #####: 5572:        freemask[0] = freemask[1] = ~(unsigned)0;
    #####: 5573:        offset = 16 + 4;
    #####: 5574:        for (i = 0; callee[i]; i++) {
    #####: 5575:                Symbol p = callee[i];
    #####: 5576:                Symbol q = caller[i];
    #####: 5577:                assert(q);
    #####: 5578:                p->x.offset = q->x.offset = offset;
    #####: 5579:                p->x.name = q->x.name = stringf("%d", p->x.offset);
    #####: 5580:                p->sclass = q->sclass = AUTO;
    #####: 5581:                offset += roundup(q->type->size, 4);
        -: 5582:        }
    #####: 5583:        assert(caller[i] == 0);
    #####: 5584:        offset = maxoffset = 0;
    #####: 5585:        gencode(caller, callee);
    #####: 5586:        framesize = roundup(maxoffset, 4);
    #####: 5587:        if (framesize > 0)
    #####: 5588:                print("sub esp,%d\n", framesize);
    #####: 5589:        emitcode();
    #####: 5590:        print("mov esp,ebp\n");
    #####: 5591:        print("pop ebp\n");
    #####: 5592:        print("pop edi\n");
    #####: 5593:        print("pop esi\n");
    #####: 5594:        print("pop ebx\n");
    #####: 5595:        print("ret\n");
        -: 5596:}
function defsymbol called 0 returned 0% blocks executed 0%
    #####: 5597:static void defsymbol(Symbol p) {
    #####: 5598:        if (p->scope >= LOCAL && p->sclass == STATIC)
    #####: 5599:                p->x.name = stringf("L%d", genlabel(1));
    #####: 5600:        else if (p->generated)
    #####: 5601:                p->x.name = stringf("L%s", p->name);
    #####: 5602:        else if (p->scope == GLOBAL || p->sclass == EXTERN)
    #####: 5603:                p->x.name = stringf("_%s", p->name);
    #####: 5604:        else if (p->scope == CONSTANTS
        -: 5605:        && (isint(p->type) || isptr(p->type))
        -: 5606:        && p->name[0] == '0' && p->name[1] == 'x')
    #####: 5607:                p->x.name = stringf("0%sH", &p->name[2]);
        -: 5608:        else
    #####: 5609:                p->x.name = p->name;
        -: 5610:}
function address called 0 returned 0% blocks executed 0%
    #####: 5611:static void address(Symbol q, Symbol p, long n) {
    #####: 5612:        if (p->scope == GLOBAL
        -: 5613:        || p->sclass == STATIC || p->sclass == EXTERN)
    #####: 5614:                q->x.name = stringf("%s%s%D",
        -: 5615:                        p->x.name, n >= 0 ? "+" : "", n);
        -: 5616:        else {
    #####: 5617:                assert(n <= INT_MAX && n >= INT_MIN);
    #####: 5618:                q->x.offset = p->x.offset + n;
    #####: 5619:                q->x.name = stringd(q->x.offset);
        -: 5620:        }
        -: 5621:}
function defconst called 0 returned 0% blocks executed 0%
    #####: 5622:static void defconst(int suffix, int size, Value v) {
    #####: 5623:        if (suffix == I && size == 1)
    #####: 5624:                print("db %d\n",   v.u);
    #####: 5625:        else if (suffix == I && size == 2)
    #####: 5626:                print("dw %d\n",   v.i);
    #####: 5627:        else if (suffix == I && size == 4)
    #####: 5628:                print("dd %d\n",   v.i);
    #####: 5629:        else if (suffix == U && size == 1)
    #####: 5630:                print("db 0%xH\n", v.u);
    #####: 5631:        else if (suffix == U && size == 2)
    #####: 5632:                print("dw 0%xH\n", v.u);
    #####: 5633:        else if (suffix == U && size == 4)
    #####: 5634:                print("dd 0%xH\n", v.u);
    #####: 5635:        else if (suffix == P && size == 4)
    #####: 5636:                print("dd 0%xH\n", v.p);
    #####: 5637:        else if (suffix == F && size == 4) {
    #####: 5638:                float f = v.d;
    #####: 5639:                print("dd 0%xH\n", *(unsigned *)&f);
        -: 5640:        }
    #####: 5641:        else if (suffix == F && size == 8) {
    #####: 5642:                double d = v.d;
    #####: 5643:                unsigned *p = (unsigned *)&d;
    #####: 5644:                print("dd 0%xH\ndd 0%xH\n", p[swap], p[!swap]);
        -: 5645:        }
    #####: 5646:        else assert(0);
        -: 5647:}
function defaddress called 0 returned 0% blocks executed 0%
    #####: 5648:static void defaddress(Symbol p) {
    #####: 5649:        print("dd %s\n", p->x.name);
        -: 5650:}
function defstring called 0 returned 0% blocks executed 0%
    #####: 5651:static void defstring(int n, char *str) {
    #####: 5652:        char *s;
        -: 5653:
    #####: 5654:        for (s = str; s < str + n; s++)
    #####: 5655:                print("db %d\n", (*s)&0377);
        -: 5656:}
function export called 0 returned 0% blocks executed 0%
    #####: 5657:static void export(Symbol p) {
    #####: 5658:        print("public %s\n", p->x.name);
        -: 5659:}
function import called 0 returned 0% blocks executed 0%
    #####: 5660:static void import(Symbol p) {
    #####: 5661:        int oldseg = cseg;
        -: 5662:
    #####: 5663:        if (p->ref > 0) {
    #####: 5664:                segment(0);
    #####: 5665:                print("extrn %s:near\n", p->x.name);
    #####: 5666:                segment(oldseg);
        -: 5667:        }
        -: 5668:}
function global called 0 returned 0% blocks executed 0%
    #####: 5669:static void global(Symbol p) {
    #####: 5670:        print("align %d\n",
        -: 5671:                p->type->align > 4 ? 4 : p->type->align);
    #####: 5672:        print("%s label byte\n", p->x.name);
    #####: 5673:        if (p->u.seg == BSS)
    #####: 5674:                print("db %d dup (0)\n", p->type->size);
        -: 5675:}
function space called 0 returned 0% blocks executed 0%
    #####: 5676:static void space(int n) {
    #####: 5677:        if (cseg != BSS)
    #####: 5678:                print("db %d dup (0)\n", n);
        -: 5679:}
        -: 5680:Interface x86IR = {
        -: 5681:        1, 1, 0,  /* char */
        -: 5682:        2, 2, 0,  /* short */
        -: 5683:        4, 4, 0,  /* int */
        -: 5684:        4, 4, 0,  /* long */
        -: 5685:        4, 4, 0,  /* long long */
        -: 5686:        4, 4, 1,  /* float */
        -: 5687:        8, 4, 1,  /* double */
        -: 5688:        8, 4, 1,  /* long double */
        -: 5689:        4, 4, 0,  /* T * */
        -: 5690:        0, 4, 0,  /* struct; so that ARGB keeps stack aligned */
        -: 5691:        1,        /* little_endian */
        -: 5692:        0,        /* mulops_calls */
        -: 5693:        0,        /* wants_callb */
        -: 5694:        1,        /* wants_argb */
        -: 5695:        0,        /* left_to_right */
        -: 5696:        0,        /* wants_dag */
        -: 5697:        0,        /* unsigned_char */
        -: 5698:        address,
        -: 5699:        blockbeg,
        -: 5700:        blockend,
        -: 5701:        defaddress,
        -: 5702:        defconst,
        -: 5703:        defstring,
        -: 5704:        defsymbol,
        -: 5705:        emit,
        -: 5706:        export,
        -: 5707:        function,
        -: 5708:        gen,
        -: 5709:        global,
        -: 5710:        import,
        -: 5711:        local,
        -: 5712:        progbeg,
        -: 5713:        progend,
        -: 5714:        segment,
        -: 5715:        space,
        -: 5716:        0, 0, 0, 0, 0, 0, 0,
        -: 5717:        {1, rmap,
        -: 5718:            blkfetch, blkstore, blkloop,
        -: 5719:            _label,
        -: 5720:            _rule,
        -: 5721:            _nts,
        -: 5722:            _kids,
        -: 5723:            _string,
        -: 5724:            _templates,
        -: 5725:            _isinstruction,
        -: 5726:            _ntname,
        -: 5727:            emit2,
        -: 5728:            doarg,
        -: 5729:            target,
        -: 5730:            clobber,
        -: 5731:}
        -: 5732:};
        -: 5733:static char rcsid[] = "$Id: x86.nw,v 2.25 1998/07/02 00:26:44 drh Exp $";
