        -:    0:Source:/home/coolbar/Desktop/tmp/lcc-4.1/lcc/x86linux.c
        -:    0:Graph:lcc/x86linux.gcno
        -:    0:Data:lcc/x86linux.gcda
        -:    0:Runs:1
        -:    0:Programs:1
        -:    1:/* x86/linux lburg spec. Derived from x86.md by
        -:    2:Marcos Ramirez <marcos@inf.utfsm.cl>
        -:    3:Horst von Brand <vonbrand@sleipnir.valparaiso.cl>
        -:    4:Jacob Navia <jacob@jacob.remcomp.fr>
        -:    5:*/
        -:    6:enum { EAX=0, ECX=1, EDX=2, EBX=3, ESI=6, EDI=7 };
        -:    7:#include "c.h"
        -:    8:#define NODEPTR_TYPE Node
        -:    9:#define OP_LABEL(p) ((p)->op)
        -:   10:#define LEFT_CHILD(p) ((p)->kids[0])
        -:   11:#define RIGHT_CHILD(p) ((p)->kids[1])
        -:   12:#define STATE_LABEL(p) ((p)->x.state)
        -:   13:extern int ckstack(Node, int);
        -:   14:extern int memop(Node);
        -:   15:extern int sametree(Node, Node);
        -:   16:static Symbol charreg[32], shortreg[32], intreg[32];
        -:   17:static Symbol fltreg[32];
        -:   18:
        -:   19:static Symbol charregw, shortregw, intregw, fltregw;
        -:   20:
        -:   21:static int cseg;
        -:   22:
        -:   23:static Symbol quo, rem;
        -:   24:
        -:   25:extern char *stabprefix;
        -:   26:extern void stabblock(int, int, Symbol*);
        -:   27:extern void stabend(Coordinate *, Symbol, Coordinate **, Symbol *, Symbol *);
        -:   28:extern void stabfend(Symbol, int);
        -:   29:extern void stabinit(char *, int, char *[]);
        -:   30:extern void stabline(Coordinate *);
        -:   31:extern void stabsym(Symbol);
        -:   32:extern void stabtype(Symbol);
        -:   33:
        -:   34:static int pflag = 0;
        -:   35:static char rcsid[] = "$Id: x86.nw,v 2.25 1998/07/02 00:26:44 drh Exp $";
        -:   36:
        -:   37:#define hasargs(p) (p->syms[0] && p->syms[0]->u.c.v.i > 0 ? 0 : LBURG_MAX)
        -:   38:/*
        -:   39:generated at Tue Dec 13 00:36:43 2011
        -:   40:by $Id: lburg.c,v 2.8 1997/10/30 23:41:10 drh Exp $
        -:   41:*/
        -:   42:static void _kids(NODEPTR_TYPE, int, NODEPTR_TYPE[]);
        -:   43:static void _label(NODEPTR_TYPE);
        -:   44:static int _rule(void*, int);
        -:   45:
        -:   46:#define _stmt_NT 1
        -:   47:#define _reg_NT 2
        -:   48:#define _freg_NT 3
        -:   49:#define _cnst_NT 4
        -:   50:#define _con_NT 5
        -:   51:#define _acon_NT 6
        -:   52:#define _baseaddr_NT 7
        -:   53:#define _base_NT 8
        -:   54:#define _index_NT 9
        -:   55:#define _con1_NT 10
        -:   56:#define _con2_NT 11
        -:   57:#define _con3_NT 12
        -:   58:#define _con0_NT 13
        -:   59:#define _addr_NT 14
        -:   60:#define _mem1_NT 15
        -:   61:#define _mem2_NT 16
        -:   62:#define _mem4_NT 17
        -:   63:#define _rc_NT 18
        -:   64:#define _mr_NT 19
        -:   65:#define _mr1_NT 20
        -:   66:#define _mr2_NT 21
        -:   67:#define _mrc_NT 22
        -:   68:#define _rc5_NT 23
        -:   69:#define _mrca_NT 24
        -:   70:#define _memf_NT 25
        -:   71:#define _flt_NT 26
        -:   72:#define _addrj_NT 27
        -:   73:#define _cmpf_NT 28
        -:   74:
        -:   75:static char *_ntname[] = {
        -:   76:	0,
        -:   77:	"stmt",
        -:   78:	"reg",
        -:   79:	"freg",
        -:   80:	"cnst",
        -:   81:	"con",
        -:   82:	"acon",
        -:   83:	"baseaddr",
        -:   84:	"base",
        -:   85:	"index",
        -:   86:	"con1",
        -:   87:	"con2",
        -:   88:	"con3",
        -:   89:	"con0",
        -:   90:	"addr",
        -:   91:	"mem1",
        -:   92:	"mem2",
        -:   93:	"mem4",
        -:   94:	"rc",
        -:   95:	"mr",
        -:   96:	"mr1",
        -:   97:	"mr2",
        -:   98:	"mrc",
        -:   99:	"rc5",
        -:  100:	"mrca",
        -:  101:	"memf",
        -:  102:	"flt",
        -:  103:	"addrj",
        -:  104:	"cmpf",
        -:  105:	0
        -:  106:};
        -:  107:
        -:  108:struct _state {
        -:  109:	short cost[29];
        -:  110:	struct {
        -:  111:		unsigned int _stmt:7;
        -:  112:		unsigned int _reg:7;
        -:  113:		unsigned int _freg:6;
        -:  114:		unsigned int _cnst:4;
        -:  115:		unsigned int _con:1;
        -:  116:		unsigned int _acon:2;
        -:  117:		unsigned int _baseaddr:1;
        -:  118:		unsigned int _base:3;
        -:  119:		unsigned int _index:3;
        -:  120:		unsigned int _con1:2;
        -:  121:		unsigned int _con2:2;
        -:  122:		unsigned int _con3:2;
        -:  123:		unsigned int _con0:2;
        -:  124:		unsigned int _addr:4;
        -:  125:		unsigned int _mem1:2;
        -:  126:		unsigned int _mem2:2;
        -:  127:		unsigned int _mem4:2;
        -:  128:		unsigned int _rc:2;
        -:  129:		unsigned int _mr:2;
        -:  130:		unsigned int _mr1:2;
        -:  131:		unsigned int _mr2:2;
        -:  132:		unsigned int _mrc:3;
        -:  133:		unsigned int _rc5:2;
        -:  134:		unsigned int _mrca:3;
        -:  135:		unsigned int _memf:3;
        -:  136:		unsigned int _flt:2;
        -:  137:		unsigned int _addrj:2;
        -:  138:		unsigned int _cmpf:3;
        -:  139:	} rule;
        -:  140:};
        -:  141:
        -:  142:static short _nts_0[] = { 0 };
        -:  143:static short _nts_1[] = { _reg_NT, 0 };
        -:  144:static short _nts_2[] = { _cnst_NT, 0 };
        -:  145:static short _nts_3[] = { _freg_NT, 0 };
        -:  146:static short _nts_4[] = { _reg_NT, _acon_NT, 0 };
        -:  147:static short _nts_5[] = { _reg_NT, _con1_NT, 0 };
        -:  148:static short _nts_6[] = { _reg_NT, _con2_NT, 0 };
        -:  149:static short _nts_7[] = { _reg_NT, _con3_NT, 0 };
        -:  150:static short _nts_8[] = { _base_NT, 0 };
        -:  151:static short _nts_9[] = { _baseaddr_NT, 0 };
        -:  152:static short _nts_10[] = { _index_NT, _baseaddr_NT, 0 };
        -:  153:static short _nts_11[] = { _reg_NT, _baseaddr_NT, 0 };
        -:  154:static short _nts_12[] = { _index_NT, _reg_NT, 0 };
        -:  155:static short _nts_13[] = { _index_NT, 0 };
        -:  156:static short _nts_14[] = { _addr_NT, 0 };
        -:  157:static short _nts_15[] = { _con_NT, 0 };
        -:  158:static short _nts_16[] = { _mem4_NT, 0 };
        -:  159:static short _nts_17[] = { _mem1_NT, 0 };
        -:  160:static short _nts_18[] = { _mem2_NT, 0 };
        -:  161:static short _nts_19[] = { _rc_NT, 0 };
        -:  162:static short _nts_20[] = { _mr_NT, 0 };
        -:  163:static short _nts_21[] = { _mr1_NT, 0 };
        -:  164:static short _nts_22[] = { _mr2_NT, 0 };
        -:  165:static short _nts_23[] = { _reg_NT, _mrc_NT, 0 };
        -:  166:static short _nts_24[] = { _addr_NT, _mem4_NT, _con1_NT, 0 };
        -:  167:static short _nts_25[] = { _addr_NT, _mem4_NT, _rc_NT, 0 };
        -:  168:static short _nts_26[] = { _addr_NT, _mem4_NT, 0 };
        -:  169:static short _nts_27[] = { _reg_NT, _rc5_NT, 0 };
        -:  170:static short _nts_28[] = { _addr_NT, _mem4_NT, _rc5_NT, 0 };
        -:  171:static short _nts_29[] = { _con_NT, _mr_NT, 0 };
        -:  172:static short _nts_30[] = { _reg_NT, _mr_NT, 0 };
        -:  173:static short _nts_31[] = { _reg_NT, _reg_NT, 0 };
        -:  174:static short _nts_32[] = { _addr_NT, _rc_NT, 0 };
        -:  175:static short _nts_33[] = { _mrca_NT, 0 };
        -:  176:static short _nts_34[] = { _memf_NT, 0 };
        -:  177:static short _nts_35[] = { _addr_NT, _freg_NT, 0 };
        -:  178:static short _nts_36[] = { _freg_NT, _flt_NT, 0 };
        -:  179:static short _nts_37[] = { _addrj_NT, 0 };
        -:  180:static short _nts_38[] = { _mem4_NT, _rc_NT, 0 };
        -:  181:static short _nts_39[] = { _mr_NT, _con_NT, _con0_NT, 0 };
        -:  182:static short _nts_40[] = { _addr_NT, _con_NT, _con0_NT, 0 };
        -:  183:static short _nts_41[] = { _cmpf_NT, _freg_NT, 0 };
        -:  184:static short _nts_42[] = { _freg_NT, _addr_NT, 0 };
        -:  185:
        -:  186:static short *_nts[] = {
        -:  187:	0,	/* 0 */
        -:  188:	_nts_0,	/* 1 */
        -:  189:	_nts_0,	/* 2 */
        -:  190:	_nts_0,	/* 3 */
        -:  191:	_nts_0,	/* 4 */
        -:  192:	_nts_0,	/* 5 */
        -:  193:	_nts_0,	/* 6 */
        -:  194:	_nts_0,	/* 7 */
        -:  195:	_nts_0,	/* 8 */
        -:  196:	_nts_0,	/* 9 */
        -:  197:	_nts_0,	/* 10 */
        -:  198:	_nts_0,	/* 11 */
        -:  199:	_nts_0,	/* 12 */
        -:  200:	_nts_1,	/* 13 */
        -:  201:	_nts_1,	/* 14 */
        -:  202:	_nts_1,	/* 15 */
        -:  203:	_nts_1,	/* 16 */
        -:  204:	_nts_1,	/* 17 */
        -:  205:	_nts_1,	/* 18 */
        -:  206:	_nts_1,	/* 19 */
        -:  207:	_nts_1,	/* 20 */
        -:  208:	_nts_1,	/* 21 */
        -:  209:	_nts_1,	/* 22 */
        -:  210:	_nts_1,	/* 23 */
        -:  211:	_nts_1,	/* 24 */
        -:  212:	_nts_0,	/* 25 */
        -:  213:	_nts_0,	/* 26 */
        -:  214:	_nts_0,	/* 27 */
        -:  215:	_nts_0,	/* 28 */
        -:  216:	_nts_0,	/* 29 */
        -:  217:	_nts_0,	/* 30 */
        -:  218:	_nts_0,	/* 31 */
        -:  219:	_nts_0,	/* 32 */
        -:  220:	_nts_0,	/* 33 */
        -:  221:	_nts_0,	/* 34 */
        -:  222:	_nts_2,	/* 35 */
        -:  223:	_nts_1,	/* 36 */
        -:  224:	_nts_3,	/* 37 */
        -:  225:	_nts_0,	/* 38 */
        -:  226:	_nts_0,	/* 39 */
        -:  227:	_nts_2,	/* 40 */
        -:  228:	_nts_0,	/* 41 */
        -:  229:	_nts_1,	/* 42 */
        -:  230:	_nts_4,	/* 43 */
        -:  231:	_nts_4,	/* 44 */
        -:  232:	_nts_4,	/* 45 */
        -:  233:	_nts_0,	/* 46 */
        -:  234:	_nts_0,	/* 47 */
        -:  235:	_nts_1,	/* 48 */
        -:  236:	_nts_5,	/* 49 */
        -:  237:	_nts_6,	/* 50 */
        -:  238:	_nts_7,	/* 51 */
        -:  239:	_nts_5,	/* 52 */
        -:  240:	_nts_6,	/* 53 */
        -:  241:	_nts_7,	/* 54 */
        -:  242:	_nts_0,	/* 55 */
        -:  243:	_nts_0,	/* 56 */
        -:  244:	_nts_0,	/* 57 */
        -:  245:	_nts_0,	/* 58 */
        -:  246:	_nts_0,	/* 59 */
        -:  247:	_nts_0,	/* 60 */
        -:  248:	_nts_0,	/* 61 */
        -:  249:	_nts_0,	/* 62 */
        -:  250:	_nts_8,	/* 63 */
        -:  251:	_nts_9,	/* 64 */
        -:  252:	_nts_10,	/* 65 */
        -:  253:	_nts_10,	/* 66 */
        -:  254:	_nts_10,	/* 67 */
        -:  255:	_nts_11,	/* 68 */
        -:  256:	_nts_11,	/* 69 */
        -:  257:	_nts_11,	/* 70 */
        -:  258:	_nts_12,	/* 71 */
        -:  259:	_nts_12,	/* 72 */
        -:  260:	_nts_12,	/* 73 */
        -:  261:	_nts_13,	/* 74 */
        -:  262:	_nts_14,	/* 75 */
        -:  263:	_nts_14,	/* 76 */
        -:  264:	_nts_14,	/* 77 */
        -:  265:	_nts_14,	/* 78 */
        -:  266:	_nts_14,	/* 79 */
        -:  267:	_nts_14,	/* 80 */
        -:  268:	_nts_14,	/* 81 */
        -:  269:	_nts_1,	/* 82 */
        -:  270:	_nts_15,	/* 83 */
        -:  271:	_nts_1,	/* 84 */
        -:  272:	_nts_16,	/* 85 */
        -:  273:	_nts_1,	/* 86 */
        -:  274:	_nts_17,	/* 87 */
        -:  275:	_nts_1,	/* 88 */
        -:  276:	_nts_18,	/* 89 */
        -:  277:	_nts_16,	/* 90 */
        -:  278:	_nts_17,	/* 91 */
        -:  279:	_nts_18,	/* 92 */
        -:  280:	_nts_19,	/* 93 */
        -:  281:	_nts_14,	/* 94 */
        -:  282:	_nts_20,	/* 95 */
        -:  283:	_nts_21,	/* 96 */
        -:  284:	_nts_22,	/* 97 */
        -:  285:	_nts_15,	/* 98 */
        -:  286:	_nts_1,	/* 99 */
        -:  287:	_nts_1,	/* 100 */
        -:  288:	_nts_1,	/* 101 */
        -:  289:	_nts_1,	/* 102 */
        -:  290:	_nts_1,	/* 103 */
        -:  291:	_nts_1,	/* 104 */
        -:  292:	_nts_1,	/* 105 */
        -:  293:	_nts_23,	/* 106 */
        -:  294:	_nts_23,	/* 107 */
        -:  295:	_nts_23,	/* 108 */
        -:  296:	_nts_23,	/* 109 */
        -:  297:	_nts_23,	/* 110 */
        -:  298:	_nts_23,	/* 111 */
        -:  299:	_nts_23,	/* 112 */
        -:  300:	_nts_23,	/* 113 */
        -:  301:	_nts_23,	/* 114 */
        -:  302:	_nts_23,	/* 115 */
        -:  303:	_nts_23,	/* 116 */
        -:  304:	_nts_23,	/* 117 */
        -:  305:	_nts_24,	/* 118 */
        -:  306:	_nts_24,	/* 119 */
        -:  307:	_nts_24,	/* 120 */
        -:  308:	_nts_24,	/* 121 */
        -:  309:	_nts_24,	/* 122 */
        -:  310:	_nts_24,	/* 123 */
        -:  311:	_nts_25,	/* 124 */
        -:  312:	_nts_25,	/* 125 */
        -:  313:	_nts_25,	/* 126 */
        -:  314:	_nts_25,	/* 127 */
        -:  315:	_nts_25,	/* 128 */
        -:  316:	_nts_25,	/* 129 */
        -:  317:	_nts_25,	/* 130 */
        -:  318:	_nts_25,	/* 131 */
        -:  319:	_nts_25,	/* 132 */
        -:  320:	_nts_25,	/* 133 */
        -:  321:	_nts_1,	/* 134 */
        -:  322:	_nts_1,	/* 135 */
        -:  323:	_nts_1,	/* 136 */
        -:  324:	_nts_26,	/* 137 */
        -:  325:	_nts_26,	/* 138 */
        -:  326:	_nts_26,	/* 139 */
        -:  327:	_nts_27,	/* 140 */
        -:  328:	_nts_27,	/* 141 */
        -:  329:	_nts_27,	/* 142 */
        -:  330:	_nts_27,	/* 143 */
        -:  331:	_nts_28,	/* 144 */
        -:  332:	_nts_28,	/* 145 */
        -:  333:	_nts_28,	/* 146 */
        -:  334:	_nts_28,	/* 147 */
        -:  335:	_nts_0,	/* 148 */
        -:  336:	_nts_1,	/* 149 */
        -:  337:	_nts_23,	/* 150 */
        -:  338:	_nts_29,	/* 151 */
        -:  339:	_nts_30,	/* 152 */
        -:  340:	_nts_31,	/* 153 */
        -:  341:	_nts_31,	/* 154 */
        -:  342:	_nts_31,	/* 155 */
        -:  343:	_nts_31,	/* 156 */
        -:  344:	_nts_1,	/* 157 */
        -:  345:	_nts_1,	/* 158 */
        -:  346:	_nts_14,	/* 159 */
        -:  347:	_nts_14,	/* 160 */
        -:  348:	_nts_14,	/* 161 */
        -:  349:	_nts_14,	/* 162 */
        -:  350:	_nts_1,	/* 163 */
        -:  351:	_nts_1,	/* 164 */
        -:  352:	_nts_1,	/* 165 */
        -:  353:	_nts_1,	/* 166 */
        -:  354:	_nts_1,	/* 167 */
        -:  355:	_nts_1,	/* 168 */
        -:  356:	_nts_1,	/* 169 */
        -:  357:	_nts_1,	/* 170 */
        -:  358:	_nts_16,	/* 171 */
        -:  359:	_nts_19,	/* 172 */
        -:  360:	_nts_0,	/* 173 */
        -:  361:	_nts_0,	/* 174 */
        -:  362:	_nts_32,	/* 175 */
        -:  363:	_nts_32,	/* 176 */
        -:  364:	_nts_32,	/* 177 */
        -:  365:	_nts_32,	/* 178 */
        -:  366:	_nts_32,	/* 179 */
        -:  367:	_nts_32,	/* 180 */
        -:  368:	_nts_32,	/* 181 */
        -:  369:	_nts_33,	/* 182 */
        -:  370:	_nts_33,	/* 183 */
        -:  371:	_nts_33,	/* 184 */
        -:  372:	_nts_31,	/* 185 */
        -:  373:	_nts_1,	/* 186 */
        -:  374:	_nts_14,	/* 187 */
        -:  375:	_nts_14,	/* 188 */
        -:  376:	_nts_14,	/* 189 */
        -:  377:	_nts_14,	/* 190 */
        -:  378:	_nts_34,	/* 191 */
        -:  379:	_nts_35,	/* 192 */
        -:  380:	_nts_35,	/* 193 */
        -:  381:	_nts_35,	/* 194 */
        -:  382:	_nts_3,	/* 195 */
        -:  383:	_nts_3,	/* 196 */
        -:  384:	_nts_3,	/* 197 */
        -:  385:	_nts_3,	/* 198 */
        -:  386:	_nts_34,	/* 199 */
        -:  387:	_nts_3,	/* 200 */
        -:  388:	_nts_36,	/* 201 */
        -:  389:	_nts_36,	/* 202 */
        -:  390:	_nts_36,	/* 203 */
        -:  391:	_nts_36,	/* 204 */
        -:  392:	_nts_36,	/* 205 */
        -:  393:	_nts_36,	/* 206 */
        -:  394:	_nts_36,	/* 207 */
        -:  395:	_nts_36,	/* 208 */
        -:  396:	_nts_3,	/* 209 */
        -:  397:	_nts_3,	/* 210 */
        -:  398:	_nts_35,	/* 211 */
        -:  399:	_nts_3,	/* 212 */
        -:  400:	_nts_14,	/* 213 */
        -:  401:	_nts_1,	/* 214 */
        -:  402:	_nts_14,	/* 215 */
        -:  403:	_nts_1,	/* 216 */
        -:  404:	_nts_0,	/* 217 */
        -:  405:	_nts_1,	/* 218 */
        -:  406:	_nts_16,	/* 219 */
        -:  407:	_nts_0,	/* 220 */
        -:  408:	_nts_37,	/* 221 */
        -:  409:	_nts_38,	/* 222 */
        -:  410:	_nts_38,	/* 223 */
        -:  411:	_nts_38,	/* 224 */
        -:  412:	_nts_38,	/* 225 */
        -:  413:	_nts_38,	/* 226 */
        -:  414:	_nts_38,	/* 227 */
        -:  415:	_nts_38,	/* 228 */
        -:  416:	_nts_38,	/* 229 */
        -:  417:	_nts_38,	/* 230 */
        -:  418:	_nts_38,	/* 231 */
        -:  419:	_nts_23,	/* 232 */
        -:  420:	_nts_23,	/* 233 */
        -:  421:	_nts_23,	/* 234 */
        -:  422:	_nts_23,	/* 235 */
        -:  423:	_nts_23,	/* 236 */
        -:  424:	_nts_23,	/* 237 */
        -:  425:	_nts_23,	/* 238 */
        -:  426:	_nts_23,	/* 239 */
        -:  427:	_nts_23,	/* 240 */
        -:  428:	_nts_23,	/* 241 */
        -:  429:	_nts_23,	/* 242 */
        -:  430:	_nts_23,	/* 243 */
        -:  431:	_nts_39,	/* 244 */
        -:  432:	_nts_39,	/* 245 */
        -:  433:	_nts_40,	/* 246 */
        -:  434:	_nts_40,	/* 247 */
        -:  435:	_nts_40,	/* 248 */
        -:  436:	_nts_40,	/* 249 */
        -:  437:	_nts_40,	/* 250 */
        -:  438:	_nts_14,	/* 251 */
        -:  439:	_nts_14,	/* 252 */
        -:  440:	_nts_14,	/* 253 */
        -:  441:	_nts_3,	/* 254 */
        -:  442:	_nts_41,	/* 255 */
        -:  443:	_nts_41,	/* 256 */
        -:  444:	_nts_41,	/* 257 */
        -:  445:	_nts_41,	/* 258 */
        -:  446:	_nts_41,	/* 259 */
        -:  447:	_nts_41,	/* 260 */
        -:  448:	_nts_41,	/* 261 */
        -:  449:	_nts_41,	/* 262 */
        -:  450:	_nts_41,	/* 263 */
        -:  451:	_nts_41,	/* 264 */
        -:  452:	_nts_41,	/* 265 */
        -:  453:	_nts_41,	/* 266 */
        -:  454:	_nts_42,	/* 267 */
        -:  455:	_nts_35,	/* 268 */
        -:  456:	_nts_42,	/* 269 */
        -:  457:	_nts_35,	/* 270 */
        -:  458:	_nts_42,	/* 271 */
        -:  459:	_nts_42,	/* 272 */
        -:  460:	_nts_42,	/* 273 */
        -:  461:	_nts_35,	/* 274 */
        -:  462:	_nts_42,	/* 275 */
        -:  463:	_nts_35,	/* 276 */
        -:  464:	_nts_42,	/* 277 */
        -:  465:	_nts_42,	/* 278 */
        -:  466:	_nts_42,	/* 279 */
        -:  467:	_nts_42,	/* 280 */
        -:  468:	_nts_42,	/* 281 */
        -:  469:	_nts_42,	/* 282 */
        -:  470:	_nts_34,	/* 283 */
        -:  471:	_nts_37,	/* 284 */
        -:  472:	_nts_37,	/* 285 */
        -:  473:	_nts_37,	/* 286 */
        -:  474:	_nts_37,	/* 287 */
        -:  475:	_nts_37,	/* 288 */
        -:  476:	_nts_37,	/* 289 */
        -:  477:	_nts_37,	/* 290 */
        -:  478:	_nts_37,	/* 291 */
        -:  479:	_nts_37,	/* 292 */
        -:  480:	_nts_37,	/* 293 */
        -:  481:	_nts_37,	/* 294 */
        -:  482:	_nts_37,	/* 295 */
        -:  483:	_nts_37,	/* 296 */
        -:  484:	_nts_37,	/* 297 */
        -:  485:	_nts_37,	/* 298 */
        -:  486:	_nts_37,	/* 299 */
        -:  487:	_nts_1,	/* 300 */
        -:  488:	_nts_1,	/* 301 */
        -:  489:	_nts_1,	/* 302 */
        -:  490:	_nts_3,	/* 303 */
        -:  491:	_nts_3,	/* 304 */
        -:  492:};
        -:  493:
        -:  494:static char *_templates[] = {
        -:  495:/* 0 */	0,
        -:  496:/* 1 */	"# read register\n",	/* reg: INDIRI1(VREGP) */
        -:  497:/* 2 */	"# read register\n",	/* reg: INDIRU1(VREGP) */
        -:  498:/* 3 */	"# read register\n",	/* reg: INDIRI2(VREGP) */
        -:  499:/* 4 */	"# read register\n",	/* reg: INDIRU2(VREGP) */
        -:  500:/* 5 */	"# read register\n",	/* reg: INDIRI4(VREGP) */
        -:  501:/* 6 */	"# read register\n",	/* reg: INDIRP4(VREGP) */
        -:  502:/* 7 */	"# read register\n",	/* reg: INDIRU4(VREGP) */
        -:  503:/* 8 */	"# read register\n",	/* reg: INDIRI8(VREGP) */
        -:  504:/* 9 */	"# read register\n",	/* reg: INDIRP8(VREGP) */
        -:  505:/* 10 */	"# read register\n",	/* reg: INDIRU8(VREGP) */
        -:  506:/* 11 */	"# read register\n",	/* freg: INDIRF4(VREGP) */
        -:  507:/* 12 */	"# read register\n",	/* freg: INDIRF8(VREGP) */
        -:  508:/* 13 */	"# write register\n",	/* stmt: ASGNI1(VREGP,reg) */
        -:  509:/* 14 */	"# write register\n",	/* stmt: ASGNU1(VREGP,reg) */
        -:  510:/* 15 */	"# write register\n",	/* stmt: ASGNI2(VREGP,reg) */
        -:  511:/* 16 */	"# write register\n",	/* stmt: ASGNU2(VREGP,reg) */
        -:  512:/* 17 */	"# write register\n",	/* stmt: ASGNF4(VREGP,reg) */
        -:  513:/* 18 */	"# write register\n",	/* stmt: ASGNI4(VREGP,reg) */
        -:  514:/* 19 */	"# write register\n",	/* stmt: ASGNP4(VREGP,reg) */
        -:  515:/* 20 */	"# write register\n",	/* stmt: ASGNU4(VREGP,reg) */
        -:  516:/* 21 */	"# write register\n",	/* stmt: ASGNF8(VREGP,reg) */
        -:  517:/* 22 */	"# write register\n",	/* stmt: ASGNI8(VREGP,reg) */
        -:  518:/* 23 */	"# write register\n",	/* stmt: ASGNP8(VREGP,reg) */
        -:  519:/* 24 */	"# write register\n",	/* stmt: ASGNU8(VREGP,reg) */
        -:  520:/* 25 */	"%a",	/* cnst: CNSTI1 */
        -:  521:/* 26 */	"%a",	/* cnst: CNSTU1 */
        -:  522:/* 27 */	"%a",	/* cnst: CNSTI2 */
        -:  523:/* 28 */	"%a",	/* cnst: CNSTU2 */
        -:  524:/* 29 */	"%a",	/* cnst: CNSTI4 */
        -:  525:/* 30 */	"%a",	/* cnst: CNSTU4 */
        -:  526:/* 31 */	"%a",	/* cnst: CNSTP4 */
        -:  527:/* 32 */	"%a",	/* cnst: CNSTI8 */
        -:  528:/* 33 */	"%a",	/* cnst: CNSTU8 */
        -:  529:/* 34 */	"%a",	/* cnst: CNSTP8 */
        -:  530:/* 35 */	"$%0",	/* con: cnst */
        -:  531:/* 36 */	"",	/* stmt: reg */
        -:  532:/* 37 */	"",	/* stmt: freg */
        -:  533:/* 38 */	"%a",	/* acon: ADDRGP4 */
        -:  534:/* 39 */	"%a",	/* acon: ADDRGP8 */
        -:  535:/* 40 */	"%0",	/* acon: cnst */
        -:  536:/* 41 */	"%a",	/* baseaddr: ADDRGP4 */
        -:  537:/* 42 */	"(%0)",	/* base: reg */
        -:  538:/* 43 */	"%1(%0)",	/* base: ADDI4(reg,acon) */
        -:  539:/* 44 */	"%1(%0)",	/* base: ADDP4(reg,acon) */
        -:  540:/* 45 */	"%1(%0)",	/* base: ADDU4(reg,acon) */
        -:  541:/* 46 */	"%a(%%ebp)",	/* base: ADDRFP4 */
        -:  542:/* 47 */	"%a(%%ebp)",	/* base: ADDRLP4 */
        -:  543:/* 48 */	"%0",	/* index: reg */
        -:  544:/* 49 */	"%0,2",	/* index: LSHI4(reg,con1) */
        -:  545:/* 50 */	"%0,4",	/* index: LSHI4(reg,con2) */
        -:  546:/* 51 */	"%0,8",	/* index: LSHI4(reg,con3) */
        -:  547:/* 52 */	"%0,2",	/* index: LSHU4(reg,con1) */
        -:  548:/* 53 */	"%0,4",	/* index: LSHU4(reg,con2) */
        -:  549:/* 54 */	"%0,8",	/* index: LSHU4(reg,con3) */
        -:  550:/* 55 */	"1",	/* con0: CNSTI4 */
        -:  551:/* 56 */	"1",	/* con0: CNSTU4 */
        -:  552:/* 57 */	"1",	/* con1: CNSTI4 */
        -:  553:/* 58 */	"1",	/* con1: CNSTU4 */
        -:  554:/* 59 */	"2",	/* con2: CNSTI4 */
        -:  555:/* 60 */	"2",	/* con2: CNSTU4 */
        -:  556:/* 61 */	"3",	/* con3: CNSTI4 */
        -:  557:/* 62 */	"3",	/* con3: CNSTU4 */
        -:  558:/* 63 */	"%0",	/* addr: base */
        -:  559:/* 64 */	"%0",	/* addr: baseaddr */
        -:  560:/* 65 */	"%1(,%0)",	/* addr: ADDI4(index,baseaddr) */
        -:  561:/* 66 */	"%1(,%0)",	/* addr: ADDP4(index,baseaddr) */
        -:  562:/* 67 */	"%1(,%0)",	/* addr: ADDU4(index,baseaddr) */
        -:  563:/* 68 */	"%1(%0)",	/* addr: ADDI4(reg,baseaddr) */
        -:  564:/* 69 */	"%1(%0)",	/* addr: ADDP4(reg,baseaddr) */
        -:  565:/* 70 */	"%1(%0)",	/* addr: ADDU4(reg,baseaddr) */
        -:  566:/* 71 */	"(%1,%0)",	/* addr: ADDI4(index,reg) */
        -:  567:/* 72 */	"(%1,%0)",	/* addr: ADDP4(index,reg) */
        -:  568:/* 73 */	"(%1,%0)",	/* addr: ADDU4(index,reg) */
        -:  569:/* 74 */	"(,%0)",	/* addr: index */
        -:  570:/* 75 */	"%0",	/* mem1: INDIRI1(addr) */
        -:  571:/* 76 */	"%0",	/* mem1: INDIRU1(addr) */
        -:  572:/* 77 */	"%0",	/* mem2: INDIRI2(addr) */
        -:  573:/* 78 */	"%0",	/* mem2: INDIRU2(addr) */
        -:  574:/* 79 */	"%0",	/* mem4: INDIRI4(addr) */
        -:  575:/* 80 */	"%0",	/* mem4: INDIRU4(addr) */
        -:  576:/* 81 */	"%0",	/* mem4: INDIRP4(addr) */
        -:  577:/* 82 */	"%0",	/* rc: reg */
        -:  578:/* 83 */	"%0",	/* rc: con */
        -:  579:/* 84 */	"%0",	/* mr: reg */
        -:  580:/* 85 */	"%0",	/* mr: mem4 */
        -:  581:/* 86 */	"%0",	/* mr1: reg */
        -:  582:/* 87 */	"%0",	/* mr1: mem1 */
        -:  583:/* 88 */	"%0",	/* mr2: reg */
        -:  584:/* 89 */	"%0",	/* mr2: mem2 */
        -:  585:/* 90 */	"%0",	/* mrc: mem4 */
        -:  586:/* 91 */	"%0",	/* mrc: mem1 */
        -:  587:/* 92 */	"%0",	/* mrc: mem2 */
        -:  588:/* 93 */	"%0",	/* mrc: rc */
        -:  589:/* 94 */	"leal %0,%c\n",	/* reg: addr */
        -:  590:/* 95 */	"movl %0,%c\n",	/* reg: mr */
        -:  591:/* 96 */	"movb %0,%c\n",	/* reg: mr1 */
        -:  592:/* 97 */	"movw %0,%c\n",	/* reg: mr2 */
        -:  593:/* 98 */	"movl %0,%c\n",	/* reg: con */
        -:  594:/* 99 */	"# move\n",	/* reg: LOADI1(reg) */
        -:  595:/* 100 */	"# move\n",	/* reg: LOADI2(reg) */
        -:  596:/* 101 */	"# move\n",	/* reg: LOADI4(reg) */
        -:  597:/* 102 */	"# move\n",	/* reg: LOADU1(reg) */
        -:  598:/* 103 */	"# move\n",	/* reg: LOADU2(reg) */
        -:  599:/* 104 */	"# move\n",	/* reg: LOADU4(reg) */
        -:  600:/* 105 */	"# move\n",	/* reg: LOADP4(reg) */
        -:  601:/* 106 */	"?movl %0,%c\naddl %1,%c\n",	/* reg: ADDI4(reg,mrc) */
        -:  602:/* 107 */	"?movl %0,%c\naddl %1,%c\n",	/* reg: ADDP4(reg,mrc) */
        -:  603:/* 108 */	"?movl %0,%c\naddl %1,%c\n",	/* reg: ADDU4(reg,mrc) */
        -:  604:/* 109 */	"?movl %0,%c\nsubl %1,%c\n",	/* reg: SUBI4(reg,mrc) */
        -:  605:/* 110 */	"?movl %0,%c\nsubl %1,%c\n",	/* reg: SUBP4(reg,mrc) */
        -:  606:/* 111 */	"?movl %0,%c\nsubl %1,%c\n",	/* reg: SUBU4(reg,mrc) */
        -:  607:/* 112 */	"?movl %0,%c\nandl %1,%c\n",	/* reg: BANDI4(reg,mrc) */
        -:  608:/* 113 */	"?movl %0,%c\norl %1,%c\n",	/* reg: BORI4(reg,mrc) */
        -:  609:/* 114 */	"?movl %0,%c\nxorl %1,%c\n",	/* reg: BXORI4(reg,mrc) */
        -:  610:/* 115 */	"?movl %0,%c\nandl %1,%c\n",	/* reg: BANDU4(reg,mrc) */
        -:  611:/* 116 */	"?movl %0,%c\norl %1,%c\n",	/* reg: BORU4(reg,mrc) */
        -:  612:/* 117 */	"?movl %0,%c\nxorl %1,%c\n",	/* reg: BXORU4(reg,mrc) */
        -:  613:/* 118 */	"incl %1\n",	/* stmt: ASGNI4(addr,ADDI4(mem4,con1)) */
        -:  614:/* 119 */	"incl %1\n",	/* stmt: ASGNI4(addr,ADDU4(mem4,con1)) */
        -:  615:/* 120 */	"incl %1\n",	/* stmt: ASGNP4(addr,ADDP4(mem4,con1)) */
        -:  616:/* 121 */	"decl %1\n",	/* stmt: ASGNI4(addr,SUBI4(mem4,con1)) */
        -:  617:/* 122 */	"decl %1\n",	/* stmt: ASGNI4(addr,SUBU4(mem4,con1)) */
        -:  618:/* 123 */	"decl %1\n",	/* stmt: ASGNP4(addr,SUBP4(mem4,con1)) */
        -:  619:/* 124 */	"addl %2,%1\n",	/* stmt: ASGNI4(addr,ADDI4(mem4,rc)) */
        -:  620:/* 125 */	"sub %2,%1\n",	/* stmt: ASGNI4(addr,SUBI4(mem4,rc)) */
        -:  621:/* 126 */	"add %2,%1\n",	/* stmt: ASGNU4(addr,ADDU4(mem4,rc)) */
        -:  622:/* 127 */	"sub %2,%1\n",	/* stmt: ASGNU4(addr,SUBU4(mem4,rc)) */
        -:  623:/* 128 */	"andl %2,%1\n",	/* stmt: ASGNI4(addr,BANDI4(mem4,rc)) */
        -:  624:/* 129 */	"orl %2,%1\n",	/* stmt: ASGNI4(addr,BORI4(mem4,rc)) */
        -:  625:/* 130 */	"xorl %2,%1\n",	/* stmt: ASGNI4(addr,BXORI4(mem4,rc)) */
        -:  626:/* 131 */	"andl %2,%1\n",	/* stmt: ASGNU4(addr,BANDU4(mem4,rc)) */
        -:  627:/* 132 */	"orl %2,%1\n",	/* stmt: ASGNU4(addr,BORU4(mem4,rc)) */
        -:  628:/* 133 */	"xorl %2,%1\n",	/* stmt: ASGNU4(addr,BXORU4(mem4,rc)) */
        -:  629:/* 134 */	"?movl %0,%c\nnotl %c\n",	/* reg: BCOMI4(reg) */
        -:  630:/* 135 */	"?movl %0,%c\nnotl %c\n",	/* reg: BCOMU4(reg) */
        -:  631:/* 136 */	"?movl %0,%c\nnegl %c\n",	/* reg: NEGI4(reg) */
        -:  632:/* 137 */	"notl %1\n",	/* stmt: ASGNI4(addr,BCOMI4(mem4)) */
        -:  633:/* 138 */	"notl %1\n",	/* stmt: ASGNU4(addr,BCOMU4(mem4)) */
        -:  634:/* 139 */	"negl %1\n",	/* stmt: ASGNI4(addr,NEGI4(mem4)) */
        -:  635:/* 140 */	"?movl %0,%c\nsall %1,%c\n",	/* reg: LSHI4(reg,rc5) */
        -:  636:/* 141 */	"?movl %0,%c\nshll %1,%c\n",	/* reg: LSHU4(reg,rc5) */
        -:  637:/* 142 */	"?movl %0,%c\nsarl %1,%c\n",	/* reg: RSHI4(reg,rc5) */
        -:  638:/* 143 */	"?movl %0,%c\nshrl %1,%c\n",	/* reg: RSHU4(reg,rc5) */
        -:  639:/* 144 */	"sall %2,%1\n",	/* stmt: ASGNI4(addr,LSHI4(mem4,rc5)) */
        -:  640:/* 145 */	"shll %2,%1\n",	/* stmt: ASGNI4(addr,LSHU4(mem4,rc5)) */
        -:  641:/* 146 */	"sarl %2,%1\n",	/* stmt: ASGNI4(addr,RSHI4(mem4,rc5)) */
        -:  642:/* 147 */	"shrl %2,%1\n",	/* stmt: ASGNI4(addr,RSHU4(mem4,rc5)) */
        -:  643:/* 148 */	"$%a",	/* rc5: CNSTI4 */
        -:  644:/* 149 */	"%%cl",	/* rc5: reg */
        -:  645:/* 150 */	"?movl %0,%c\nimull %1,%c\n",	/* reg: MULI4(reg,mrc) */
        -:  646:/* 151 */	"imul %0,%1,%c\n",	/* reg: MULI4(con,mr) */
        -:  647:/* 152 */	"mull %1\n",	/* reg: MULU4(reg,mr) */
        -:  648:/* 153 */	"xorl %%edx,%%edx\ndivl %1\n",	/* reg: DIVU4(reg,reg) */
        -:  649:/* 154 */	"xorl %%edx,%%edx\ndivl %1\n",	/* reg: MODU4(reg,reg) */
        -:  650:/* 155 */	"cdq\nidivl %1\n",	/* reg: DIVI4(reg,reg) */
        -:  651:/* 156 */	"cdq\nidivl %1\n",	/* reg: MODI4(reg,reg) */
        -:  652:/* 157 */	"movl %0,%c\n",	/* reg: CVPU4(reg) */
        -:  653:/* 158 */	"movl %0,%c\n",	/* reg: CVUP4(reg) */
        -:  654:/* 159 */	"movsbl %0,%c\n",	/* reg: CVII4(INDIRI1(addr)) */
        -:  655:/* 160 */	"movswl %0,%c\n",	/* reg: CVII4(INDIRI2(addr)) */
        -:  656:/* 161 */	"movzbl %0,%c\n",	/* reg: CVUU4(INDIRU1(addr)) */
        -:  657:/* 162 */	"movzwl %0,%c\n",	/* reg: CVUU4(INDIRU2(addr)) */
        -:  658:/* 163 */	"# extend\n",	/* reg: CVII4(reg) */
        -:  659:/* 164 */	"# extend\n",	/* reg: CVIU4(reg) */
        -:  660:/* 165 */	"# extend\n",	/* reg: CVUI4(reg) */
        -:  661:/* 166 */	"# extend\n",	/* reg: CVUU4(reg) */
        -:  662:/* 167 */	"# truncate\n",	/* reg: CVII1(reg) */
        -:  663:/* 168 */	"# truncate\n",	/* reg: CVII2(reg) */
        -:  664:/* 169 */	"# truncate\n",	/* reg: CVUU1(reg) */
        -:  665:/* 170 */	"# truncate\n",	/* reg: CVUU2(reg) */
        -:  666:/* 171 */	"%0",	/* mrca: mem4 */
        -:  667:/* 172 */	"%0",	/* mrca: rc */
        -:  668:/* 173 */	"$%a",	/* mrca: ADDRGP4 */
        -:  669:/* 174 */	"$%a",	/* mrca: ADDRGP8 */
        -:  670:/* 175 */	"movb %1,%0\n",	/* stmt: ASGNI1(addr,rc) */
        -:  671:/* 176 */	"movw %1,%0\n",	/* stmt: ASGNI2(addr,rc) */
        -:  672:/* 177 */	"movl %1,%0\n",	/* stmt: ASGNI4(addr,rc) */
        -:  673:/* 178 */	"movb %1,%0\n",	/* stmt: ASGNU1(addr,rc) */
        -:  674:/* 179 */	"movw %1,%0\n",	/* stmt: ASGNU2(addr,rc) */
        -:  675:/* 180 */	"movl %1,%0\n",	/* stmt: ASGNU4(addr,rc) */
        -:  676:/* 181 */	"movl %1,%0\n",	/* stmt: ASGNP4(addr,rc) */
        -:  677:/* 182 */	"pushl %0\n",	/* stmt: ARGI4(mrca) */
        -:  678:/* 183 */	"pushl %0\n",	/* stmt: ARGU4(mrca) */
        -:  679:/* 184 */	"pushl %0\n",	/* stmt: ARGP4(mrca) */
        -:  680:/* 185 */	"movl $%a,%%ecx\nrep\nmovsb\n",	/* stmt: ASGNB(reg,INDIRB(reg)) */
        -:  681:/* 186 */	"subl $%a,%%esp\nmovl %%esp,%%edi\nmovl $%a,%%ecx\nrep\nmovsb\n",	/* stmt: ARGB(INDIRB(reg)) */
        -:  682:/* 187 */	"l %0",	/* memf: INDIRF8(addr) */
        -:  683:/* 188 */	"s %0",	/* memf: INDIRF4(addr) */
        -:  684:/* 189 */	"s %0",	/* memf: CVFF8(INDIRF4(addr)) */
        -:  685:/* 190 */	"l %0",	/* memf: CVFF4(INDIRF8(addr)) */
        -:  686:/* 191 */	"fld%0\n",	/* freg: memf */
        -:  687:/* 192 */	"fstpl %0\n",	/* stmt: ASGNF8(addr,freg) */
        -:  688:/* 193 */	"fstps %0\n",	/* stmt: ASGNF4(addr,freg) */
        -:  689:/* 194 */	"fstps %0\n",	/* stmt: ASGNF4(addr,CVFF4(freg)) */
        -:  690:/* 195 */	"subl $8,%%esp\nfstpl (%%esp)\n",	/* stmt: ARGF8(freg) */
        -:  691:/* 196 */	"subl $4,%%esp\nfstps (%%esp)\n",	/* stmt: ARGF4(freg) */
        -:  692:/* 197 */	"fchs\n",	/* freg: NEGF8(freg) */
        -:  693:/* 198 */	"fchs\n",	/* freg: NEGF4(freg) */
        -:  694:/* 199 */	"%0",	/* flt: memf */
        -:  695:/* 200 */	"p %%st(1),%%st",	/* flt: freg */
        -:  696:/* 201 */	"fadd%1\n",	/* freg: ADDF4(freg,flt) */
        -:  697:/* 202 */	"fadd%1\n",	/* freg: ADDF8(freg,flt) */
        -:  698:/* 203 */	"fdiv%1\n",	/* freg: DIVF4(freg,flt) */
        -:  699:/* 204 */	"fdiv%1\n",	/* freg: DIVF8(freg,flt) */
        -:  700:/* 205 */	"fmul%1\n",	/* freg: MULF4(freg,flt) */
        -:  701:/* 206 */	"fmul%1\n",	/* freg: MULF8(freg,flt) */
        -:  702:/* 207 */	"fsub%1\n",	/* freg: SUBF4(freg,flt) */
        -:  703:/* 208 */	"fsub%1\n",	/* freg: SUBF8(freg,flt) */
        -:  704:/* 209 */	"# CVFF8\n",	/* freg: CVFF8(freg) */
        -:  705:/* 210 */	"sub $4,%%esp\nfstps (%%esp)\nflds (%%esp)\naddl $4,%%esp\n",	/* freg: CVFF4(freg) */
        -:  706:/* 211 */	"fistpl %0\n",	/* stmt: ASGNI4(addr,CVFI4(freg)) */
        -:  707:/* 212 */	"subl $4,%%esp\nfistpl 0(%%esp)\npopl %c\n",	/* reg: CVFI4(freg) */
        -:  708:/* 213 */	"fildl %0\n",	/* freg: CVIF8(INDIRI4(addr)) */
        -:  709:/* 214 */	"pushl %0\nfildl (%%esp)\naddl $4,%%esp\n",	/* freg: CVIF8(reg) */
        -:  710:/* 215 */	"fildl %0\n",	/* freg: CVIF4(INDIRI4(addr)) */
        -:  711:/* 216 */	"pushl %0\nfildl (%%esp)\naddl $4,%%esp\n",	/* freg: CVIF4(reg) */
        -:  712:/* 217 */	"%a",	/* addrj: ADDRGP4 */
        -:  713:/* 218 */	"*%0",	/* addrj: reg */
        -:  714:/* 219 */	"*%0",	/* addrj: mem4 */
        -:  715:/* 220 */	"%a:\n",	/* stmt: LABELV */
        -:  716:/* 221 */	"jmp %0\n",	/* stmt: JUMPV(addrj) */
        -:  717:/* 222 */	"cmpl %1,%0\nje %a\n",	/* stmt: EQI4(mem4,rc) */
        -:  718:/* 223 */	"cmpl %1,%0\njge %a\n",	/* stmt: GEI4(mem4,rc) */
        -:  719:/* 224 */	"cmpl %1,%0\njg %a\n",	/* stmt: GTI4(mem4,rc) */
        -:  720:/* 225 */	"cmpl %1,%0\njle %a\n",	/* stmt: LEI4(mem4,rc) */
        -:  721:/* 226 */	"cmpl %1,%0\njl %a\n",	/* stmt: LTI4(mem4,rc) */
        -:  722:/* 227 */	"cmpl %1,%0\njne %a\n",	/* stmt: NEI4(mem4,rc) */
        -:  723:/* 228 */	"cmpl %1,%0\njae %a\n",	/* stmt: GEU4(mem4,rc) */
        -:  724:/* 229 */	"cmpl %1,%0\nja  %a\n",	/* stmt: GTU4(mem4,rc) */
        -:  725:/* 230 */	"cmpl %1,%0\njbe %a\n",	/* stmt: LEU4(mem4,rc) */
        -:  726:/* 231 */	"cmpl %1,%0\njb  %a\n",	/* stmt: LTU4(mem4,rc) */
        -:  727:/* 232 */	"cmpl %1,%0\nje %a\n",	/* stmt: EQI4(reg,mrc) */
        -:  728:/* 233 */	"cmpl %1,%0\njge %a\n",	/* stmt: GEI4(reg,mrc) */
        -:  729:/* 234 */	"cmpl %1,%0\njg %a\n",	/* stmt: GTI4(reg,mrc) */
        -:  730:/* 235 */	"cmpl %1,%0\njle %a\n",	/* stmt: LEI4(reg,mrc) */
        -:  731:/* 236 */	"cmpl %1,%0\njl %a\n",	/* stmt: LTI4(reg,mrc) */
        -:  732:/* 237 */	"cmpl %1,%0\njne %a\n",	/* stmt: NEI4(reg,mrc) */
        -:  733:/* 238 */	"cmpl %1,%0\nje %a\n",	/* stmt: EQU4(reg,mrc) */
        -:  734:/* 239 */	"cmpl %1,%0\njae %a\n",	/* stmt: GEU4(reg,mrc) */
        -:  735:/* 240 */	"cmpl %1,%0\nja %a\n",	/* stmt: GTU4(reg,mrc) */
        -:  736:/* 241 */	"cmpl %1,%0\njbe %a\n",	/* stmt: LEU4(reg,mrc) */
        -:  737:/* 242 */	"cmpl %1,%0\njb %a\n",	/* stmt: LTU4(reg,mrc) */
        -:  738:/* 243 */	"cmpl %1,%0\njne %a\n",	/* stmt: NEU4(reg,mrc) */
        -:  739:/* 244 */	"testl %1,%0\nje %a\n",	/* stmt: EQI4(BANDU4(mr,con),con0) */
        -:  740:/* 245 */	"testl %1,%0\njne %a\n",	/* stmt: NEI4(BANDU4(mr,con),con0) */
        -:  741:/* 246 */	"testw %1,%0\nje %a\n",	/* stmt: EQI4(BANDU4(CVII2(INDIRI2(addr)),con),con0) */
        -:  742:/* 247 */	"testw %1,%0\njne %a\n",	/* stmt: NEI4(BANDU4(CVII2(INDIRI2(addr)),con),con0) */
        -:  743:/* 248 */	"testw %1,%0\nje %a\n",	/* stmt: EQI4(BANDU4(CVIU2(INDIRI2(addr)),con),con0) */
        -:  744:/* 249 */	"testw %1,%0\njne %a\n",	/* stmt: NEI4(BANDU4(CVIU2(INDIRI2(addr)),con),con0) */
        -:  745:/* 250 */	"testb %1,%0\nje %a\n",	/* stmt: EQI4(BANDU4(CVII1(INDIRI1(addr)),con),con0) */
        -:  746:/* 251 */	"l %0",	/* cmpf: INDIRF8(addr) */
        -:  747:/* 252 */	"s %0",	/* cmpf: INDIRF4(addr) */
        -:  748:/* 253 */	"s %0",	/* cmpf: CVFF8(INDIRF4(addr)) */
        -:  749:/* 254 */	"p",	/* cmpf: freg */
        -:  750:/* 255 */	"fcomp%0\nfstsw %%ax\nsahf\nje %a\n",	/* stmt: EQF8(cmpf,freg) */
        -:  751:/* 256 */	"fcomp%0\nfstsw %%ax\nsahf\njbe %a\n",	/* stmt: GEF8(cmpf,freg) */
        -:  752:/* 257 */	"fcomp%0\nfstsw %%ax\nsahf\njb %a\n",	/* stmt: GTF8(cmpf,freg) */
        -:  753:/* 258 */	"fcomp%0\nfstsw %%ax\nsahf\njae %a\n",	/* stmt: LEF8(cmpf,freg) */
        -:  754:/* 259 */	"fcomp%0\nfstsw %%ax\nsahf\nja %a\n",	/* stmt: LTF8(cmpf,freg) */
        -:  755:/* 260 */	"fcomp%0\nfstsw %%ax\nsahf\njne %a\n",	/* stmt: NEF8(cmpf,freg) */
        -:  756:/* 261 */	"fcomp%0\nfstsw %%ax\nsahf\nje %a\n",	/* stmt: EQF4(cmpf,freg) */
        -:  757:/* 262 */	"fcomp%0\nfstsw %%ax\nsahf\njbe %a\n",	/* stmt: GEF4(cmpf,freg) */
        -:  758:/* 263 */	"fcomp%0\nfstsw %%ax\nsahf\njb %a\n",	/* stmt: GTF4(cmpf,freg) */
        -:  759:/* 264 */	"fcomp%0\nfstsw %%ax\nsahf\njae %a\n",	/* stmt: LEF4(cmpf,freg) */
        -:  760:/* 265 */	"fcomp%0\nfstsw %%ax\nsahf\nja %a\n",	/* stmt: LTF4(cmpf,freg) */
        -:  761:/* 266 */	"fcomp%0\nfstsw %%ax\nsahf\njne %a\n",	/* stmt: NEF4(cmpf,freg) */
        -:  762:/* 267 */	"fidivl %1\n",	/* freg: DIVF8(freg,CVIF8(INDIRI4(addr))) */
        -:  763:/* 268 */	"fidivrl %0\n",	/* freg: DIVF8(CVIF8(INDIRI4(addr)),freg) */
        -:  764:/* 269 */	"fidivs %1\n",	/* freg: DIVF8(freg,CVIF8(CVII2(INDIRI2(addr)))) */
        -:  765:/* 270 */	"fidivrs %0\n",	/* freg: DIVF8(CVIF8(CVII2(INDIRI2(addr))),freg) */
        -:  766:/* 271 */	"fimull %1\n",	/* freg: MULF8(freg,CVIF8(INDIRI4(addr))) */
        -:  767:/* 272 */	"fimuls %1\n",	/* freg: MULF8(freg,CVIF8(CVII2(INDIRI2(addr)))) */
        -:  768:/* 273 */	"fisubl %1\n",	/* freg: SUBF8(freg,CVIF8(INDIRI4(addr))) */
        -:  769:/* 274 */	"fisubrl %0\n",	/* freg: SUBF8(CVIF8(INDIRI4(addr)),freg) */
        -:  770:/* 275 */	"fisubs %1\n",	/* freg: SUBF8(freg,CVIF8(CVII2(INDIRI2(addr)))) */
        -:  771:/* 276 */	"fisubrs %0\n",	/* freg: SUBF8(CVIF8(CVII2(INDIRI2(addr))),freg) */
        -:  772:/* 277 */	"fiaddl %1\n",	/* freg: ADDF8(freg,CVIF8(INDIRI4(addr))) */
        -:  773:/* 278 */	"fiadds %1\n",	/* freg: ADDF8(freg,CVIF8(CVII2(INDIRI2(addr)))) */
        -:  774:/* 279 */	"fdivs %1\n",	/* freg: ADDF8(freg,CVFF8(INDIRF4(addr))) */
        -:  775:/* 280 */	"fsubs %1\n",	/* freg: SUBF8(freg,CVFF8(INDIRF4(addr))) */
        -:  776:/* 281 */	"fmuls %1\n",	/* freg: MULF8(freg,CVFF8(INDIRF4(addr))) */
        -:  777:/* 282 */	"fdivs %1\n",	/* freg: DIVF8(freg,CVFF8(INDIRF4(addr))) */
        -:  778:/* 283 */	"fld%0\n",	/* freg: LOADF8(memf) */
        -:  779:/* 284 */	"call %0\naddl $%a,%%esp\n",	/* reg: CALLI4(addrj) */
        -:  780:/* 285 */	"call %0\naddl $%a,%%esp\n",	/* reg: CALLU4(addrj) */
        -:  781:/* 286 */	"call %0\naddl $%a,%%esp\n",	/* reg: CALLP4(addrj) */
        -:  782:/* 287 */	"call %0\n",	/* reg: CALLI4(addrj) */
        -:  783:/* 288 */	"call %0\n",	/* reg: CALLU4(addrj) */
        -:  784:/* 289 */	"call %0\n",	/* reg: CALLP4(addrj) */
        -:  785:/* 290 */	"call %0\naddl $%a,%%esp\n",	/* stmt: CALLV(addrj) */
        -:  786:/* 291 */	"call %0\n",	/* stmt: CALLV(addrj) */
        -:  787:/* 292 */	"call %0\naddl $%a,%%esp\n",	/* freg: CALLF4(addrj) */
        -:  788:/* 293 */	"call %0\n",	/* freg: CALLF4(addrj) */
        -:  789:/* 294 */	"call %0\naddl $%a,%%esp\nfstp %%st(0)\n",	/* stmt: CALLF4(addrj) */
        -:  790:/* 295 */	"call %0\nfstp %%st(0)\n",	/* stmt: CALLF4(addrj) */
        -:  791:/* 296 */	"call %0\naddl $%a,%%esp\n",	/* freg: CALLF8(addrj) */
        -:  792:/* 297 */	"call %0\n",	/* freg: CALLF8(addrj) */
        -:  793:/* 298 */	"call %0\naddl $%a,%%esp\nfstp %%st(0)\n",	/* stmt: CALLF8(addrj) */
        -:  794:/* 299 */	"call %0\nfstp %%st(0)\n",	/* stmt: CALLF8(addrj) */
        -:  795:/* 300 */	"# ret\n",	/* stmt: RETI4(reg) */
        -:  796:/* 301 */	"# ret\n",	/* stmt: RETU4(reg) */
        -:  797:/* 302 */	"# ret\n",	/* stmt: RETP4(reg) */
        -:  798:/* 303 */	"# ret\n",	/* stmt: RETF4(freg) */
        -:  799:/* 304 */	"# ret\n",	/* stmt: RETF8(freg) */
        -:  800:};
        -:  801:
        -:  802:static char _isinstruction[] = {
        -:  803:/* 0 */	0,
        -:  804:/* 1 */	1,	/* # read register\n */
        -:  805:/* 2 */	1,	/* # read register\n */
        -:  806:/* 3 */	1,	/* # read register\n */
        -:  807:/* 4 */	1,	/* # read register\n */
        -:  808:/* 5 */	1,	/* # read register\n */
        -:  809:/* 6 */	1,	/* # read register\n */
        -:  810:/* 7 */	1,	/* # read register\n */
        -:  811:/* 8 */	1,	/* # read register\n */
        -:  812:/* 9 */	1,	/* # read register\n */
        -:  813:/* 10 */	1,	/* # read register\n */
        -:  814:/* 11 */	1,	/* # read register\n */
        -:  815:/* 12 */	1,	/* # read register\n */
        -:  816:/* 13 */	1,	/* # write register\n */
        -:  817:/* 14 */	1,	/* # write register\n */
        -:  818:/* 15 */	1,	/* # write register\n */
        -:  819:/* 16 */	1,	/* # write register\n */
        -:  820:/* 17 */	1,	/* # write register\n */
        -:  821:/* 18 */	1,	/* # write register\n */
        -:  822:/* 19 */	1,	/* # write register\n */
        -:  823:/* 20 */	1,	/* # write register\n */
        -:  824:/* 21 */	1,	/* # write register\n */
        -:  825:/* 22 */	1,	/* # write register\n */
        -:  826:/* 23 */	1,	/* # write register\n */
        -:  827:/* 24 */	1,	/* # write register\n */
        -:  828:/* 25 */	0,	/* %a */
        -:  829:/* 26 */	0,	/* %a */
        -:  830:/* 27 */	0,	/* %a */
        -:  831:/* 28 */	0,	/* %a */
        -:  832:/* 29 */	0,	/* %a */
        -:  833:/* 30 */	0,	/* %a */
        -:  834:/* 31 */	0,	/* %a */
        -:  835:/* 32 */	0,	/* %a */
        -:  836:/* 33 */	0,	/* %a */
        -:  837:/* 34 */	0,	/* %a */
        -:  838:/* 35 */	0,	/* $%0 */
        -:  839:/* 36 */	0,	/*  */
        -:  840:/* 37 */	0,	/*  */
        -:  841:/* 38 */	0,	/* %a */
        -:  842:/* 39 */	0,	/* %a */
        -:  843:/* 40 */	0,	/* %0 */
        -:  844:/* 41 */	0,	/* %a */
        -:  845:/* 42 */	0,	/* (%0) */
        -:  846:/* 43 */	0,	/* %1(%0) */
        -:  847:/* 44 */	0,	/* %1(%0) */
        -:  848:/* 45 */	0,	/* %1(%0) */
        -:  849:/* 46 */	0,	/* %a(%%ebp) */
        -:  850:/* 47 */	0,	/* %a(%%ebp) */
        -:  851:/* 48 */	0,	/* %0 */
        -:  852:/* 49 */	0,	/* %0,2 */
        -:  853:/* 50 */	0,	/* %0,4 */
        -:  854:/* 51 */	0,	/* %0,8 */
        -:  855:/* 52 */	0,	/* %0,2 */
        -:  856:/* 53 */	0,	/* %0,4 */
        -:  857:/* 54 */	0,	/* %0,8 */
        -:  858:/* 55 */	0,	/* 1 */
        -:  859:/* 56 */	0,	/* 1 */
        -:  860:/* 57 */	0,	/* 1 */
        -:  861:/* 58 */	0,	/* 1 */
        -:  862:/* 59 */	0,	/* 2 */
        -:  863:/* 60 */	0,	/* 2 */
        -:  864:/* 61 */	0,	/* 3 */
        -:  865:/* 62 */	0,	/* 3 */
        -:  866:/* 63 */	0,	/* %0 */
        -:  867:/* 64 */	0,	/* %0 */
        -:  868:/* 65 */	0,	/* %1(,%0) */
        -:  869:/* 66 */	0,	/* %1(,%0) */
        -:  870:/* 67 */	0,	/* %1(,%0) */
        -:  871:/* 68 */	0,	/* %1(%0) */
        -:  872:/* 69 */	0,	/* %1(%0) */
        -:  873:/* 70 */	0,	/* %1(%0) */
        -:  874:/* 71 */	0,	/* (%1,%0) */
        -:  875:/* 72 */	0,	/* (%1,%0) */
        -:  876:/* 73 */	0,	/* (%1,%0) */
        -:  877:/* 74 */	0,	/* (,%0) */
        -:  878:/* 75 */	0,	/* %0 */
        -:  879:/* 76 */	0,	/* %0 */
        -:  880:/* 77 */	0,	/* %0 */
        -:  881:/* 78 */	0,	/* %0 */
        -:  882:/* 79 */	0,	/* %0 */
        -:  883:/* 80 */	0,	/* %0 */
        -:  884:/* 81 */	0,	/* %0 */
        -:  885:/* 82 */	0,	/* %0 */
        -:  886:/* 83 */	0,	/* %0 */
        -:  887:/* 84 */	0,	/* %0 */
        -:  888:/* 85 */	0,	/* %0 */
        -:  889:/* 86 */	0,	/* %0 */
        -:  890:/* 87 */	0,	/* %0 */
        -:  891:/* 88 */	0,	/* %0 */
        -:  892:/* 89 */	0,	/* %0 */
        -:  893:/* 90 */	0,	/* %0 */
        -:  894:/* 91 */	0,	/* %0 */
        -:  895:/* 92 */	0,	/* %0 */
        -:  896:/* 93 */	0,	/* %0 */
        -:  897:/* 94 */	1,	/* leal %0,%c\n */
        -:  898:/* 95 */	1,	/* movl %0,%c\n */
        -:  899:/* 96 */	1,	/* movb %0,%c\n */
        -:  900:/* 97 */	1,	/* movw %0,%c\n */
        -:  901:/* 98 */	1,	/* movl %0,%c\n */
        -:  902:/* 99 */	1,	/* # move\n */
        -:  903:/* 100 */	1,	/* # move\n */
        -:  904:/* 101 */	1,	/* # move\n */
        -:  905:/* 102 */	1,	/* # move\n */
        -:  906:/* 103 */	1,	/* # move\n */
        -:  907:/* 104 */	1,	/* # move\n */
        -:  908:/* 105 */	1,	/* # move\n */
        -:  909:/* 106 */	1,	/* ?movl %0,%c\naddl %1,%c\n */
        -:  910:/* 107 */	1,	/* ?movl %0,%c\naddl %1,%c\n */
        -:  911:/* 108 */	1,	/* ?movl %0,%c\naddl %1,%c\n */
        -:  912:/* 109 */	1,	/* ?movl %0,%c\nsubl %1,%c\n */
        -:  913:/* 110 */	1,	/* ?movl %0,%c\nsubl %1,%c\n */
        -:  914:/* 111 */	1,	/* ?movl %0,%c\nsubl %1,%c\n */
        -:  915:/* 112 */	1,	/* ?movl %0,%c\nandl %1,%c\n */
        -:  916:/* 113 */	1,	/* ?movl %0,%c\norl %1,%c\n */
        -:  917:/* 114 */	1,	/* ?movl %0,%c\nxorl %1,%c\n */
        -:  918:/* 115 */	1,	/* ?movl %0,%c\nandl %1,%c\n */
        -:  919:/* 116 */	1,	/* ?movl %0,%c\norl %1,%c\n */
        -:  920:/* 117 */	1,	/* ?movl %0,%c\nxorl %1,%c\n */
        -:  921:/* 118 */	1,	/* incl %1\n */
        -:  922:/* 119 */	1,	/* incl %1\n */
        -:  923:/* 120 */	1,	/* incl %1\n */
        -:  924:/* 121 */	1,	/* decl %1\n */
        -:  925:/* 122 */	1,	/* decl %1\n */
        -:  926:/* 123 */	1,	/* decl %1\n */
        -:  927:/* 124 */	1,	/* addl %2,%1\n */
        -:  928:/* 125 */	1,	/* sub %2,%1\n */
        -:  929:/* 126 */	1,	/* add %2,%1\n */
        -:  930:/* 127 */	1,	/* sub %2,%1\n */
        -:  931:/* 128 */	1,	/* andl %2,%1\n */
        -:  932:/* 129 */	1,	/* orl %2,%1\n */
        -:  933:/* 130 */	1,	/* xorl %2,%1\n */
        -:  934:/* 131 */	1,	/* andl %2,%1\n */
        -:  935:/* 132 */	1,	/* orl %2,%1\n */
        -:  936:/* 133 */	1,	/* xorl %2,%1\n */
        -:  937:/* 134 */	1,	/* ?movl %0,%c\nnotl %c\n */
        -:  938:/* 135 */	1,	/* ?movl %0,%c\nnotl %c\n */
        -:  939:/* 136 */	1,	/* ?movl %0,%c\nnegl %c\n */
        -:  940:/* 137 */	1,	/* notl %1\n */
        -:  941:/* 138 */	1,	/* notl %1\n */
        -:  942:/* 139 */	1,	/* negl %1\n */
        -:  943:/* 140 */	1,	/* ?movl %0,%c\nsall %1,%c\n */
        -:  944:/* 141 */	1,	/* ?movl %0,%c\nshll %1,%c\n */
        -:  945:/* 142 */	1,	/* ?movl %0,%c\nsarl %1,%c\n */
        -:  946:/* 143 */	1,	/* ?movl %0,%c\nshrl %1,%c\n */
        -:  947:/* 144 */	1,	/* sall %2,%1\n */
        -:  948:/* 145 */	1,	/* shll %2,%1\n */
        -:  949:/* 146 */	1,	/* sarl %2,%1\n */
        -:  950:/* 147 */	1,	/* shrl %2,%1\n */
        -:  951:/* 148 */	0,	/* $%a */
        -:  952:/* 149 */	0,	/* %%cl */
        -:  953:/* 150 */	1,	/* ?movl %0,%c\nimull %1,%c\n */
        -:  954:/* 151 */	1,	/* imul %0,%1,%c\n */
        -:  955:/* 152 */	1,	/* mull %1\n */
        -:  956:/* 153 */	1,	/* xorl %%edx,%%edx\ndivl %1\n */
        -:  957:/* 154 */	1,	/* xorl %%edx,%%edx\ndivl %1\n */
        -:  958:/* 155 */	1,	/* cdq\nidivl %1\n */
        -:  959:/* 156 */	1,	/* cdq\nidivl %1\n */
        -:  960:/* 157 */	1,	/* movl %0,%c\n */
        -:  961:/* 158 */	1,	/* movl %0,%c\n */
        -:  962:/* 159 */	1,	/* movsbl %0,%c\n */
        -:  963:/* 160 */	1,	/* movswl %0,%c\n */
        -:  964:/* 161 */	1,	/* movzbl %0,%c\n */
        -:  965:/* 162 */	1,	/* movzwl %0,%c\n */
        -:  966:/* 163 */	1,	/* # extend\n */
        -:  967:/* 164 */	1,	/* # extend\n */
        -:  968:/* 165 */	1,	/* # extend\n */
        -:  969:/* 166 */	1,	/* # extend\n */
        -:  970:/* 167 */	1,	/* # truncate\n */
        -:  971:/* 168 */	1,	/* # truncate\n */
        -:  972:/* 169 */	1,	/* # truncate\n */
        -:  973:/* 170 */	1,	/* # truncate\n */
        -:  974:/* 171 */	0,	/* %0 */
        -:  975:/* 172 */	0,	/* %0 */
        -:  976:/* 173 */	0,	/* $%a */
        -:  977:/* 174 */	0,	/* $%a */
        -:  978:/* 175 */	1,	/* movb %1,%0\n */
        -:  979:/* 176 */	1,	/* movw %1,%0\n */
        -:  980:/* 177 */	1,	/* movl %1,%0\n */
        -:  981:/* 178 */	1,	/* movb %1,%0\n */
        -:  982:/* 179 */	1,	/* movw %1,%0\n */
        -:  983:/* 180 */	1,	/* movl %1,%0\n */
        -:  984:/* 181 */	1,	/* movl %1,%0\n */
        -:  985:/* 182 */	1,	/* pushl %0\n */
        -:  986:/* 183 */	1,	/* pushl %0\n */
        -:  987:/* 184 */	1,	/* pushl %0\n */
        -:  988:/* 185 */	1,	/* movl $%a,%%ecx\nrep\nmovsb\n */
        -:  989:/* 186 */	1,	/* subl $%a,%%esp\nmovl %%esp,%%edi\nmovl $%a,%%ecx\nrep\nmovsb\n */
        -:  990:/* 187 */	0,	/* l %0 */
        -:  991:/* 188 */	0,	/* s %0 */
        -:  992:/* 189 */	0,	/* s %0 */
        -:  993:/* 190 */	0,	/* l %0 */
        -:  994:/* 191 */	1,	/* fld%0\n */
        -:  995:/* 192 */	1,	/* fstpl %0\n */
        -:  996:/* 193 */	1,	/* fstps %0\n */
        -:  997:/* 194 */	1,	/* fstps %0\n */
        -:  998:/* 195 */	1,	/* subl $8,%%esp\nfstpl (%%esp)\n */
        -:  999:/* 196 */	1,	/* subl $4,%%esp\nfstps (%%esp)\n */
        -: 1000:/* 197 */	1,	/* fchs\n */
        -: 1001:/* 198 */	1,	/* fchs\n */
        -: 1002:/* 199 */	0,	/* %0 */
        -: 1003:/* 200 */	0,	/* p %%st(1),%%st */
        -: 1004:/* 201 */	1,	/* fadd%1\n */
        -: 1005:/* 202 */	1,	/* fadd%1\n */
        -: 1006:/* 203 */	1,	/* fdiv%1\n */
        -: 1007:/* 204 */	1,	/* fdiv%1\n */
        -: 1008:/* 205 */	1,	/* fmul%1\n */
        -: 1009:/* 206 */	1,	/* fmul%1\n */
        -: 1010:/* 207 */	1,	/* fsub%1\n */
        -: 1011:/* 208 */	1,	/* fsub%1\n */
        -: 1012:/* 209 */	1,	/* # CVFF8\n */
        -: 1013:/* 210 */	1,	/* sub $4,%%esp\nfstps (%%esp)\nflds (%%esp)\naddl $4,%%esp\n */
        -: 1014:/* 211 */	1,	/* fistpl %0\n */
        -: 1015:/* 212 */	1,	/* subl $4,%%esp\nfistpl 0(%%esp)\npopl %c\n */
        -: 1016:/* 213 */	1,	/* fildl %0\n */
        -: 1017:/* 214 */	1,	/* pushl %0\nfildl (%%esp)\naddl $4,%%esp\n */
        -: 1018:/* 215 */	1,	/* fildl %0\n */
        -: 1019:/* 216 */	1,	/* pushl %0\nfildl (%%esp)\naddl $4,%%esp\n */
        -: 1020:/* 217 */	0,	/* %a */
        -: 1021:/* 218 */	0,	/* *%0 */
        -: 1022:/* 219 */	0,	/* *%0 */
        -: 1023:/* 220 */	1,	/* %a:\n */
        -: 1024:/* 221 */	1,	/* jmp %0\n */
        -: 1025:/* 222 */	1,	/* cmpl %1,%0\nje %a\n */
        -: 1026:/* 223 */	1,	/* cmpl %1,%0\njge %a\n */
        -: 1027:/* 224 */	1,	/* cmpl %1,%0\njg %a\n */
        -: 1028:/* 225 */	1,	/* cmpl %1,%0\njle %a\n */
        -: 1029:/* 226 */	1,	/* cmpl %1,%0\njl %a\n */
        -: 1030:/* 227 */	1,	/* cmpl %1,%0\njne %a\n */
        -: 1031:/* 228 */	1,	/* cmpl %1,%0\njae %a\n */
        -: 1032:/* 229 */	1,	/* cmpl %1,%0\nja  %a\n */
        -: 1033:/* 230 */	1,	/* cmpl %1,%0\njbe %a\n */
        -: 1034:/* 231 */	1,	/* cmpl %1,%0\njb  %a\n */
        -: 1035:/* 232 */	1,	/* cmpl %1,%0\nje %a\n */
        -: 1036:/* 233 */	1,	/* cmpl %1,%0\njge %a\n */
        -: 1037:/* 234 */	1,	/* cmpl %1,%0\njg %a\n */
        -: 1038:/* 235 */	1,	/* cmpl %1,%0\njle %a\n */
        -: 1039:/* 236 */	1,	/* cmpl %1,%0\njl %a\n */
        -: 1040:/* 237 */	1,	/* cmpl %1,%0\njne %a\n */
        -: 1041:/* 238 */	1,	/* cmpl %1,%0\nje %a\n */
        -: 1042:/* 239 */	1,	/* cmpl %1,%0\njae %a\n */
        -: 1043:/* 240 */	1,	/* cmpl %1,%0\nja %a\n */
        -: 1044:/* 241 */	1,	/* cmpl %1,%0\njbe %a\n */
        -: 1045:/* 242 */	1,	/* cmpl %1,%0\njb %a\n */
        -: 1046:/* 243 */	1,	/* cmpl %1,%0\njne %a\n */
        -: 1047:/* 244 */	1,	/* testl %1,%0\nje %a\n */
        -: 1048:/* 245 */	1,	/* testl %1,%0\njne %a\n */
        -: 1049:/* 246 */	1,	/* testw %1,%0\nje %a\n */
        -: 1050:/* 247 */	1,	/* testw %1,%0\njne %a\n */
        -: 1051:/* 248 */	1,	/* testw %1,%0\nje %a\n */
        -: 1052:/* 249 */	1,	/* testw %1,%0\njne %a\n */
        -: 1053:/* 250 */	1,	/* testb %1,%0\nje %a\n */
        -: 1054:/* 251 */	0,	/* l %0 */
        -: 1055:/* 252 */	0,	/* s %0 */
        -: 1056:/* 253 */	0,	/* s %0 */
        -: 1057:/* 254 */	0,	/* p */
        -: 1058:/* 255 */	1,	/* fcomp%0\nfstsw %%ax\nsahf\nje %a\n */
        -: 1059:/* 256 */	1,	/* fcomp%0\nfstsw %%ax\nsahf\njbe %a\n */
        -: 1060:/* 257 */	1,	/* fcomp%0\nfstsw %%ax\nsahf\njb %a\n */
        -: 1061:/* 258 */	1,	/* fcomp%0\nfstsw %%ax\nsahf\njae %a\n */
        -: 1062:/* 259 */	1,	/* fcomp%0\nfstsw %%ax\nsahf\nja %a\n */
        -: 1063:/* 260 */	1,	/* fcomp%0\nfstsw %%ax\nsahf\njne %a\n */
        -: 1064:/* 261 */	1,	/* fcomp%0\nfstsw %%ax\nsahf\nje %a\n */
        -: 1065:/* 262 */	1,	/* fcomp%0\nfstsw %%ax\nsahf\njbe %a\n */
        -: 1066:/* 263 */	1,	/* fcomp%0\nfstsw %%ax\nsahf\njb %a\n */
        -: 1067:/* 264 */	1,	/* fcomp%0\nfstsw %%ax\nsahf\njae %a\n */
        -: 1068:/* 265 */	1,	/* fcomp%0\nfstsw %%ax\nsahf\nja %a\n */
        -: 1069:/* 266 */	1,	/* fcomp%0\nfstsw %%ax\nsahf\njne %a\n */
        -: 1070:/* 267 */	1,	/* fidivl %1\n */
        -: 1071:/* 268 */	1,	/* fidivrl %0\n */
        -: 1072:/* 269 */	1,	/* fidivs %1\n */
        -: 1073:/* 270 */	1,	/* fidivrs %0\n */
        -: 1074:/* 271 */	1,	/* fimull %1\n */
        -: 1075:/* 272 */	1,	/* fimuls %1\n */
        -: 1076:/* 273 */	1,	/* fisubl %1\n */
        -: 1077:/* 274 */	1,	/* fisubrl %0\n */
        -: 1078:/* 275 */	1,	/* fisubs %1\n */
        -: 1079:/* 276 */	1,	/* fisubrs %0\n */
        -: 1080:/* 277 */	1,	/* fiaddl %1\n */
        -: 1081:/* 278 */	1,	/* fiadds %1\n */
        -: 1082:/* 279 */	1,	/* fdivs %1\n */
        -: 1083:/* 280 */	1,	/* fsubs %1\n */
        -: 1084:/* 281 */	1,	/* fmuls %1\n */
        -: 1085:/* 282 */	1,	/* fdivs %1\n */
        -: 1086:/* 283 */	1,	/* fld%0\n */
        -: 1087:/* 284 */	1,	/* call %0\naddl $%a,%%esp\n */
        -: 1088:/* 285 */	1,	/* call %0\naddl $%a,%%esp\n */
        -: 1089:/* 286 */	1,	/* call %0\naddl $%a,%%esp\n */
        -: 1090:/* 287 */	1,	/* call %0\n */
        -: 1091:/* 288 */	1,	/* call %0\n */
        -: 1092:/* 289 */	1,	/* call %0\n */
        -: 1093:/* 290 */	1,	/* call %0\naddl $%a,%%esp\n */
        -: 1094:/* 291 */	1,	/* call %0\n */
        -: 1095:/* 292 */	1,	/* call %0\naddl $%a,%%esp\n */
        -: 1096:/* 293 */	1,	/* call %0\n */
        -: 1097:/* 294 */	1,	/* call %0\naddl $%a,%%esp\nfstp %%st(0)\n */
        -: 1098:/* 295 */	1,	/* call %0\nfstp %%st(0)\n */
        -: 1099:/* 296 */	1,	/* call %0\naddl $%a,%%esp\n */
        -: 1100:/* 297 */	1,	/* call %0\n */
        -: 1101:/* 298 */	1,	/* call %0\naddl $%a,%%esp\nfstp %%st(0)\n */
        -: 1102:/* 299 */	1,	/* call %0\nfstp %%st(0)\n */
        -: 1103:/* 300 */	1,	/* # ret\n */
        -: 1104:/* 301 */	1,	/* # ret\n */
        -: 1105:/* 302 */	1,	/* # ret\n */
        -: 1106:/* 303 */	1,	/* # ret\n */
        -: 1107:/* 304 */	1,	/* # ret\n */
        -: 1108:};
        -: 1109:
        -: 1110:static char *_string[] = {
        -: 1111:/* 0 */	0,
        -: 1112:/* 1 */	"reg: INDIRI1(VREGP)",
        -: 1113:/* 2 */	"reg: INDIRU1(VREGP)",
        -: 1114:/* 3 */	"reg: INDIRI2(VREGP)",
        -: 1115:/* 4 */	"reg: INDIRU2(VREGP)",
        -: 1116:/* 5 */	"reg: INDIRI4(VREGP)",
        -: 1117:/* 6 */	"reg: INDIRP4(VREGP)",
        -: 1118:/* 7 */	"reg: INDIRU4(VREGP)",
        -: 1119:/* 8 */	"reg: INDIRI8(VREGP)",
        -: 1120:/* 9 */	"reg: INDIRP8(VREGP)",
        -: 1121:/* 10 */	"reg: INDIRU8(VREGP)",
        -: 1122:/* 11 */	"freg: INDIRF4(VREGP)",
        -: 1123:/* 12 */	"freg: INDIRF8(VREGP)",
        -: 1124:/* 13 */	"stmt: ASGNI1(VREGP,reg)",
        -: 1125:/* 14 */	"stmt: ASGNU1(VREGP,reg)",
        -: 1126:/* 15 */	"stmt: ASGNI2(VREGP,reg)",
        -: 1127:/* 16 */	"stmt: ASGNU2(VREGP,reg)",
        -: 1128:/* 17 */	"stmt: ASGNF4(VREGP,reg)",
        -: 1129:/* 18 */	"stmt: ASGNI4(VREGP,reg)",
        -: 1130:/* 19 */	"stmt: ASGNP4(VREGP,reg)",
        -: 1131:/* 20 */	"stmt: ASGNU4(VREGP,reg)",
        -: 1132:/* 21 */	"stmt: ASGNF8(VREGP,reg)",
        -: 1133:/* 22 */	"stmt: ASGNI8(VREGP,reg)",
        -: 1134:/* 23 */	"stmt: ASGNP8(VREGP,reg)",
        -: 1135:/* 24 */	"stmt: ASGNU8(VREGP,reg)",
        -: 1136:/* 25 */	"cnst: CNSTI1",
        -: 1137:/* 26 */	"cnst: CNSTU1",
        -: 1138:/* 27 */	"cnst: CNSTI2",
        -: 1139:/* 28 */	"cnst: CNSTU2",
        -: 1140:/* 29 */	"cnst: CNSTI4",
        -: 1141:/* 30 */	"cnst: CNSTU4",
        -: 1142:/* 31 */	"cnst: CNSTP4",
        -: 1143:/* 32 */	"cnst: CNSTI8",
        -: 1144:/* 33 */	"cnst: CNSTU8",
        -: 1145:/* 34 */	"cnst: CNSTP8",
        -: 1146:/* 35 */	"con: cnst",
        -: 1147:/* 36 */	"stmt: reg",
        -: 1148:/* 37 */	"stmt: freg",
        -: 1149:/* 38 */	"acon: ADDRGP4",
        -: 1150:/* 39 */	"acon: ADDRGP8",
        -: 1151:/* 40 */	"acon: cnst",
        -: 1152:/* 41 */	"baseaddr: ADDRGP4",
        -: 1153:/* 42 */	"base: reg",
        -: 1154:/* 43 */	"base: ADDI4(reg,acon)",
        -: 1155:/* 44 */	"base: ADDP4(reg,acon)",
        -: 1156:/* 45 */	"base: ADDU4(reg,acon)",
        -: 1157:/* 46 */	"base: ADDRFP4",
        -: 1158:/* 47 */	"base: ADDRLP4",
        -: 1159:/* 48 */	"index: reg",
        -: 1160:/* 49 */	"index: LSHI4(reg,con1)",
        -: 1161:/* 50 */	"index: LSHI4(reg,con2)",
        -: 1162:/* 51 */	"index: LSHI4(reg,con3)",
        -: 1163:/* 52 */	"index: LSHU4(reg,con1)",
        -: 1164:/* 53 */	"index: LSHU4(reg,con2)",
        -: 1165:/* 54 */	"index: LSHU4(reg,con3)",
        -: 1166:/* 55 */	"con0: CNSTI4",
        -: 1167:/* 56 */	"con0: CNSTU4",
        -: 1168:/* 57 */	"con1: CNSTI4",
        -: 1169:/* 58 */	"con1: CNSTU4",
        -: 1170:/* 59 */	"con2: CNSTI4",
        -: 1171:/* 60 */	"con2: CNSTU4",
        -: 1172:/* 61 */	"con3: CNSTI4",
        -: 1173:/* 62 */	"con3: CNSTU4",
        -: 1174:/* 63 */	"addr: base",
        -: 1175:/* 64 */	"addr: baseaddr",
        -: 1176:/* 65 */	"addr: ADDI4(index,baseaddr)",
        -: 1177:/* 66 */	"addr: ADDP4(index,baseaddr)",
        -: 1178:/* 67 */	"addr: ADDU4(index,baseaddr)",
        -: 1179:/* 68 */	"addr: ADDI4(reg,baseaddr)",
        -: 1180:/* 69 */	"addr: ADDP4(reg,baseaddr)",
        -: 1181:/* 70 */	"addr: ADDU4(reg,baseaddr)",
        -: 1182:/* 71 */	"addr: ADDI4(index,reg)",
        -: 1183:/* 72 */	"addr: ADDP4(index,reg)",
        -: 1184:/* 73 */	"addr: ADDU4(index,reg)",
        -: 1185:/* 74 */	"addr: index",
        -: 1186:/* 75 */	"mem1: INDIRI1(addr)",
        -: 1187:/* 76 */	"mem1: INDIRU1(addr)",
        -: 1188:/* 77 */	"mem2: INDIRI2(addr)",
        -: 1189:/* 78 */	"mem2: INDIRU2(addr)",
        -: 1190:/* 79 */	"mem4: INDIRI4(addr)",
        -: 1191:/* 80 */	"mem4: INDIRU4(addr)",
        -: 1192:/* 81 */	"mem4: INDIRP4(addr)",
        -: 1193:/* 82 */	"rc: reg",
        -: 1194:/* 83 */	"rc: con",
        -: 1195:/* 84 */	"mr: reg",
        -: 1196:/* 85 */	"mr: mem4",
        -: 1197:/* 86 */	"mr1: reg",
        -: 1198:/* 87 */	"mr1: mem1",
        -: 1199:/* 88 */	"mr2: reg",
        -: 1200:/* 89 */	"mr2: mem2",
        -: 1201:/* 90 */	"mrc: mem4",
        -: 1202:/* 91 */	"mrc: mem1",
        -: 1203:/* 92 */	"mrc: mem2",
        -: 1204:/* 93 */	"mrc: rc",
        -: 1205:/* 94 */	"reg: addr",
        -: 1206:/* 95 */	"reg: mr",
        -: 1207:/* 96 */	"reg: mr1",
        -: 1208:/* 97 */	"reg: mr2",
        -: 1209:/* 98 */	"reg: con",
        -: 1210:/* 99 */	"reg: LOADI1(reg)",
        -: 1211:/* 100 */	"reg: LOADI2(reg)",
        -: 1212:/* 101 */	"reg: LOADI4(reg)",
        -: 1213:/* 102 */	"reg: LOADU1(reg)",
        -: 1214:/* 103 */	"reg: LOADU2(reg)",
        -: 1215:/* 104 */	"reg: LOADU4(reg)",
        -: 1216:/* 105 */	"reg: LOADP4(reg)",
        -: 1217:/* 106 */	"reg: ADDI4(reg,mrc)",
        -: 1218:/* 107 */	"reg: ADDP4(reg,mrc)",
        -: 1219:/* 108 */	"reg: ADDU4(reg,mrc)",
        -: 1220:/* 109 */	"reg: SUBI4(reg,mrc)",
        -: 1221:/* 110 */	"reg: SUBP4(reg,mrc)",
        -: 1222:/* 111 */	"reg: SUBU4(reg,mrc)",
        -: 1223:/* 112 */	"reg: BANDI4(reg,mrc)",
        -: 1224:/* 113 */	"reg: BORI4(reg,mrc)",
        -: 1225:/* 114 */	"reg: BXORI4(reg,mrc)",
        -: 1226:/* 115 */	"reg: BANDU4(reg,mrc)",
        -: 1227:/* 116 */	"reg: BORU4(reg,mrc)",
        -: 1228:/* 117 */	"reg: BXORU4(reg,mrc)",
        -: 1229:/* 118 */	"stmt: ASGNI4(addr,ADDI4(mem4,con1))",
        -: 1230:/* 119 */	"stmt: ASGNI4(addr,ADDU4(mem4,con1))",
        -: 1231:/* 120 */	"stmt: ASGNP4(addr,ADDP4(mem4,con1))",
        -: 1232:/* 121 */	"stmt: ASGNI4(addr,SUBI4(mem4,con1))",
        -: 1233:/* 122 */	"stmt: ASGNI4(addr,SUBU4(mem4,con1))",
        -: 1234:/* 123 */	"stmt: ASGNP4(addr,SUBP4(mem4,con1))",
        -: 1235:/* 124 */	"stmt: ASGNI4(addr,ADDI4(mem4,rc))",
        -: 1236:/* 125 */	"stmt: ASGNI4(addr,SUBI4(mem4,rc))",
        -: 1237:/* 126 */	"stmt: ASGNU4(addr,ADDU4(mem4,rc))",
        -: 1238:/* 127 */	"stmt: ASGNU4(addr,SUBU4(mem4,rc))",
        -: 1239:/* 128 */	"stmt: ASGNI4(addr,BANDI4(mem4,rc))",
        -: 1240:/* 129 */	"stmt: ASGNI4(addr,BORI4(mem4,rc))",
        -: 1241:/* 130 */	"stmt: ASGNI4(addr,BXORI4(mem4,rc))",
        -: 1242:/* 131 */	"stmt: ASGNU4(addr,BANDU4(mem4,rc))",
        -: 1243:/* 132 */	"stmt: ASGNU4(addr,BORU4(mem4,rc))",
        -: 1244:/* 133 */	"stmt: ASGNU4(addr,BXORU4(mem4,rc))",
        -: 1245:/* 134 */	"reg: BCOMI4(reg)",
        -: 1246:/* 135 */	"reg: BCOMU4(reg)",
        -: 1247:/* 136 */	"reg: NEGI4(reg)",
        -: 1248:/* 137 */	"stmt: ASGNI4(addr,BCOMI4(mem4))",
        -: 1249:/* 138 */	"stmt: ASGNU4(addr,BCOMU4(mem4))",
        -: 1250:/* 139 */	"stmt: ASGNI4(addr,NEGI4(mem4))",
        -: 1251:/* 140 */	"reg: LSHI4(reg,rc5)",
        -: 1252:/* 141 */	"reg: LSHU4(reg,rc5)",
        -: 1253:/* 142 */	"reg: RSHI4(reg,rc5)",
        -: 1254:/* 143 */	"reg: RSHU4(reg,rc5)",
        -: 1255:/* 144 */	"stmt: ASGNI4(addr,LSHI4(mem4,rc5))",
        -: 1256:/* 145 */	"stmt: ASGNI4(addr,LSHU4(mem4,rc5))",
        -: 1257:/* 146 */	"stmt: ASGNI4(addr,RSHI4(mem4,rc5))",
        -: 1258:/* 147 */	"stmt: ASGNI4(addr,RSHU4(mem4,rc5))",
        -: 1259:/* 148 */	"rc5: CNSTI4",
        -: 1260:/* 149 */	"rc5: reg",
        -: 1261:/* 150 */	"reg: MULI4(reg,mrc)",
        -: 1262:/* 151 */	"reg: MULI4(con,mr)",
        -: 1263:/* 152 */	"reg: MULU4(reg,mr)",
        -: 1264:/* 153 */	"reg: DIVU4(reg,reg)",
        -: 1265:/* 154 */	"reg: MODU4(reg,reg)",
        -: 1266:/* 155 */	"reg: DIVI4(reg,reg)",
        -: 1267:/* 156 */	"reg: MODI4(reg,reg)",
        -: 1268:/* 157 */	"reg: CVPU4(reg)",
        -: 1269:/* 158 */	"reg: CVUP4(reg)",
        -: 1270:/* 159 */	"reg: CVII4(INDIRI1(addr))",
        -: 1271:/* 160 */	"reg: CVII4(INDIRI2(addr))",
        -: 1272:/* 161 */	"reg: CVUU4(INDIRU1(addr))",
        -: 1273:/* 162 */	"reg: CVUU4(INDIRU2(addr))",
        -: 1274:/* 163 */	"reg: CVII4(reg)",
        -: 1275:/* 164 */	"reg: CVIU4(reg)",
        -: 1276:/* 165 */	"reg: CVUI4(reg)",
        -: 1277:/* 166 */	"reg: CVUU4(reg)",
        -: 1278:/* 167 */	"reg: CVII1(reg)",
        -: 1279:/* 168 */	"reg: CVII2(reg)",
        -: 1280:/* 169 */	"reg: CVUU1(reg)",
        -: 1281:/* 170 */	"reg: CVUU2(reg)",
        -: 1282:/* 171 */	"mrca: mem4",
        -: 1283:/* 172 */	"mrca: rc",
        -: 1284:/* 173 */	"mrca: ADDRGP4",
        -: 1285:/* 174 */	"mrca: ADDRGP8",
        -: 1286:/* 175 */	"stmt: ASGNI1(addr,rc)",
        -: 1287:/* 176 */	"stmt: ASGNI2(addr,rc)",
        -: 1288:/* 177 */	"stmt: ASGNI4(addr,rc)",
        -: 1289:/* 178 */	"stmt: ASGNU1(addr,rc)",
        -: 1290:/* 179 */	"stmt: ASGNU2(addr,rc)",
        -: 1291:/* 180 */	"stmt: ASGNU4(addr,rc)",
        -: 1292:/* 181 */	"stmt: ASGNP4(addr,rc)",
        -: 1293:/* 182 */	"stmt: ARGI4(mrca)",
        -: 1294:/* 183 */	"stmt: ARGU4(mrca)",
        -: 1295:/* 184 */	"stmt: ARGP4(mrca)",
        -: 1296:/* 185 */	"stmt: ASGNB(reg,INDIRB(reg))",
        -: 1297:/* 186 */	"stmt: ARGB(INDIRB(reg))",
        -: 1298:/* 187 */	"memf: INDIRF8(addr)",
        -: 1299:/* 188 */	"memf: INDIRF4(addr)",
        -: 1300:/* 189 */	"memf: CVFF8(INDIRF4(addr))",
        -: 1301:/* 190 */	"memf: CVFF4(INDIRF8(addr))",
        -: 1302:/* 191 */	"freg: memf",
        -: 1303:/* 192 */	"stmt: ASGNF8(addr,freg)",
        -: 1304:/* 193 */	"stmt: ASGNF4(addr,freg)",
        -: 1305:/* 194 */	"stmt: ASGNF4(addr,CVFF4(freg))",
        -: 1306:/* 195 */	"stmt: ARGF8(freg)",
        -: 1307:/* 196 */	"stmt: ARGF4(freg)",
        -: 1308:/* 197 */	"freg: NEGF8(freg)",
        -: 1309:/* 198 */	"freg: NEGF4(freg)",
        -: 1310:/* 199 */	"flt: memf",
        -: 1311:/* 200 */	"flt: freg",
        -: 1312:/* 201 */	"freg: ADDF4(freg,flt)",
        -: 1313:/* 202 */	"freg: ADDF8(freg,flt)",
        -: 1314:/* 203 */	"freg: DIVF4(freg,flt)",
        -: 1315:/* 204 */	"freg: DIVF8(freg,flt)",
        -: 1316:/* 205 */	"freg: MULF4(freg,flt)",
        -: 1317:/* 206 */	"freg: MULF8(freg,flt)",
        -: 1318:/* 207 */	"freg: SUBF4(freg,flt)",
        -: 1319:/* 208 */	"freg: SUBF8(freg,flt)",
        -: 1320:/* 209 */	"freg: CVFF8(freg)",
        -: 1321:/* 210 */	"freg: CVFF4(freg)",
        -: 1322:/* 211 */	"stmt: ASGNI4(addr,CVFI4(freg))",
        -: 1323:/* 212 */	"reg: CVFI4(freg)",
        -: 1324:/* 213 */	"freg: CVIF8(INDIRI4(addr))",
        -: 1325:/* 214 */	"freg: CVIF8(reg)",
        -: 1326:/* 215 */	"freg: CVIF4(INDIRI4(addr))",
        -: 1327:/* 216 */	"freg: CVIF4(reg)",
        -: 1328:/* 217 */	"addrj: ADDRGP4",
        -: 1329:/* 218 */	"addrj: reg",
        -: 1330:/* 219 */	"addrj: mem4",
        -: 1331:/* 220 */	"stmt: LABELV",
        -: 1332:/* 221 */	"stmt: JUMPV(addrj)",
        -: 1333:/* 222 */	"stmt: EQI4(mem4,rc)",
        -: 1334:/* 223 */	"stmt: GEI4(mem4,rc)",
        -: 1335:/* 224 */	"stmt: GTI4(mem4,rc)",
        -: 1336:/* 225 */	"stmt: LEI4(mem4,rc)",
        -: 1337:/* 226 */	"stmt: LTI4(mem4,rc)",
        -: 1338:/* 227 */	"stmt: NEI4(mem4,rc)",
        -: 1339:/* 228 */	"stmt: GEU4(mem4,rc)",
        -: 1340:/* 229 */	"stmt: GTU4(mem4,rc)",
        -: 1341:/* 230 */	"stmt: LEU4(mem4,rc)",
        -: 1342:/* 231 */	"stmt: LTU4(mem4,rc)",
        -: 1343:/* 232 */	"stmt: EQI4(reg,mrc)",
        -: 1344:/* 233 */	"stmt: GEI4(reg,mrc)",
        -: 1345:/* 234 */	"stmt: GTI4(reg,mrc)",
        -: 1346:/* 235 */	"stmt: LEI4(reg,mrc)",
        -: 1347:/* 236 */	"stmt: LTI4(reg,mrc)",
        -: 1348:/* 237 */	"stmt: NEI4(reg,mrc)",
        -: 1349:/* 238 */	"stmt: EQU4(reg,mrc)",
        -: 1350:/* 239 */	"stmt: GEU4(reg,mrc)",
        -: 1351:/* 240 */	"stmt: GTU4(reg,mrc)",
        -: 1352:/* 241 */	"stmt: LEU4(reg,mrc)",
        -: 1353:/* 242 */	"stmt: LTU4(reg,mrc)",
        -: 1354:/* 243 */	"stmt: NEU4(reg,mrc)",
        -: 1355:/* 244 */	"stmt: EQI4(BANDU4(mr,con),con0)",
        -: 1356:/* 245 */	"stmt: NEI4(BANDU4(mr,con),con0)",
        -: 1357:/* 246 */	"stmt: EQI4(BANDU4(CVII2(INDIRI2(addr)),con),con0)",
        -: 1358:/* 247 */	"stmt: NEI4(BANDU4(CVII2(INDIRI2(addr)),con),con0)",
        -: 1359:/* 248 */	"stmt: EQI4(BANDU4(CVIU2(INDIRI2(addr)),con),con0)",
        -: 1360:/* 249 */	"stmt: NEI4(BANDU4(CVIU2(INDIRI2(addr)),con),con0)",
        -: 1361:/* 250 */	"stmt: EQI4(BANDU4(CVII1(INDIRI1(addr)),con),con0)",
        -: 1362:/* 251 */	"cmpf: INDIRF8(addr)",
        -: 1363:/* 252 */	"cmpf: INDIRF4(addr)",
        -: 1364:/* 253 */	"cmpf: CVFF8(INDIRF4(addr))",
        -: 1365:/* 254 */	"cmpf: freg",
        -: 1366:/* 255 */	"stmt: EQF8(cmpf,freg)",
        -: 1367:/* 256 */	"stmt: GEF8(cmpf,freg)",
        -: 1368:/* 257 */	"stmt: GTF8(cmpf,freg)",
        -: 1369:/* 258 */	"stmt: LEF8(cmpf,freg)",
        -: 1370:/* 259 */	"stmt: LTF8(cmpf,freg)",
        -: 1371:/* 260 */	"stmt: NEF8(cmpf,freg)",
        -: 1372:/* 261 */	"stmt: EQF4(cmpf,freg)",
        -: 1373:/* 262 */	"stmt: GEF4(cmpf,freg)",
        -: 1374:/* 263 */	"stmt: GTF4(cmpf,freg)",
        -: 1375:/* 264 */	"stmt: LEF4(cmpf,freg)",
        -: 1376:/* 265 */	"stmt: LTF4(cmpf,freg)",
        -: 1377:/* 266 */	"stmt: NEF4(cmpf,freg)",
        -: 1378:/* 267 */	"freg: DIVF8(freg,CVIF8(INDIRI4(addr)))",
        -: 1379:/* 268 */	"freg: DIVF8(CVIF8(INDIRI4(addr)),freg)",
        -: 1380:/* 269 */	"freg: DIVF8(freg,CVIF8(CVII2(INDIRI2(addr))))",
        -: 1381:/* 270 */	"freg: DIVF8(CVIF8(CVII2(INDIRI2(addr))),freg)",
        -: 1382:/* 271 */	"freg: MULF8(freg,CVIF8(INDIRI4(addr)))",
        -: 1383:/* 272 */	"freg: MULF8(freg,CVIF8(CVII2(INDIRI2(addr))))",
        -: 1384:/* 273 */	"freg: SUBF8(freg,CVIF8(INDIRI4(addr)))",
        -: 1385:/* 274 */	"freg: SUBF8(CVIF8(INDIRI4(addr)),freg)",
        -: 1386:/* 275 */	"freg: SUBF8(freg,CVIF8(CVII2(INDIRI2(addr))))",
        -: 1387:/* 276 */	"freg: SUBF8(CVIF8(CVII2(INDIRI2(addr))),freg)",
        -: 1388:/* 277 */	"freg: ADDF8(freg,CVIF8(INDIRI4(addr)))",
        -: 1389:/* 278 */	"freg: ADDF8(freg,CVIF8(CVII2(INDIRI2(addr))))",
        -: 1390:/* 279 */	"freg: ADDF8(freg,CVFF8(INDIRF4(addr)))",
        -: 1391:/* 280 */	"freg: SUBF8(freg,CVFF8(INDIRF4(addr)))",
        -: 1392:/* 281 */	"freg: MULF8(freg,CVFF8(INDIRF4(addr)))",
        -: 1393:/* 282 */	"freg: DIVF8(freg,CVFF8(INDIRF4(addr)))",
        -: 1394:/* 283 */	"freg: LOADF8(memf)",
        -: 1395:/* 284 */	"reg: CALLI4(addrj)",
        -: 1396:/* 285 */	"reg: CALLU4(addrj)",
        -: 1397:/* 286 */	"reg: CALLP4(addrj)",
        -: 1398:/* 287 */	"reg: CALLI4(addrj)",
        -: 1399:/* 288 */	"reg: CALLU4(addrj)",
        -: 1400:/* 289 */	"reg: CALLP4(addrj)",
        -: 1401:/* 290 */	"stmt: CALLV(addrj)",
        -: 1402:/* 291 */	"stmt: CALLV(addrj)",
        -: 1403:/* 292 */	"freg: CALLF4(addrj)",
        -: 1404:/* 293 */	"freg: CALLF4(addrj)",
        -: 1405:/* 294 */	"stmt: CALLF4(addrj)",
        -: 1406:/* 295 */	"stmt: CALLF4(addrj)",
        -: 1407:/* 296 */	"freg: CALLF8(addrj)",
        -: 1408:/* 297 */	"freg: CALLF8(addrj)",
        -: 1409:/* 298 */	"stmt: CALLF8(addrj)",
        -: 1410:/* 299 */	"stmt: CALLF8(addrj)",
        -: 1411:/* 300 */	"stmt: RETI4(reg)",
        -: 1412:/* 301 */	"stmt: RETU4(reg)",
        -: 1413:/* 302 */	"stmt: RETP4(reg)",
        -: 1414:/* 303 */	"stmt: RETF4(freg)",
        -: 1415:/* 304 */	"stmt: RETF8(freg)",
        -: 1416:};
        -: 1417:
        -: 1418:static short _decode_stmt[] = {
        -: 1419:	0,
        -: 1420:	13,
        -: 1421:	14,
        -: 1422:	15,
        -: 1423:	16,
        -: 1424:	17,
        -: 1425:	18,
        -: 1426:	19,
        -: 1427:	20,
        -: 1428:	21,
        -: 1429:	22,
        -: 1430:	23,
        -: 1431:	24,
        -: 1432:	36,
        -: 1433:	37,
        -: 1434:	118,
        -: 1435:	119,
        -: 1436:	120,
        -: 1437:	121,
        -: 1438:	122,
        -: 1439:	123,
        -: 1440:	124,
        -: 1441:	125,
        -: 1442:	126,
        -: 1443:	127,
        -: 1444:	128,
        -: 1445:	129,
        -: 1446:	130,
        -: 1447:	131,
        -: 1448:	132,
        -: 1449:	133,
        -: 1450:	137,
        -: 1451:	138,
        -: 1452:	139,
        -: 1453:	144,
        -: 1454:	145,
        -: 1455:	146,
        -: 1456:	147,
        -: 1457:	175,
        -: 1458:	176,
        -: 1459:	177,
        -: 1460:	178,
        -: 1461:	179,
        -: 1462:	180,
        -: 1463:	181,
        -: 1464:	182,
        -: 1465:	183,
        -: 1466:	184,
        -: 1467:	185,
        -: 1468:	186,
        -: 1469:	192,
        -: 1470:	193,
        -: 1471:	194,
        -: 1472:	195,
        -: 1473:	196,
        -: 1474:	211,
        -: 1475:	220,
        -: 1476:	221,
        -: 1477:	222,
        -: 1478:	223,
        -: 1479:	224,
        -: 1480:	225,
        -: 1481:	226,
        -: 1482:	227,
        -: 1483:	228,
        -: 1484:	229,
        -: 1485:	230,
        -: 1486:	231,
        -: 1487:	232,
        -: 1488:	233,
        -: 1489:	234,
        -: 1490:	235,
        -: 1491:	236,
        -: 1492:	237,
        -: 1493:	238,
        -: 1494:	239,
        -: 1495:	240,
        -: 1496:	241,
        -: 1497:	242,
        -: 1498:	243,
        -: 1499:	244,
        -: 1500:	245,
        -: 1501:	246,
        -: 1502:	247,
        -: 1503:	248,
        -: 1504:	249,
        -: 1505:	250,
        -: 1506:	255,
        -: 1507:	256,
        -: 1508:	257,
        -: 1509:	258,
        -: 1510:	259,
        -: 1511:	260,
        -: 1512:	261,
        -: 1513:	262,
        -: 1514:	263,
        -: 1515:	264,
        -: 1516:	265,
        -: 1517:	266,
        -: 1518:	290,
        -: 1519:	291,
        -: 1520:	294,
        -: 1521:	295,
        -: 1522:	298,
        -: 1523:	299,
        -: 1524:	300,
        -: 1525:	301,
        -: 1526:	302,
        -: 1527:	303,
        -: 1528:	304,
        -: 1529:};
        -: 1530:
        -: 1531:static short _decode_reg[] = {
        -: 1532:	0,
        -: 1533:	1,
        -: 1534:	2,
        -: 1535:	3,
        -: 1536:	4,
        -: 1537:	5,
        -: 1538:	6,
        -: 1539:	7,
        -: 1540:	8,
        -: 1541:	9,
        -: 1542:	10,
        -: 1543:	94,
        -: 1544:	95,
        -: 1545:	96,
        -: 1546:	97,
        -: 1547:	98,
        -: 1548:	99,
        -: 1549:	100,
        -: 1550:	101,
        -: 1551:	102,
        -: 1552:	103,
        -: 1553:	104,
        -: 1554:	105,
        -: 1555:	106,
        -: 1556:	107,
        -: 1557:	108,
        -: 1558:	109,
        -: 1559:	110,
        -: 1560:	111,
        -: 1561:	112,
        -: 1562:	113,
        -: 1563:	114,
        -: 1564:	115,
        -: 1565:	116,
        -: 1566:	117,
        -: 1567:	134,
        -: 1568:	135,
        -: 1569:	136,
        -: 1570:	140,
        -: 1571:	141,
        -: 1572:	142,
        -: 1573:	143,
        -: 1574:	150,
        -: 1575:	151,
        -: 1576:	152,
        -: 1577:	153,
        -: 1578:	154,
        -: 1579:	155,
        -: 1580:	156,
        -: 1581:	157,
        -: 1582:	158,
        -: 1583:	159,
        -: 1584:	160,
        -: 1585:	161,
        -: 1586:	162,
        -: 1587:	163,
        -: 1588:	164,
        -: 1589:	165,
        -: 1590:	166,
        -: 1591:	167,
        -: 1592:	168,
        -: 1593:	169,
        -: 1594:	170,
        -: 1595:	212,
        -: 1596:	284,
        -: 1597:	285,
        -: 1598:	286,
        -: 1599:	287,
        -: 1600:	288,
        -: 1601:	289,
        -: 1602:};
        -: 1603:
        -: 1604:static short _decode_freg[] = {
        -: 1605:	0,
        -: 1606:	11,
        -: 1607:	12,
        -: 1608:	191,
        -: 1609:	197,
        -: 1610:	198,
        -: 1611:	201,
        -: 1612:	202,
        -: 1613:	203,
        -: 1614:	204,
        -: 1615:	205,
        -: 1616:	206,
        -: 1617:	207,
        -: 1618:	208,
        -: 1619:	209,
        -: 1620:	210,
        -: 1621:	213,
        -: 1622:	214,
        -: 1623:	215,
        -: 1624:	216,
        -: 1625:	267,
        -: 1626:	268,
        -: 1627:	269,
        -: 1628:	270,
        -: 1629:	271,
        -: 1630:	272,
        -: 1631:	273,
        -: 1632:	274,
        -: 1633:	275,
        -: 1634:	276,
        -: 1635:	277,
        -: 1636:	278,
        -: 1637:	279,
        -: 1638:	280,
        -: 1639:	281,
        -: 1640:	282,
        -: 1641:	283,
        -: 1642:	292,
        -: 1643:	293,
        -: 1644:	296,
        -: 1645:	297,
        -: 1646:};
        -: 1647:
        -: 1648:static short _decode_cnst[] = {
        -: 1649:	0,
        -: 1650:	25,
        -: 1651:	26,
        -: 1652:	27,
        -: 1653:	28,
        -: 1654:	29,
        -: 1655:	30,
        -: 1656:	31,
        -: 1657:	32,
        -: 1658:	33,
        -: 1659:	34,
        -: 1660:};
        -: 1661:
        -: 1662:static short _decode_con[] = {
        -: 1663:	0,
        -: 1664:	35,
        -: 1665:};
        -: 1666:
        -: 1667:static short _decode_acon[] = {
        -: 1668:	0,
        -: 1669:	38,
        -: 1670:	39,
        -: 1671:	40,
        -: 1672:};
        -: 1673:
        -: 1674:static short _decode_baseaddr[] = {
        -: 1675:	0,
        -: 1676:	41,
        -: 1677:};
        -: 1678:
        -: 1679:static short _decode_base[] = {
        -: 1680:	0,
        -: 1681:	42,
        -: 1682:	43,
        -: 1683:	44,
        -: 1684:	45,
        -: 1685:	46,
        -: 1686:	47,
        -: 1687:};
        -: 1688:
        -: 1689:static short _decode_index[] = {
        -: 1690:	0,
        -: 1691:	48,
        -: 1692:	49,
        -: 1693:	50,
        -: 1694:	51,
        -: 1695:	52,
        -: 1696:	53,
        -: 1697:	54,
        -: 1698:};
        -: 1699:
        -: 1700:static short _decode_con1[] = {
        -: 1701:	0,
        -: 1702:	57,
        -: 1703:	58,
        -: 1704:};
        -: 1705:
        -: 1706:static short _decode_con2[] = {
        -: 1707:	0,
        -: 1708:	59,
        -: 1709:	60,
        -: 1710:};
        -: 1711:
        -: 1712:static short _decode_con3[] = {
        -: 1713:	0,
        -: 1714:	61,
        -: 1715:	62,
        -: 1716:};
        -: 1717:
        -: 1718:static short _decode_con0[] = {
        -: 1719:	0,
        -: 1720:	55,
        -: 1721:	56,
        -: 1722:};
        -: 1723:
        -: 1724:static short _decode_addr[] = {
        -: 1725:	0,
        -: 1726:	63,
        -: 1727:	64,
        -: 1728:	65,
        -: 1729:	66,
        -: 1730:	67,
        -: 1731:	68,
        -: 1732:	69,
        -: 1733:	70,
        -: 1734:	71,
        -: 1735:	72,
        -: 1736:	73,
        -: 1737:	74,
        -: 1738:};
        -: 1739:
        -: 1740:static short _decode_mem1[] = {
        -: 1741:	0,
        -: 1742:	75,
        -: 1743:	76,
        -: 1744:};
        -: 1745:
        -: 1746:static short _decode_mem2[] = {
        -: 1747:	0,
        -: 1748:	77,
        -: 1749:	78,
        -: 1750:};
        -: 1751:
        -: 1752:static short _decode_mem4[] = {
        -: 1753:	0,
        -: 1754:	79,
        -: 1755:	80,
        -: 1756:	81,
        -: 1757:};
        -: 1758:
        -: 1759:static short _decode_rc[] = {
        -: 1760:	0,
        -: 1761:	82,
        -: 1762:	83,
        -: 1763:};
        -: 1764:
        -: 1765:static short _decode_mr[] = {
        -: 1766:	0,
        -: 1767:	84,
        -: 1768:	85,
        -: 1769:};
        -: 1770:
        -: 1771:static short _decode_mr1[] = {
        -: 1772:	0,
        -: 1773:	86,
        -: 1774:	87,
        -: 1775:};
        -: 1776:
        -: 1777:static short _decode_mr2[] = {
        -: 1778:	0,
        -: 1779:	88,
        -: 1780:	89,
        -: 1781:};
        -: 1782:
        -: 1783:static short _decode_mrc[] = {
        -: 1784:	0,
        -: 1785:	90,
        -: 1786:	91,
        -: 1787:	92,
        -: 1788:	93,
        -: 1789:};
        -: 1790:
        -: 1791:static short _decode_rc5[] = {
        -: 1792:	0,
        -: 1793:	148,
        -: 1794:	149,
        -: 1795:};
        -: 1796:
        -: 1797:static short _decode_mrca[] = {
        -: 1798:	0,
        -: 1799:	171,
        -: 1800:	172,
        -: 1801:	173,
        -: 1802:	174,
        -: 1803:};
        -: 1804:
        -: 1805:static short _decode_memf[] = {
        -: 1806:	0,
        -: 1807:	187,
        -: 1808:	188,
        -: 1809:	189,
        -: 1810:	190,
        -: 1811:};
        -: 1812:
        -: 1813:static short _decode_flt[] = {
        -: 1814:	0,
        -: 1815:	199,
        -: 1816:	200,
        -: 1817:};
        -: 1818:
        -: 1819:static short _decode_addrj[] = {
        -: 1820:	0,
        -: 1821:	217,
        -: 1822:	218,
[...]
        1: 6591:        intreg[EAX]   = mkreg("%%eax", EAX, 1, IREG);
        1: 6592:        intreg[EDX]   = mkreg("%%edx", EDX, 1, IREG);
        1: 6593:        intreg[ECX]   = mkreg("%%ecx", ECX, 1, IREG);
        1: 6594:        intreg[EBX]   = mkreg("%%ebx", EBX, 1, IREG);
        1: 6595:        intreg[ESI]   = mkreg("%%esi", ESI, 1, IREG);
        1: 6596:        intreg[EDI]   = mkreg("%%edi", EDI, 1, IREG);
        1: 6597:        shortreg[EAX] = mkreg("%%ax", EAX, 1, IREG);
        1: 6598:        shortreg[ECX] = mkreg("%%cx", ECX, 1, IREG);
        1: 6599:        shortreg[EDX] = mkreg("%%dx", EDX, 1, IREG);
        1: 6600:        shortreg[EBX] = mkreg("%%bx", EBX, 1, IREG);
        1: 6601:        shortreg[ESI] = mkreg("%%si", ESI, 1, IREG);
        1: 6602:        shortreg[EDI] = mkreg("%%di", EDI, 1, IREG);
        1: 6603:        charreg[EAX]  = mkreg("%%al", EAX, 1, IREG);
        1: 6604:        charreg[ECX]  = mkreg("%%cl", ECX, 1, IREG);
        1: 6605:        charreg[EDX]  = mkreg("%%dl", EDX, 1, IREG);
        1: 6606:        charreg[EBX]  = mkreg("%%bl", EBX, 1, IREG);
        9: 6607:        for (i = 0; i < 8; i++)
        8: 6608:                fltreg[i] = mkreg("%d", i, 0, FREG);
        1: 6609:        charregw = mkwildcard(charreg);
        1: 6610:        shortregw = mkwildcard(shortreg);
        1: 6611:        intregw = mkwildcard(intreg);
        1: 6612:        fltregw = mkwildcard(fltreg);
        -: 6613:
        1: 6614:        tmask[IREG] = (1<<EDI) | (1<<ESI) | (1<<EBX)
        -: 6615:                    | (1<<EDX) | (1<<ECX) | (1<<EAX);
        1: 6616:        vmask[IREG] = 0;
        1: 6617:        tmask[FREG] = 0xff;
        1: 6618:        vmask[FREG] = 0;
        -: 6619:
        1: 6620:        cseg = 0;
        1: 6621:        quo = mkreg("%%eax", EAX, 1, IREG);
        1: 6622:        quo->x.regnode->mask |= 1<<EDX;
        1: 6623:        rem = mkreg("%%edx", EDX, 1, IREG);
        1: 6624:        rem->x.regnode->mask |= 1<<EAX;
        -: 6625:
        1: 6626:        stabprefix = ".LL";
        -: 6627:}
        -: 6628:
function rmap called 0 returned 0% blocks executed 0%
    #####: 6629:static Symbol rmap(int opk) {
    #####: 6630:        switch (optype(opk)) {
        -: 6631:        case B: case P:
    #####: 6632:                return intregw;
        -: 6633:        case I: case U:
    #####: 6634:                if (opsize(opk) == 1)
    #####: 6635:                        return charregw;
    #####: 6636:                else if (opsize(opk) == 2)
    #####: 6637:                        return shortregw;
        -: 6638:                else
    #####: 6639:                        return intregw;
        -: 6640:        case F:
    #####: 6641:                return fltregw;
        -: 6642:        default:
    #####: 6643:                return 0;
        -: 6644:        }
        -: 6645:}
        -: 6646:
        -: 6647:static Symbol prevg;
        -: 6648:
function globalend called 1 returned 100% blocks executed 40%
        1: 6649:static void globalend(void) {
        1: 6650:        if (prevg && prevg->type->size > 0)
    #####: 6651:                print(".size %s,%d\n", prevg->x.name, prevg->type->size);
        1: 6652:        prevg = NULL;
        -: 6653:}
        -: 6654:
function progend called 1 returned 100% blocks executed 100%
        1: 6655:static void progend(void) {
        1: 6656:        globalend();
        1: 6657:        (*IR->segment)(CODE);
        1: 6658:        print(".ident \"LCC: 4.1\"\n");
        -: 6659:}
        -: 6660:
function target called 0 returned 0% blocks executed 0%
    #####: 6661:static void target(Node p) {
    #####: 6662:        assert(p);
    #####: 6663:        switch (specific(p->op)) {
        -: 6664:        case RSH+I: case RSH+U: case LSH+I: case LSH+U:
    #####: 6665:                if (generic(p->kids[1]->op) != CNST
        -: 6666:                && !(   generic(p->kids[1]->op) == INDIR
        -: 6667:                     && specific(p->kids[1]->kids[0]->op) == VREG+P
        -: 6668:                     && p->kids[1]->syms[RX]->u.t.cse
        -: 6669:                     && generic(p->kids[1]->syms[RX]->u.t.cse->op) == CNST)) {
    #####: 6670:                        rtarget(p, 1, intreg[ECX]);
    #####: 6671:                        setreg(p, intreg[EAX]);
        -: 6672:                }
    #####: 6673:                break;
        -: 6674:        case MUL+U:
    #####: 6675:                setreg(p, quo);
    #####: 6676:                rtarget(p, 0, intreg[EAX]);
    #####: 6677:                break;
        -: 6678:        case DIV+I: case DIV+U:
    #####: 6679:                setreg(p, quo);
    #####: 6680:                rtarget(p, 0, intreg[EAX]);
    #####: 6681:                rtarget(p, 1, intreg[ECX]);
    #####: 6682:                break;
        -: 6683:        case MOD+I: case MOD+U:
    #####: 6684:                setreg(p, rem);
    #####: 6685:                rtarget(p, 0, intreg[EAX]);
    #####: 6686:                rtarget(p, 1, intreg[ECX]);
    #####: 6687:                break;
        -: 6688:        case ASGN+B:
    #####: 6689:                rtarget(p, 0, intreg[EDI]);
    #####: 6690:                rtarget(p->kids[1], 0, intreg[ESI]);
    #####: 6691:                break;
        -: 6692:        case ARG+B:
    #####: 6693:                rtarget(p->kids[0], 0, intreg[ESI]);
    #####: 6694:                break;
        -: 6695:        case CVF+I:
    #####: 6696:                setreg(p, intreg[EAX]);
    #####: 6697:                break;
        -: 6698:        case CALL+I: case CALL+U: case CALL+P: case CALL+V:
    #####: 6699:                setreg(p, intreg[EAX]);
    #####: 6700:                break;
        -: 6701:        case RET+I: case RET+U: case RET+P:
    #####: 6702:                rtarget(p, 0, intreg[EAX]);
    #####: 6703:                break;
        -: 6704:        }
        -: 6705:}
        -: 6706:
function clobber called 0 returned 0% blocks executed 0%
    #####: 6707:static void clobber(Node p) {
    #####: 6708:        static int nstack = 0;
        -: 6709:
    #####: 6710:        assert(p);
    #####: 6711:        nstack = ckstack(p, nstack);
    #####: 6712:        switch (specific(p->op)) {
        -: 6713:        case ASGN+B: case ARG+B:
    #####: 6714:                spill(1<<ECX | 1<<ESI | 1<<EDI, IREG, p);
    #####: 6715:                break;
        -: 6716:        case EQ+F: case LE+F: case GE+F: case LT+F: case GT+F: case NE+F:
    #####: 6717:                spill(1<<EAX, IREG, p);
    #####: 6718:                break;
        -: 6719:        case CALL+F:
    #####: 6720:                spill(1<<EDX | 1<<EAX | 1<<ECX, IREG, p);
    #####: 6721:                break;
        -: 6722:        case CALL+I: case CALL+U: case CALL+P: case CALL+V:
    #####: 6723:                spill(1<<EDX | 1<<ECX, IREG, p);
    #####: 6724:                break;
        -: 6725:        }
        -: 6726:}
        -: 6727:
function emit2 called 0 returned 0% blocks executed 0%
    #####: 6728:static void emit2(Node p) {
    #####: 6729:        int op = specific(p->op);
        -: 6730:#define preg(f) ((f)[getregnum(p->x.kids[0])]->x.name)
        -: 6731:
    #####: 6732:        if (op == CVI+I && opsize(p->op) == 4 && opsize(p->x.kids[0]->op) == 1)
    #####: 6733:                print("movsbl %s,%s\n", preg(charreg), p->syms[RX]->x.name);
    #####: 6734:        else if (op == CVI+U && opsize(p->op) == 4 && opsize(p->x.kids[0]->op) == 1)
    #####: 6735:                print("movsbl %s,%s\n", preg(charreg), p->syms[RX]->x.name);
    #####: 6736:        else if (op == CVI+I && opsize(p->op) == 4 && opsize(p->x.kids[0]->op) == 2)
    #####: 6737:                print("movswl %s,%s\n", preg(shortreg), p->syms[RX]->x.name);
    #####: 6738:        else if (op == CVI+U && opsize(p->op) == 4 && opsize(p->x.kids[0]->op) == 2)
    #####: 6739:                print("movswl %s,%s\n", preg(shortreg), p->syms[RX]->x.name);
    #####: 6740:        else if (op == CVU+I && opsize(p->op) == 4 && opsize(p->x.kids[0]->op) == 1)
    #####: 6741:                print("movzbl %s,%s\n", preg(charreg), p->syms[RX]->x.name);
    #####: 6742:        else if (op == CVU+U && opsize(p->op) == 4 && opsize(p->x.kids[0]->op) == 1)
    #####: 6743:                print("movzbl %s,%s\n", preg(charreg), p->syms[RX]->x.name);
    #####: 6744:        else if (op == CVU+I && opsize(p->op) == 4 && opsize(p->x.kids[0]->op) == 2)
    #####: 6745:                print("movzwl %s,%s\n", preg(shortreg), p->syms[RX]->x.name);
    #####: 6746:        else if (op == CVU+U && opsize(p->op) == 4 && opsize(p->x.kids[0]->op) == 2)
    #####: 6747:                print("movzwl %s,%s\n", preg(shortreg), p->syms[RX]->x.name);
    #####: 6748:        else if (generic(op) == CVI || generic(op) == CVU || generic(op) == LOAD) {
    #####: 6749:                char *dst = intreg[getregnum(p)]->x.name;
    #####: 6750:                char *src = preg(intreg);
    #####: 6751:                assert(opsize(p->op) <= opsize(p->x.kids[0]->op));
    #####: 6752:                if (dst != src)
    #####: 6753:                        print("movl %s,%s\n", src, dst);
        -: 6754:        }       
        -: 6755:}
        -: 6756:
function function called 0 returned 0% blocks executed 0%
    #####: 6757:static void function(Symbol f, Symbol caller[], Symbol callee[], int n) {
    #####: 6758:        int i;
        -: 6759:        
    #####: 6760:        globalend();
    #####: 6761:        print(".align 16\n");
    #####: 6762:        print(".type %s,@function\n", f->x.name);
    #####: 6763:        print("%s:\n", f->x.name);
    #####: 6764:        print("pushl %%ebp\n");
    #####: 6765:        if (pflag) {
    #####: 6766:                static int plab;
    #####: 6767:                print("movl %%esp,%%ebp\n");
    #####: 6768:                (*IR->segment)(DATA);
    #####: 6769:                print(".align 4\n.LP%d:\n.long 0\n", plab);
    #####: 6770:                (*IR->segment)(CODE);
    #####: 6771:                print("movl $.LP%d,%%edx\ncall mcount\n", plab);
    #####: 6772:                plab++;
        -: 6773:        }
    #####: 6774:        print("pushl %%ebx\n");
    #####: 6775:        print("pushl %%esi\n");
    #####: 6776:        print("pushl %%edi\n");
    #####: 6777:        print("movl %%esp,%%ebp\n");
        -: 6778:
    #####: 6779:        usedmask[0] = usedmask[1] = 0;
    #####: 6780:        freemask[0] = freemask[1] = ~0U;
    #####: 6781:        offset = 16 + 4;
    #####: 6782:        for (i = 0; callee[i]; i++) {
    #####: 6783:                Symbol p = callee[i];
    #####: 6784:                Symbol q = caller[i];
    #####: 6785:                assert(q);
    #####: 6786:                offset = roundup(offset, q->type->align);
    #####: 6787:                p->x.offset = q->x.offset = offset;
    #####: 6788:                p->x.name = q->x.name = stringf("%d", p->x.offset);
    #####: 6789:                p->sclass = q->sclass = AUTO;
    #####: 6790:                offset += roundup(q->type->size, 4);
        -: 6791:        }
    #####: 6792:        assert(caller[i] == 0);
    #####: 6793:        offset = maxoffset = 0;
    #####: 6794:        gencode(caller, callee);
    #####: 6795:        framesize = roundup(maxoffset, 4);
    #####: 6796:        if (framesize > 0)
    #####: 6797:                print("subl $%d,%%esp\n", framesize);
    #####: 6798:        emitcode();
    #####: 6799:        print("movl %%ebp,%%esp\n");
    #####: 6800:        print("popl %%edi\n");
    #####: 6801:        print("popl %%esi\n");
    #####: 6802:        print("popl %%ebx\n");
    #####: 6803:        print("popl %%ebp\n");
    #####: 6804:        print("ret\n");
    #####: 6805:        { int l = genlabel(1);
    #####: 6806:          print(".Lf%d:\n", l);
    #####: 6807:          print(".size %s,.Lf%d-%s\n", f->x.name, l, f->x.name);
        -: 6808:        }
        -: 6809:}
        -: 6810:
function defsymbol called 1 returned 100% blocks executed 40%
        1: 6811:static void defsymbol(Symbol p) {
        1: 6812:        if (p->scope >= LOCAL && p->sclass == STATIC)
    #####: 6813:                p->x.name = stringf("%s.%d", p->name, genlabel(1));
        1: 6814:        else if (p->generated)
    #####: 6815:                p->x.name = stringf(".LC%s", p->name);
        1: 6816:        else if (p->scope == GLOBAL || p->sclass == EXTERN)
        1: 6817:                p->x.name = stringf("%s", p->name);
        -: 6818:        else
    #####: 6819:                p->x.name = p->name;
        -: 6820:}
        -: 6821:
function segment called 1 returned 100% blocks executed 36%
        1: 6822:static void segment(int n) {
        1: 6823:        if (n == cseg)
    #####: 6824:                return;
        1: 6825:        cseg = n;
        1: 6826:        if (cseg == CODE)
        1: 6827:                print(".text\n");
    #####: 6828:        else if (cseg == BSS)
    #####: 6829:                print(".bss\n");
    #####: 6830:        else if (cseg == DATA || cseg == LIT)
    #####: 6831:                print(".data\n");
        -: 6832:}
        -: 6833:
function defconst called 0 returned 0% blocks executed 0%
    #####: 6834:static void defconst(int suffix, int size, Value v) {
    #####: 6835:        if (suffix == I && size == 1)
    #####: 6836:                print(".byte %d\n",   v.u);
    #####: 6837:        else if (suffix == I && size == 2)
    #####: 6838:                print(".word %d\n",   v.i);
    #####: 6839:        else if (suffix == I && size == 4)
    #####: 6840:                print(".long %d\n",   v.i);
    #####: 6841:        else if (suffix == U && size == 1)
    #####: 6842:                print(".byte %d\n", v.u);
    #####: 6843:        else if (suffix == U && size == 2)
    #####: 6844:                print(".word %d\n", v.u);
    #####: 6845:        else if (suffix == U && size == 4)
    #####: 6846:                print(".long %d\n", v.u);
    #####: 6847:        else if (suffix == P && size == 4)
    #####: 6848:                print(".long %d\n", v.p);
    #####: 6849:        else if (suffix == F && size == 4) {
    #####: 6850:                float f = v.d;
    #####: 6851:                print(".long %d\n", *(unsigned *)&f);
    #####: 6852:        } else if (suffix == F && size == 8) {
    #####: 6853:                double d = v.d;
    #####: 6854:                unsigned *p = (unsigned *)&d;
    #####: 6855:                print(".long %d\n.long %d\n", p[swap], p[!swap]);
        -: 6856:        }
    #####: 6857:        else assert(0);
        -: 6858:}
        -: 6859:
function defaddress called 0 returned 0% blocks executed 0%
    #####: 6860:static void defaddress(Symbol p) {
    #####: 6861:        print(".long %s\n", p->x.name);
        -: 6862:}
        -: 6863:
function defstring called 0 returned 0% blocks executed 0%
    #####: 6864:static void defstring(int n, char *str) {
    #####: 6865:        char *s;
        -: 6866:
    #####: 6867:        for (s = str; s < str + n; s++)
    #####: 6868:                print(".byte %d\n", (*s)&0377);
        -: 6869:}
        -: 6870:
function export called 0 returned 0% blocks executed 0%
    #####: 6871:static void export(Symbol p) {
    #####: 6872:        globalend();
    #####: 6873:        print(".globl %s\n", p->x.name);
        -: 6874:}
        -: 6875:
function import called 1 returned 100% blocks executed 100%
        1: 6876:static void import(Symbol p) {}
        -: 6877:
function global called 0 returned 0% blocks executed 0%
    #####: 6878:static void global(Symbol p) {
    #####: 6879:        globalend();
    #####: 6880:        print(".align %d\n", p->type->align > 4 ? 4 : p->type->align);
    #####: 6881:        if (!p->generated) {
    #####: 6882:                print(".type %s,@%s\n", p->x.name,
        -: 6883:                        isfunc(p->type) ? "function" : "object");
    #####: 6884:                if (p->type->size > 0)
    #####: 6885:                        print(".size %s,%d\n", p->x.name, p->type->size);
        -: 6886:                else
    #####: 6887:                        prevg = p;
        -: 6888:        }
    #####: 6889:        if (p->u.seg == BSS) {
    #####: 6890:                if (p->sclass == STATIC)
    #####: 6891:                        print(".lcomm %s,%d\n", p->x.name, p->type->size);
        -: 6892:                else
    #####: 6893:                        print(".comm %s,%d\n", p->x.name, p->type->size);
        -: 6894:        } else {
    #####: 6895:                print("%s:\n", p->x.name);
        -: 6896:        }
        -: 6897:}
        -: 6898:
function space called 0 returned 0% blocks executed 0%
    #####: 6899:static void space(int n) {
    #####: 6900:        if (cseg != BSS)
    #####: 6901:                print(".space %d\n", n);
        -: 6902:}
        -: 6903:
        -: 6904:Interface x86linuxIR = {
        -: 6905:        1, 1, 0,  /* char */
        -: 6906:        2, 2, 0,  /* short */
        -: 6907:        4, 4, 0,  /* int */
        -: 6908:        4, 4, 0,  /* long */
        -: 6909:        4, 4, 0,  /* long long */
        -: 6910:        4, 4, 1,  /* float */
        -: 6911:        8, 4, 1,  /* double */
        -: 6912:        8, 4, 1,  /* long double */
        -: 6913:        4, 4, 0,  /* T * */
        -: 6914:        0, 4, 0,  /* struct; so that ARGB keeps stack aligned */
        -: 6915:        1,        /* little_endian */
        -: 6916:        0,        /* mulops_calls */
        -: 6917:        0,        /* wants_callb */
        -: 6918:        1,        /* wants_argb */
        -: 6919:        0,        /* left_to_right */
        -: 6920:        0,        /* wants_dag */
        -: 6921:        0,        /* unsigned_char */
        -: 6922:        0, /* address */
        -: 6923:        blockbeg,
        -: 6924:        blockend,
        -: 6925:        defaddress,
        -: 6926:        defconst,
        -: 6927:        defstring,
        -: 6928:        defsymbol,
        -: 6929:        emit,
        -: 6930:        export,
        -: 6931:        function,
        -: 6932:        gen,
        -: 6933:        global,
        -: 6934:        import,
        -: 6935:        0, /* local */
        -: 6936:        progbeg,
        -: 6937:        progend,
        -: 6938:        segment,
        -: 6939:        space,
        -: 6940:        stabblock, stabend, 0, stabinit, stabline, stabsym, stabtype,
        -: 6941:        {1, rmap,
        -: 6942:            0, 0, 0,    /* blkfetch, blkstore, blkloop */
        -: 6943:            _label,
        -: 6944:            _rule,
        -: 6945:            _nts,
        -: 6946:            _kids,
        -: 6947:            _string,
        -: 6948:            _templates,
        -: 6949:            _isinstruction,
        -: 6950:            _ntname,
        -: 6951:            emit2,
        -: 6952:            0, /* doarg */
        -: 6953:            target,
        -: 6954:            clobber,
        -: 6955:        }
        -: 6956:};
        -: 6957:
function x86linux_init called 1 returned 100% blocks executed 56%
        1: 6958:void x86linux_init(int argc, char *argv[]) {
        1: 6959:        static int inited;
        -: 6960:        extern Interface x86IR;
        -: 6961:
        1: 6962:        if (inited)
    #####: 6963:                return;
        1: 6964:        inited = 1;
        -: 6965:#define xx(f) assert(!x86linuxIR.f); x86linuxIR.f = x86IR.f
        1: 6966:        xx(address);
        1: 6967:        xx(local);
        1: 6968:        xx(x.blkfetch);
        1: 6969:        xx(x.blkstore);
        1: 6970:        xx(x.blkloop);
        1: 6971:        xx(x.doarg);
        -: 6972:#undef xx
        -: 6973:}
