        -:    0:Source:comm/arith.c
        -:    0:Graph:comm/arith.gcno
        -:    0:Data:comm/arith.gcda
        -:    0:Runs:1
        -:    0:Programs:1
        -:    1:#include "arith.h"
        -:    2:
function add called 1 returned 100% blocks executed 100%
        1:    3:int add(int a, int b) {
        1:    4:  return a+b;
        -:    5:}
        -:    6:
function minus called 0 returned 0% blocks executed 0%
    #####:    7:int minus(int a, int b) {
    #####:    8:  return a-b;
        -:    9:}
        -:   10:
function multiple called 0 returned 0% blocks executed 0%
    #####:   11:int multiple(int a, int b) {
    #####:   12:  return a * b;
        -:   13:}
        -:   14:
function divide called 1 returned 100% blocks executed 100%
        1:   15:int divide(int a, int b) {
        1:   16:  return a/b;
        -:   17:}
